\BOOKMARK [2][]{Outline0.1}{Motiva\347\365es}{}% 1
\BOOKMARK [2][]{Outline0.2}{Motiva\347\365es}{}% 2
\BOOKMARK [2][]{Outline0.3}{Motiva\347\365es}{}% 3
\BOOKMARK [2][]{Outline0.4}{Motiva\347\365es}{}% 4
\BOOKMARK [2][]{Outline0.5}{Motiva\347\365es}{}% 5
\BOOKMARK [2][]{Outline0.6}{O que \351 um Ambiente Unificado?}{}% 6
\BOOKMARK [2][]{Outline0.7}{O que \351 um Ambiente Unificado?}{}% 7
\BOOKMARK [2][]{Outline0.8}{O que \351 um Ambiente Unificado?}{}% 8
\BOOKMARK [2][]{Outline0.9}{O que \351 um Ambiente Unificado?}{}% 9
\BOOKMARK [2][]{Outline0.10}{O que \351 um Ambiente Unificado?}{}% 10
\BOOKMARK [2][]{Outline0.11}{O que \351 um Ambiente Unificado?}{}% 11
\BOOKMARK [2][]{Outline0.12}{Open Source}{}% 12
\BOOKMARK [2][]{Outline0.13}{Open Source}{}% 13
\BOOKMARK [2][]{Outline0.14}{Open Source}{}% 14
\BOOKMARK [2][]{Outline0.15}{Open Source}{}% 15
\BOOKMARK [2][]{Outline0.16}{Open Source}{}% 16
\BOOKMARK [2][]{Outline0.17}{Open Source}{}% 17
\BOOKMARK [2][]{Outline0.18}{Instala\347\343o em Linux/Unix}{}% 18
\BOOKMARK [2][]{Outline0.19}{Instala\347\343o em Linux/Unix}{}% 19
\BOOKMARK [2][]{Outline0.20}{Instala\347\343o em Windows}{}% 20
\BOOKMARK [2][]{Outline0.21}{Instala\347\343o em Windows}{}% 21
\BOOKMARK [2][]{Outline0.22}{TeXstudio, funcionalidades}{}% 22
\BOOKMARK [2][]{Outline0.23}{TeXstudio, funcionalidades}{}% 23
\BOOKMARK [2][]{Outline0.24}{Pacotes, Documenta\347\343o, e Templates}{}% 24
\BOOKMARK [2][]{Outline0.25}{Utiliza\347\343o de Template}{}% 25
\BOOKMARK [2][]{Outline0.26}{Exerc\355cios}{}% 26
