This is pdfTeX, Version 3.14159265-2.6-1.40.21 (MiKTeX 2.9.7400 64-bit) (preloaded format=pdflatex 2020.5.10)  23 JUN 2020 14:40
entering extended mode
**./lista3.tex
(lista3.tex
LaTeX2e <2020-02-02> patch level 5
L3 programming layer <2020-04-06>
("C:\Users\Cliente\AppData\Local\Programs\MiKTeX 2.9\tex/latex/beamer\beamer.cl
s"
Document Class: beamer 2020/05/06 v3.58 A class for typesetting presentations

("C:\Users\Cliente\AppData\Local\Programs\MiKTeX 2.9\tex/latex/beamer\beamerbas
emodes.sty"
("C:\Users\Cliente\AppData\Local\Programs\MiKTeX 2.9\tex/latex/etoolbox\etoolbo
x.sty"
Package: etoolbox 2019/09/21 v2.5h e-TeX tools for LaTeX (JAW)
\etb@tempcnta=\count167
)
\beamer@tempbox=\box45
\beamer@tempcount=\count168
\c@beamerpauses=\count169

("C:\Users\Cliente\AppData\Local\Programs\MiKTeX 2.9\tex/latex/beamer\beamerbas
edecode.sty"
\beamer@slideinframe=\count170
\beamer@minimum=\count171
\beamer@decode@box=\box46
)
\beamer@commentbox=\box47
\beamer@modecount=\count172
)
("C:\Users\Cliente\AppData\Local\Programs\MiKTeX 2.9\tex/generic/iftex\ifpdf.st
y"
Package: ifpdf 2019/10/25 v3.4 ifpdf legacy package. Use iftex instead.

("C:\Users\Cliente\AppData\Local\Programs\MiKTeX 2.9\tex/generic/iftex\iftex.st
y"
Package: iftex 2020/03/06 v1.0d TeX engine tests
))
\headdp=\dimen134
\footheight=\dimen135
\sidebarheight=\dimen136
\beamer@tempdim=\dimen137
\beamer@finalheight=\dimen138
\beamer@animht=\dimen139
\beamer@animdp=\dimen140
\beamer@animwd=\dimen141
\beamer@leftmargin=\dimen142
\beamer@rightmargin=\dimen143
\beamer@leftsidebar=\dimen144
\beamer@rightsidebar=\dimen145
\beamer@boxsize=\dimen146
\beamer@vboxoffset=\dimen147
\beamer@descdefault=\dimen148
\beamer@descriptionwidth=\dimen149
\beamer@lastskip=\skip47
\beamer@areabox=\box48
\beamer@animcurrent=\box49
\beamer@animshowbox=\box50
\beamer@sectionbox=\box51
\beamer@logobox=\box52
\beamer@linebox=\box53
\beamer@sectioncount=\count173
\beamer@subsubsectionmax=\count174
\beamer@subsectionmax=\count175
\beamer@sectionmax=\count176
\beamer@totalheads=\count177
\beamer@headcounter=\count178
\beamer@partstartpage=\count179
\beamer@sectionstartpage=\count180
\beamer@subsectionstartpage=\count181
\beamer@animationtempa=\count182
\beamer@animationtempb=\count183
\beamer@xpos=\count184
\beamer@ypos=\count185
\beamer@ypos@offset=\count186
\beamer@showpartnumber=\count187
\beamer@currentsubsection=\count188
\beamer@coveringdepth=\count189
\beamer@sectionadjust=\count190
\beamer@tocsectionnumber=\count191

("C:\Users\Cliente\AppData\Local\Programs\MiKTeX 2.9\tex/latex/beamer\beamerbas
eoptions.sty"
("C:\Users\Cliente\AppData\Local\Programs\MiKTeX 2.9\tex/latex/graphics\keyval.
sty"
Package: keyval 2014/10/28 v1.15 key=value parser (DPC)
\KV@toks@=\toks15
))
\beamer@paperwidth=\skip48
\beamer@paperheight=\skip49

("C:\Users\Cliente\AppData\Local\Programs\MiKTeX 2.9\tex/latex/geometry\geometr
y.sty"
Package: geometry 2020/01/02 v5.9 Page Geometry

("C:\Users\Cliente\AppData\Local\Programs\MiKTeX 2.9\tex/generic/iftex\ifvtex.s
ty"
Package: ifvtex 2019/10/25 v1.7 ifvtex legacy package. Use iftex instead.
)
\Gm@cnth=\count192
\Gm@cntv=\count193
\c@Gm@tempcnt=\count194
\Gm@bindingoffset=\dimen150
\Gm@wd@mp=\dimen151
\Gm@odd@mp=\dimen152
\Gm@even@mp=\dimen153
\Gm@layoutwidth=\dimen154
\Gm@layoutheight=\dimen155
\Gm@layouthoffset=\dimen156
\Gm@layoutvoffset=\dimen157
\Gm@dimlist=\toks16

("C:\Users\Cliente\AppData\Local\Programs\MiKTeX 2.9\tex/latex/geometry\geometr
y.cfg"))
("C:\Users\Cliente\AppData\Local\Programs\MiKTeX 2.9\tex/latex/base\size11.clo"
File: size11.clo 2019/12/20 v1.4l Standard LaTeX file (size option)
)
("C:\Users\Cliente\AppData\Local\Programs\MiKTeX 2.9\tex/latex/pgf/basiclayer\p
gfcore.sty"
("C:\Users\Cliente\AppData\Local\Programs\MiKTeX 2.9\tex/latex/graphics\graphic
x.sty"
Package: graphicx 2019/11/30 v1.2a Enhanced LaTeX Graphics (DPC,SPQR)

("C:\Users\Cliente\AppData\Local\Programs\MiKTeX 2.9\tex/latex/graphics\graphic
s.sty"
Package: graphics 2019/11/30 v1.4a Standard LaTeX Graphics (DPC,SPQR)

("C:\Users\Cliente\AppData\Local\Programs\MiKTeX 2.9\tex/latex/graphics\trig.st
y"
Package: trig 2016/01/03 v1.10 sin cos tan (DPC)
)
("C:\Users\Cliente\AppData\Local\Programs\MiKTeX 2.9\tex/latex/graphics-cfg\gra
phics.cfg"
File: graphics.cfg 2016/06/04 v1.11 sample graphics configuration
)
Package graphics Info: Driver file: pdftex.def on input line 105.

("C:\Users\Cliente\AppData\Local\Programs\MiKTeX 2.9\tex/latex/graphics-def\pdf
tex.def"
File: pdftex.def 2018/01/08 v1.0l Graphics/color driver for pdftex
))
\Gin@req@height=\dimen158
\Gin@req@width=\dimen159
)
("C:\Users\Cliente\AppData\Local\Programs\MiKTeX 2.9\tex/latex/pgf/systemlayer\
pgfsys.sty"
("C:\Users\Cliente\AppData\Local\Programs\MiKTeX 2.9\tex/latex/pgf/utilities\pg
frcs.sty"
("C:\Users\Cliente\AppData\Local\Programs\MiKTeX 2.9\tex/generic/pgf/utilities\
pgfutil-common.tex"
\pgfutil@everybye=\toks17
\pgfutil@tempdima=\dimen160
\pgfutil@tempdimb=\dimen161

("C:\Users\Cliente\AppData\Local\Programs\MiKTeX 2.9\tex/generic/pgf/utilities\
pgfutil-common-lists.tex"))
("C:\Users\Cliente\AppData\Local\Programs\MiKTeX 2.9\tex/generic/pgf/utilities\
pgfutil-latex.def"
\pgfutil@abb=\box54

("C:\Users\Cliente\AppData\Local\Programs\MiKTeX 2.9\tex/latex/ms\everyshi.sty"
Package: everyshi 2001/05/15 v3.00 EveryShipout Package (MS)
))
("C:\Users\Cliente\AppData\Local\Programs\MiKTeX 2.9\tex/generic/pgf/utilities\
pgfrcs.code.tex"
("C:\Users\Cliente\AppData\Local\Programs\MiKTeX 2.9\tex/generic/pgf\pgf.revisi
on.tex")
Package: pgfrcs 2020/01/08 v3.1.5b (3.1.5b)
))
("C:\Users\Cliente\AppData\Local\Programs\MiKTeX 2.9\tex/generic/pgf/systemlaye
r\pgfsys.code.tex"
Package: pgfsys 2020/01/08 v3.1.5b (3.1.5b)

("C:\Users\Cliente\AppData\Local\Programs\MiKTeX 2.9\tex/generic/pgf/utilities\
pgfkeys.code.tex"
\pgfkeys@pathtoks=\toks18
\pgfkeys@temptoks=\toks19

("C:\Users\Cliente\AppData\Local\Programs\MiKTeX 2.9\tex/generic/pgf/utilities\
pgfkeysfiltered.code.tex"
\pgfkeys@tmptoks=\toks20
))
\pgf@x=\dimen162
\pgf@y=\dimen163
\pgf@xa=\dimen164
\pgf@ya=\dimen165
\pgf@xb=\dimen166
\pgf@yb=\dimen167
\pgf@xc=\dimen168
\pgf@yc=\dimen169
\pgf@xd=\dimen170
\pgf@yd=\dimen171
\w@pgf@writea=\write3
\r@pgf@reada=\read2
\c@pgf@counta=\count195
\c@pgf@countb=\count196
\c@pgf@countc=\count197
\c@pgf@countd=\count198
\t@pgf@toka=\toks21
\t@pgf@tokb=\toks22
\t@pgf@tokc=\toks23
\pgf@sys@id@count=\count199

("C:\Users\Cliente\AppData\Local\Programs\MiKTeX 2.9\tex/generic/pgf/systemlaye
r\pgf.cfg"
File: pgf.cfg 2020/01/08 v3.1.5b (3.1.5b)
)
Driver file for pgf: pgfsys-pdftex.def

("C:\Users\Cliente\AppData\Local\Programs\MiKTeX 2.9\tex/generic/pgf/systemlaye
r\pgfsys-pdftex.def"
File: pgfsys-pdftex.def 2020/01/08 v3.1.5b (3.1.5b)

("C:\Users\Cliente\AppData\Local\Programs\MiKTeX 2.9\tex/generic/pgf/systemlaye
r\pgfsys-common-pdf.def"
File: pgfsys-common-pdf.def 2020/01/08 v3.1.5b (3.1.5b)
)))
("C:\Users\Cliente\AppData\Local\Programs\MiKTeX 2.9\tex/generic/pgf/systemlaye
r\pgfsyssoftpath.code.tex"
File: pgfsyssoftpath.code.tex 2020/01/08 v3.1.5b (3.1.5b)
\pgfsyssoftpath@smallbuffer@items=\count266
\pgfsyssoftpath@bigbuffer@items=\count267
)
("C:\Users\Cliente\AppData\Local\Programs\MiKTeX 2.9\tex/generic/pgf/systemlaye
r\pgfsysprotocol.code.tex"
File: pgfsysprotocol.code.tex 2020/01/08 v3.1.5b (3.1.5b)
))
("C:\Users\Cliente\AppData\Local\Programs\MiKTeX 2.9\tex/latex/xcolor\xcolor.st
y"
Package: xcolor 2016/05/11 v2.12 LaTeX color extensions (UK)

("C:\Users\Cliente\AppData\Local\Programs\MiKTeX 2.9\tex/latex/graphics-cfg\col
or.cfg"
File: color.cfg 2016/01/02 v1.6 sample color configuration
)
Package xcolor Info: Driver file: pdftex.def on input line 225.
Package xcolor Info: Model `cmy' substituted by `cmy0' on input line 1348.
Package xcolor Info: Model `hsb' substituted by `rgb' on input line 1352.
Package xcolor Info: Model `RGB' extended on input line 1364.
Package xcolor Info: Model `HTML' substituted by `rgb' on input line 1366.
Package xcolor Info: Model `Hsb' substituted by `hsb' on input line 1367.
Package xcolor Info: Model `tHsb' substituted by `hsb' on input line 1368.
Package xcolor Info: Model `HSB' substituted by `hsb' on input line 1369.
Package xcolor Info: Model `Gray' substituted by `gray' on input line 1370.
Package xcolor Info: Model `wave' substituted by `hsb' on input line 1371.
)
("C:\Users\Cliente\AppData\Local\Programs\MiKTeX 2.9\tex/generic/pgf/basiclayer
\pgfcore.code.tex"
Package: pgfcore 2020/01/08 v3.1.5b (3.1.5b)

("C:\Users\Cliente\AppData\Local\Programs\MiKTeX 2.9\tex/generic/pgf/math\pgfma
th.code.tex"
("C:\Users\Cliente\AppData\Local\Programs\MiKTeX 2.9\tex/generic/pgf/math\pgfma
thcalc.code.tex"
("C:\Users\Cliente\AppData\Local\Programs\MiKTeX 2.9\tex/generic/pgf/math\pgfma
thutil.code.tex")
("C:\Users\Cliente\AppData\Local\Programs\MiKTeX 2.9\tex/generic/pgf/math\pgfma
thparser.code.tex"
\pgfmath@dimen=\dimen172
\pgfmath@count=\count268
\pgfmath@box=\box55
\pgfmath@toks=\toks24
\pgfmath@stack@operand=\toks25
\pgfmath@stack@operation=\toks26
)
("C:\Users\Cliente\AppData\Local\Programs\MiKTeX 2.9\tex/generic/pgf/math\pgfma
thfunctions.code.tex"
("C:\Users\Cliente\AppData\Local\Programs\MiKTeX 2.9\tex/generic/pgf/math\pgfma
thfunctions.basic.code.tex")
("C:\Users\Cliente\AppData\Local\Programs\MiKTeX 2.9\tex/generic/pgf/math\pgfma
thfunctions.trigonometric.code.tex")
("C:\Users\Cliente\AppData\Local\Programs\MiKTeX 2.9\tex/generic/pgf/math\pgfma
thfunctions.random.code.tex")
("C:\Users\Cliente\AppData\Local\Programs\MiKTeX 2.9\tex/generic/pgf/math\pgfma
thfunctions.comparison.code.tex")
("C:\Users\Cliente\AppData\Local\Programs\MiKTeX 2.9\tex/generic/pgf/math\pgfma
thfunctions.base.code.tex")
("C:\Users\Cliente\AppData\Local\Programs\MiKTeX 2.9\tex/generic/pgf/math\pgfma
thfunctions.round.code.tex")
("C:\Users\Cliente\AppData\Local\Programs\MiKTeX 2.9\tex/generic/pgf/math\pgfma
thfunctions.misc.code.tex")
("C:\Users\Cliente\AppData\Local\Programs\MiKTeX 2.9\tex/generic/pgf/math\pgfma
thfunctions.integerarithmetics.code.tex")))
("C:\Users\Cliente\AppData\Local\Programs\MiKTeX 2.9\tex/generic/pgf/math\pgfma
thfloat.code.tex"
\c@pgfmathroundto@lastzeros=\count269
))
("C:\Users\Cliente\AppData\Local\Programs\MiKTeX 2.9\tex/generic/pgf/math\pgfin
t.code.tex")
("C:\Users\Cliente\AppData\Local\Programs\MiKTeX 2.9\tex/generic/pgf/basiclayer
\pgfcorepoints.code.tex"
File: pgfcorepoints.code.tex 2020/01/08 v3.1.5b (3.1.5b)
\pgf@picminx=\dimen173
\pgf@picmaxx=\dimen174
\pgf@picminy=\dimen175
\pgf@picmaxy=\dimen176
\pgf@pathminx=\dimen177
\pgf@pathmaxx=\dimen178
\pgf@pathminy=\dimen179
\pgf@pathmaxy=\dimen180
\pgf@xx=\dimen181
\pgf@xy=\dimen182
\pgf@yx=\dimen183
\pgf@yy=\dimen184
\pgf@zx=\dimen185
\pgf@zy=\dimen186
)
("C:\Users\Cliente\AppData\Local\Programs\MiKTeX 2.9\tex/generic/pgf/basiclayer
\pgfcorepathconstruct.code.tex"
File: pgfcorepathconstruct.code.tex 2020/01/08 v3.1.5b (3.1.5b)
\pgf@path@lastx=\dimen187
\pgf@path@lasty=\dimen188
)
("C:\Users\Cliente\AppData\Local\Programs\MiKTeX 2.9\tex/generic/pgf/basiclayer
\pgfcorepathusage.code.tex"
File: pgfcorepathusage.code.tex 2020/01/08 v3.1.5b (3.1.5b)
\pgf@shorten@end@additional=\dimen189
\pgf@shorten@start@additional=\dimen190
)
("C:\Users\Cliente\AppData\Local\Programs\MiKTeX 2.9\tex/generic/pgf/basiclayer
\pgfcorescopes.code.tex"
File: pgfcorescopes.code.tex 2020/01/08 v3.1.5b (3.1.5b)
\pgfpic=\box56
\pgf@hbox=\box57
\pgf@layerbox@main=\box58
\pgf@picture@serial@count=\count270
)
("C:\Users\Cliente\AppData\Local\Programs\MiKTeX 2.9\tex/generic/pgf/basiclayer
\pgfcoregraphicstate.code.tex"
File: pgfcoregraphicstate.code.tex 2020/01/08 v3.1.5b (3.1.5b)
\pgflinewidth=\dimen191
)
("C:\Users\Cliente\AppData\Local\Programs\MiKTeX 2.9\tex/generic/pgf/basiclayer
\pgfcoretransformations.code.tex"
File: pgfcoretransformations.code.tex 2020/01/08 v3.1.5b (3.1.5b)
\pgf@pt@x=\dimen192
\pgf@pt@y=\dimen193
\pgf@pt@temp=\dimen194
)
("C:\Users\Cliente\AppData\Local\Programs\MiKTeX 2.9\tex/generic/pgf/basiclayer
\pgfcorequick.code.tex"
File: pgfcorequick.code.tex 2020/01/08 v3.1.5b (3.1.5b)
)
("C:\Users\Cliente\AppData\Local\Programs\MiKTeX 2.9\tex/generic/pgf/basiclayer
\pgfcoreobjects.code.tex"
File: pgfcoreobjects.code.tex 2020/01/08 v3.1.5b (3.1.5b)
)
("C:\Users\Cliente\AppData\Local\Programs\MiKTeX 2.9\tex/generic/pgf/basiclayer
\pgfcorepathprocessing.code.tex"
File: pgfcorepathprocessing.code.tex 2020/01/08 v3.1.5b (3.1.5b)
)
("C:\Users\Cliente\AppData\Local\Programs\MiKTeX 2.9\tex/generic/pgf/basiclayer
\pgfcorearrows.code.tex"
File: pgfcorearrows.code.tex 2020/01/08 v3.1.5b (3.1.5b)
\pgfarrowsep=\dimen195
)
("C:\Users\Cliente\AppData\Local\Programs\MiKTeX 2.9\tex/generic/pgf/basiclayer
\pgfcoreshade.code.tex"
File: pgfcoreshade.code.tex 2020/01/08 v3.1.5b (3.1.5b)
\pgf@max=\dimen196
\pgf@sys@shading@range@num=\count271
\pgf@shadingcount=\count272
)
("C:\Users\Cliente\AppData\Local\Programs\MiKTeX 2.9\tex/generic/pgf/basiclayer
\pgfcoreimage.code.tex"
File: pgfcoreimage.code.tex 2020/01/08 v3.1.5b (3.1.5b)

("C:\Users\Cliente\AppData\Local\Programs\MiKTeX 2.9\tex/generic/pgf/basiclayer
\pgfcoreexternal.code.tex"
File: pgfcoreexternal.code.tex 2020/01/08 v3.1.5b (3.1.5b)
\pgfexternal@startupbox=\box59
))
("C:\Users\Cliente\AppData\Local\Programs\MiKTeX 2.9\tex/generic/pgf/basiclayer
\pgfcorelayers.code.tex"
File: pgfcorelayers.code.tex 2020/01/08 v3.1.5b (3.1.5b)
)
("C:\Users\Cliente\AppData\Local\Programs\MiKTeX 2.9\tex/generic/pgf/basiclayer
\pgfcoretransparency.code.tex"
File: pgfcoretransparency.code.tex 2020/01/08 v3.1.5b (3.1.5b)
)
("C:\Users\Cliente\AppData\Local\Programs\MiKTeX 2.9\tex/generic/pgf/basiclayer
\pgfcorepatterns.code.tex"
File: pgfcorepatterns.code.tex 2020/01/08 v3.1.5b (3.1.5b)
)
("C:\Users\Cliente\AppData\Local\Programs\MiKTeX 2.9\tex/generic/pgf/basiclayer
\pgfcorerdf.code.tex"
File: pgfcorerdf.code.tex 2020/01/08 v3.1.5b (3.1.5b)
)))
("C:\Users\Cliente\AppData\Local\Programs\MiKTeX 2.9\tex/latex/pgf/utilities\xx
color.sty"
Package: xxcolor 2003/10/24 ver 0.1
\XC@nummixins=\count273
\XC@countmixins=\count274
)
("C:\Users\Cliente\AppData\Local\Programs\MiKTeX 2.9\tex/generic/atbegshi\atbeg
shi.sty"
Package: atbegshi 2019/12/05 v1.19 At begin shipout hook (HO)

("C:\Users\Cliente\AppData\Local\Programs\MiKTeX 2.9\tex/generic/infwarerr\infw
arerr.sty"
Package: infwarerr 2019/12/03 v1.5 Providing info/warning/error messages (HO)
)
("C:\Users\Cliente\AppData\Local\Programs\MiKTeX 2.9\tex/generic/ltxcmds\ltxcmd
s.sty"
Package: ltxcmds 2019/12/15 v1.24 LaTeX kernel commands for general use (HO)
))
("C:\Users\Cliente\AppData\Local\Programs\MiKTeX 2.9\tex/latex/hyperref\hyperre
f.sty"
Package: hyperref 2020/01/14 v7.00d Hypertext links for LaTeX

("C:\Users\Cliente\AppData\Local\Programs\MiKTeX 2.9\tex/latex/pdftexcmds\pdfte
xcmds.sty"
Package: pdftexcmds 2019/11/24 v0.31 Utility functions of pdfTeX for LuaTeX (HO
)
Package pdftexcmds Info: \pdf@primitive is available.
Package pdftexcmds Info: \pdf@ifprimitive is available.
Package pdftexcmds Info: \pdfdraftmode found.
)
("C:\Users\Cliente\AppData\Local\Programs\MiKTeX 2.9\tex/generic/kvsetkeys\kvse
tkeys.sty"
Package: kvsetkeys 2019/12/15 v1.18 Key value parser (HO)
)
("C:\Users\Cliente\AppData\Local\Programs\MiKTeX 2.9\tex/generic/kvdefinekeys\k
vdefinekeys.sty"
Package: kvdefinekeys 2019-12-19 v1.6 Define keys (HO)
)
("C:\Users\Cliente\AppData\Local\Programs\MiKTeX 2.9\tex/generic/pdfescape\pdfe
scape.sty"
Package: pdfescape 2019/12/09 v1.15 Implements pdfTeX's escape features (HO)
)
("C:\Users\Cliente\AppData\Local\Programs\MiKTeX 2.9\tex/latex/hycolor\hycolor.
sty"
Package: hycolor 2020-01-27 v1.10 Color options for hyperref/bookmark (HO)
)
("C:\Users\Cliente\AppData\Local\Programs\MiKTeX 2.9\tex/latex/letltxmacro\letl
txmacro.sty"
Package: letltxmacro 2019/12/03 v1.6 Let assignment for LaTeX macros (HO)
)
("C:\Users\Cliente\AppData\Local\Programs\MiKTeX 2.9\tex/latex/auxhook\auxhook.
sty"
Package: auxhook 2019-12-17 v1.6 Hooks for auxiliary files (HO)
)
("C:\Users\Cliente\AppData\Local\Programs\MiKTeX 2.9\tex/latex/kvoptions\kvopti
ons.sty"
Package: kvoptions 2019/11/29 v3.13 Key value format for package options (HO)
)
\@linkdim=\dimen197
\Hy@linkcounter=\count275
\Hy@pagecounter=\count276

("C:\Users\Cliente\AppData\Local\Programs\MiKTeX 2.9\tex/latex/hyperref\pd1enc.
def"
File: pd1enc.def 2020/01/14 v7.00d Hyperref: PDFDocEncoding definition (HO)
Now handling font encoding PD1 ...
... no UTF-8 mapping file for font encoding PD1
)
("C:\Users\Cliente\AppData\Local\Programs\MiKTeX 2.9\tex/generic/intcalc\intcal
c.sty"
Package: intcalc 2019/12/15 v1.3 Expandable calculations with integers (HO)
)
("C:\Users\Cliente\AppData\Local\Programs\MiKTeX 2.9\tex/generic/etexcmds\etexc
mds.sty"
Package: etexcmds 2019/12/15 v1.7 Avoid name clashes with e-TeX commands (HO)
)
\Hy@SavedSpaceFactor=\count277
Package hyperref Info: Option `bookmarks' set `true' on input line 4421.
Package hyperref Info: Option `bookmarksopen' set `true' on input line 4421.
Package hyperref Info: Option `implicit' set `false' on input line 4421.
Package hyperref Info: Hyper figures OFF on input line 4547.
Package hyperref Info: Link nesting OFF on input line 4552.
Package hyperref Info: Hyper index ON on input line 4555.
Package hyperref Info: Plain pages OFF on input line 4562.
Package hyperref Info: Backreferencing OFF on input line 4567.
Package hyperref Info: Implicit mode OFF; no redefinition of LaTeX internals.
Package hyperref Info: Bookmarks ON on input line 4800.
\c@Hy@tempcnt=\count278

("C:\Users\Cliente\AppData\Local\Programs\MiKTeX 2.9\tex/latex/url\url.sty"
\Urlmuskip=\muskip16
Package: url 2013/09/16  ver 3.4  Verb mode for urls, etc.
)
LaTeX Info: Redefining \url on input line 5159.
\XeTeXLinkMargin=\dimen198

("C:\Users\Cliente\AppData\Local\Programs\MiKTeX 2.9\tex/generic/bitset\bitset.
sty"
Package: bitset 2019/12/09 v1.3 Handle bit-vector datatype (HO)

("C:\Users\Cliente\AppData\Local\Programs\MiKTeX 2.9\tex/generic/bigintcalc\big
intcalc.sty"
Package: bigintcalc 2019/12/15 v1.5 Expandable calculations on big integers (HO
)
))
\Fld@menulength=\count279
\Field@Width=\dimen199
\Fld@charsize=\dimen256
Package hyperref Info: Hyper figures OFF on input line 6430.
Package hyperref Info: Link nesting OFF on input line 6435.
Package hyperref Info: Hyper index ON on input line 6438.
Package hyperref Info: backreferencing OFF on input line 6445.
Package hyperref Info: Link coloring OFF on input line 6450.
Package hyperref Info: Link coloring with OCG OFF on input line 6455.
Package hyperref Info: PDF/A mode OFF on input line 6460.
LaTeX Info: Redefining \ref on input line 6500.
LaTeX Info: Redefining \pageref on input line 6504.
\Hy@abspage=\count280


Package hyperref Message: Stopped early.

)
Package hyperref Info: Driver (autodetected): hpdftex.

("C:\Users\Cliente\AppData\Local\Programs\MiKTeX 2.9\tex/latex/hyperref\hpdftex
.def"
File: hpdftex.def 2020/01/14 v7.00d Hyperref driver for pdfTeX

("C:\Users\Cliente\AppData\Local\Programs\MiKTeX 2.9\tex/latex/atveryend\atvery
end.sty"
Package: atveryend 2019-12-11 v1.11 Hooks at the very end of document (HO)
)
\Fld@listcount=\count281
\c@bookmark@seq@number=\count282

("C:\Users\Cliente\AppData\Local\Programs\MiKTeX 2.9\tex/latex/rerunfilecheck\r
erunfilecheck.sty"
Package: rerunfilecheck 2019/12/05 v1.9 Rerun checks for auxiliary files (HO)

("C:\Users\Cliente\AppData\Local\Programs\MiKTeX 2.9\tex/generic/uniquecounter\
uniquecounter.sty"
Package: uniquecounter 2019/12/15 v1.4 Provide unlimited unique counter (HO)
)
Package uniquecounter Info: New unique counter `rerunfilecheck' on input line 2
86.
))
("C:\Users\Cliente\AppData\Local\Programs\MiKTeX 2.9\tex/latex/beamer\beamerbas
erequires.sty"
("C:\Users\Cliente\AppData\Local\Programs\MiKTeX 2.9\tex/latex/beamer\beamerbas
ecompatibility.sty")
("C:\Users\Cliente\AppData\Local\Programs\MiKTeX 2.9\tex/latex/beamer\beamerbas
efont.sty"
("C:\Users\Cliente\AppData\Local\Programs\MiKTeX 2.9\tex/latex/amsfonts\amssymb
.sty"
Package: amssymb 2013/01/14 v3.01 AMS font symbols

("C:\Users\Cliente\AppData\Local\Programs\MiKTeX 2.9\tex/latex/amsfonts\amsfont
s.sty"
Package: amsfonts 2013/01/14 v3.01 Basic AMSFonts support
\@emptytoks=\toks27
\symAMSa=\mathgroup4
\symAMSb=\mathgroup5
LaTeX Font Info:    Redeclaring math symbol \hbar on input line 98.
LaTeX Font Info:    Overwriting math alphabet `\mathfrak' in version `bold'
(Font)                  U/euf/m/n --> U/euf/b/n on input line 106.
))
("C:\Users\Cliente\AppData\Local\Programs\MiKTeX 2.9\tex/latex/sansmathaccent\s
ansmathaccent.sty"
Package: sansmathaccent 2020/01/31

("C:\Users\Cliente\AppData\Local\Programs\MiKTeX 2.9\tex/latex/koma-script\scrl
file.sty"
Package: scrlfile 2020/04/19 v3.30 KOMA-Script package (loading files)
)))
("C:\Users\Cliente\AppData\Local\Programs\MiKTeX 2.9\tex/latex/beamer\beamerbas
etranslator.sty"
("C:\Users\Cliente\AppData\Local\Programs\MiKTeX 2.9\tex/latex/translator\trans
lator.sty"
Package: translator 2019-05-31 v1.12a Easy translation of strings in LaTeX
))
("C:\Users\Cliente\AppData\Local\Programs\MiKTeX 2.9\tex/latex/beamer\beamerbas
emisc.sty")
("C:\Users\Cliente\AppData\Local\Programs\MiKTeX 2.9\tex/latex/beamer\beamerbas
etwoscreens.sty")
("C:\Users\Cliente\AppData\Local\Programs\MiKTeX 2.9\tex/latex/beamer\beamerbas
eoverlay.sty"
\beamer@argscount=\count283
\beamer@lastskipcover=\skip50
\beamer@trivlistdepth=\count284
)
("C:\Users\Cliente\AppData\Local\Programs\MiKTeX 2.9\tex/latex/beamer\beamerbas
etitle.sty")
("C:\Users\Cliente\AppData\Local\Programs\MiKTeX 2.9\tex/latex/beamer\beamerbas
esection.sty"
\c@lecture=\count285
\c@part=\count286
\c@section=\count287
\c@subsection=\count288
\c@subsubsection=\count289
)
("C:\Users\Cliente\AppData\Local\Programs\MiKTeX 2.9\tex/latex/beamer\beamerbas
eframe.sty"
\beamer@framebox=\box60
\beamer@frametitlebox=\box61
\beamer@zoombox=\box62
\beamer@zoomcount=\count290
\beamer@zoomframecount=\count291
\beamer@frametextheight=\dimen257
\c@subsectionslide=\count292
\beamer@frametopskip=\skip51
\beamer@framebottomskip=\skip52
\beamer@frametopskipautobreak=\skip53
\beamer@framebottomskipautobreak=\skip54
\beamer@envbody=\toks28
\framewidth=\dimen258
\c@framenumber=\count293
)
("C:\Users\Cliente\AppData\Local\Programs\MiKTeX 2.9\tex/latex/beamer\beamerbas
everbatim.sty"
\beamer@verbatimfileout=\write4
)
("C:\Users\Cliente\AppData\Local\Programs\MiKTeX 2.9\tex/latex/beamer\beamerbas
eframesize.sty"
\beamer@splitbox=\box63
\beamer@autobreakcount=\count294
\beamer@autobreaklastheight=\dimen259
\beamer@frametitletoks=\toks29
\beamer@framesubtitletoks=\toks30
)
("C:\Users\Cliente\AppData\Local\Programs\MiKTeX 2.9\tex/latex/beamer\beamerbas
eframecomponents.sty"
\beamer@footins=\box64
)
("C:\Users\Cliente\AppData\Local\Programs\MiKTeX 2.9\tex/latex/beamer\beamerbas
ecolor.sty")
("C:\Users\Cliente\AppData\Local\Programs\MiKTeX 2.9\tex/latex/beamer\beamerbas
enotes.sty"
\beamer@frameboxcopy=\box65
)
("C:\Users\Cliente\AppData\Local\Programs\MiKTeX 2.9\tex/latex/beamer\beamerbas
etoc.sty")
("C:\Users\Cliente\AppData\Local\Programs\MiKTeX 2.9\tex/latex/beamer\beamerbas
etemplates.sty"
\beamer@sbttoks=\toks31

("C:\Users\Cliente\AppData\Local\Programs\MiKTeX 2.9\tex/latex/beamer\beamerbas
eauxtemplates.sty"
("C:\Users\Cliente\AppData\Local\Programs\MiKTeX 2.9\tex/latex/beamer\beamerbas
eboxes.sty"
\bmb@box=\box66
\bmb@colorbox=\box67
\bmb@boxshadow=\box68
\bmb@boxshadowball=\box69
\bmb@boxshadowballlarge=\box70
\bmb@temp=\dimen260
\bmb@dima=\dimen261
\bmb@dimb=\dimen262
\bmb@prevheight=\dimen263
)
\beamer@blockheadheight=\dimen264
))
("C:\Users\Cliente\AppData\Local\Programs\MiKTeX 2.9\tex/latex/beamer\beamerbas
elocalstructure.sty"
("C:\Users\Cliente\AppData\Local\Programs\MiKTeX 2.9\tex/latex/tools\enumerate.
sty"
Package: enumerate 2015/07/23 v3.00 enumerate extensions (DPC)
\@enLab=\toks32
)
\c@figure=\count295
\c@table=\count296
\abovecaptionskip=\skip55
\belowcaptionskip=\skip56
)
("C:\Users\Cliente\AppData\Local\Programs\MiKTeX 2.9\tex/latex/beamer\beamerbas
enavigation.sty"
\beamer@section@min@dim=\dimen265
)
("C:\Users\Cliente\AppData\Local\Programs\MiKTeX 2.9\tex/latex/beamer\beamerbas
etheorems.sty"
("C:\Users\Cliente\AppData\Local\Programs\MiKTeX 2.9\tex/latex/amsmath\amsmath.
sty"
Package: amsmath 2020/01/20 v2.17e AMS math features
\@mathmargin=\skip57

For additional information on amsmath, use the `?' option.

("C:\Users\Cliente\AppData\Local\Programs\MiKTeX 2.9\tex/latex/amsmath\amstext.
sty"
Package: amstext 2000/06/29 v2.01 AMS text

("C:\Users\Cliente\AppData\Local\Programs\MiKTeX 2.9\tex/latex/amsmath\amsgen.s
ty"
File: amsgen.sty 1999/11/30 v2.0 generic functions
\@emptytoks=\toks33
\ex@=\dimen266
))
("C:\Users\Cliente\AppData\Local\Programs\MiKTeX 2.9\tex/latex/amsmath\amsbsy.s
ty"
Package: amsbsy 1999/11/29 v1.2d Bold Symbols
\pmbraise@=\dimen267
)
("C:\Users\Cliente\AppData\Local\Programs\MiKTeX 2.9\tex/latex/amsmath\amsopn.s
ty"
Package: amsopn 2016/03/08 v2.02 operator names
)
\inf@bad=\count297
LaTeX Info: Redefining \frac on input line 227.
\uproot@=\count298
\leftroot@=\count299
LaTeX Info: Redefining \overline on input line 389.
\classnum@=\count300
\DOTSCASE@=\count301
LaTeX Info: Redefining \ldots on input line 486.
LaTeX Info: Redefining \dots on input line 489.
LaTeX Info: Redefining \cdots on input line 610.
\Mathstrutbox@=\box71
\strutbox@=\box72
\big@size=\dimen268
LaTeX Font Info:    Redeclaring font encoding OML on input line 733.
LaTeX Font Info:    Redeclaring font encoding OMS on input line 734.
\macc@depth=\count302
\c@MaxMatrixCols=\count303
\dotsspace@=\muskip17
\c@parentequation=\count304
\dspbrk@lvl=\count305
\tag@help=\toks34
\row@=\count306
\column@=\count307
\maxfields@=\count308
\andhelp@=\toks35
\eqnshift@=\dimen269
\alignsep@=\dimen270
\tagshift@=\dimen271
\tagwidth@=\dimen272
\totwidth@=\dimen273
\lineht@=\dimen274
\@envbody=\toks36
\multlinegap=\skip58
\multlinetaggap=\skip59
\mathdisplay@stack=\toks37
LaTeX Info: Redefining \[ on input line 2859.
LaTeX Info: Redefining \] on input line 2860.
)
("C:\Users\Cliente\AppData\Local\Programs\MiKTeX 2.9\tex/latex/amscls\amsthm.st
y"
Package: amsthm 2020/05/29 v2.20.6
\thm@style=\toks38
\thm@bodyfont=\toks39
\thm@headfont=\toks40
\thm@notefont=\toks41
\thm@headpunct=\toks42
\thm@preskip=\skip60
\thm@postskip=\skip61
\thm@headsep=\skip62
\dth@everypar=\toks43
)
\c@theorem=\count309
)
("C:\Users\Cliente\AppData\Local\Programs\MiKTeX 2.9\tex/latex/beamer\beamerbas
ethemes.sty"))
("C:\Users\Cliente\AppData\Local\Programs\MiKTeX 2.9\tex/latex/beamer\beamerthe
medefault.sty"
("C:\Users\Cliente\AppData\Local\Programs\MiKTeX 2.9\tex/latex/beamer\beamerfon
tthemedefault.sty")
("C:\Users\Cliente\AppData\Local\Programs\MiKTeX 2.9\tex/latex/beamer\beamercol
orthemedefault.sty")
("C:\Users\Cliente\AppData\Local\Programs\MiKTeX 2.9\tex/latex/beamer\beamerinn
erthemedefault.sty"
\beamer@dima=\dimen275
\beamer@dimb=\dimen276
)
("C:\Users\Cliente\AppData\Local\Programs\MiKTeX 2.9\tex/latex/beamer\beamerout
erthemedefault.sty")))
("C:\Users\Cliente\AppData\Local\Programs\MiKTeX 2.9\tex/latex/base\inputenc.st
y"
Package: inputenc 2018/08/11 v1.3c Input encoding file
\inpenc@prehook=\toks44
\inpenc@posthook=\toks45
)
("C:\Users\Cliente\AppData\Local\Programs\MiKTeX 2.9\tex/latex/pgf/frontendlaye
r\tikz.sty"
("C:\Users\Cliente\AppData\Local\Programs\MiKTeX 2.9\tex/latex/pgf/basiclayer\p
gf.sty"
Package: pgf 2020/01/08 v3.1.5b (3.1.5b)

("C:\Users\Cliente\AppData\Local\Programs\MiKTeX 2.9\tex/generic/pgf/modules\pg
fmoduleshapes.code.tex"
File: pgfmoduleshapes.code.tex 2020/01/08 v3.1.5b (3.1.5b)
\pgfnodeparttextbox=\box73
)
("C:\Users\Cliente\AppData\Local\Programs\MiKTeX 2.9\tex/generic/pgf/modules\pg
fmoduleplot.code.tex"
File: pgfmoduleplot.code.tex 2020/01/08 v3.1.5b (3.1.5b)
)
("C:\Users\Cliente\AppData\Local\Programs\MiKTeX 2.9\tex/latex/pgf/compatibilit
y\pgfcomp-version-0-65.sty"
Package: pgfcomp-version-0-65 2020/01/08 v3.1.5b (3.1.5b)
\pgf@nodesepstart=\dimen277
\pgf@nodesepend=\dimen278
)
("C:\Users\Cliente\AppData\Local\Programs\MiKTeX 2.9\tex/latex/pgf/compatibilit
y\pgfcomp-version-1-18.sty"
Package: pgfcomp-version-1-18 2020/01/08 v3.1.5b (3.1.5b)
))
("C:\Users\Cliente\AppData\Local\Programs\MiKTeX 2.9\tex/latex/pgf/utilities\pg
ffor.sty"
("C:\Users\Cliente\AppData\Local\Programs\MiKTeX 2.9\tex/latex/pgf/utilities\pg
fkeys.sty"
("C:\Users\Cliente\AppData\Local\Programs\MiKTeX 2.9\tex/generic/pgf/utilities\
pgfkeys.code.tex"))
("C:\Users\Cliente\AppData\Local\Programs\MiKTeX 2.9\tex/latex/pgf/math\pgfmath
.sty"
("C:\Users\Cliente\AppData\Local\Programs\MiKTeX 2.9\tex/generic/pgf/math\pgfma
th.code.tex"))
("C:\Users\Cliente\AppData\Local\Programs\MiKTeX 2.9\tex/generic/pgf/utilities\
pgffor.code.tex"
Package: pgffor 2020/01/08 v3.1.5b (3.1.5b)

("C:\Users\Cliente\AppData\Local\Programs\MiKTeX 2.9\tex/generic/pgf/math\pgfma
th.code.tex")
\pgffor@iter=\dimen279
\pgffor@skip=\dimen280
\pgffor@stack=\toks46
\pgffor@toks=\toks47
))
("C:\Users\Cliente\AppData\Local\Programs\MiKTeX 2.9\tex/generic/pgf/frontendla
yer/tikz\tikz.code.tex"
Package: tikz 2020/01/08 v3.1.5b (3.1.5b)

("C:\Users\Cliente\AppData\Local\Programs\MiKTeX 2.9\tex/generic/pgf/libraries\
pgflibraryplothandlers.code.tex"
File: pgflibraryplothandlers.code.tex 2020/01/08 v3.1.5b (3.1.5b)
\pgf@plot@mark@count=\count310
\pgfplotmarksize=\dimen281
)
\tikz@lastx=\dimen282
\tikz@lasty=\dimen283
\tikz@lastxsaved=\dimen284
\tikz@lastysaved=\dimen285
\tikz@lastmovetox=\dimen286
\tikz@lastmovetoy=\dimen287
\tikzleveldistance=\dimen288
\tikzsiblingdistance=\dimen289
\tikz@figbox=\box74
\tikz@figbox@bg=\box75
\tikz@tempbox=\box76
\tikz@tempbox@bg=\box77
\tikztreelevel=\count311
\tikznumberofchildren=\count312
\tikznumberofcurrentchild=\count313
\tikz@fig@count=\count314

("C:\Users\Cliente\AppData\Local\Programs\MiKTeX 2.9\tex/generic/pgf/modules\pg
fmodulematrix.code.tex"
File: pgfmodulematrix.code.tex 2020/01/08 v3.1.5b (3.1.5b)
\pgfmatrixcurrentrow=\count315
\pgfmatrixcurrentcolumn=\count316
\pgf@matrix@numberofcolumns=\count317
)
\tikz@expandcount=\count318

("C:\Users\Cliente\AppData\Local\Programs\MiKTeX 2.9\tex/generic/pgf/frontendla
yer/tikz/libraries\tikzlibrarytopaths.code.tex"
File: tikzlibrarytopaths.code.tex 2020/01/08 v3.1.5b (3.1.5b)
)))
("C:\Users\Cliente\AppData\Local\Programs\MiKTeX 2.9\tex/latex/psnfss\pifont.st
y"
Package: pifont 2020/03/25 PSNFSS-v9.3 Pi font support (SPQR) 
LaTeX Font Info:    Trying to load font information for U+pzd on input line 63.

 ("C:\Users\Cliente\AppData\Local\Programs\MiKTeX 2.9\tex/latex/psnfss\upzd.fd"
File: upzd.fd 2001/06/04 font definitions for U/pzd.
)
LaTeX Font Info:    Trying to load font information for U+psy on input line 64.


("C:\Users\Cliente\AppData\Local\Programs\MiKTeX 2.9\tex/latex/psnfss\upsy.fd"
File: upsy.fd 2001/06/04 font definitions for U/psy.
))
("C:\Users\Cliente\AppData\Local\Programs\MiKTeX 2.9\tex/latex/tcolorbox\tcolor
box.sty"
Package: tcolorbox 2019/11/15 version 4.22 text color boxes

("C:\Users\Cliente\AppData\Local\Programs\MiKTeX 2.9\tex/latex/tools\verbatim.s
ty"
Package: verbatim 2019/11/10 v1.5r LaTeX2e package for verbatim enhancements
\every@verbatim=\toks48
\verbatim@line=\toks49
\verbatim@in@stream=\read3
)
("C:\Users\Cliente\AppData\Local\Programs\MiKTeX 2.9\tex/latex/environ\environ.
sty"
Package: environ 2014/05/04 v0.3 A new way to define environments

("C:\Users\Cliente\AppData\Local\Programs\MiKTeX 2.9\tex/latex/trimspaces\trims
paces.sty"
Package: trimspaces 2009/09/17 v1.1 Trim spaces around a token list
))
\tcb@titlebox=\box78
\tcb@upperbox=\box79
\tcb@lowerbox=\box80
\tcb@phantombox=\box81
\c@tcbbreakpart=\count319
\c@tcblayer=\count320
\tcolorbox@number=\count321
\tcb@temp=\box82
\tcb@temp=\box83
\tcb@temp=\box84
\tcb@temp=\box85
\tcb@out=\write5
\tcb@record@out=\write6
)
("C:\Users\Cliente\AppData\Local\Programs\MiKTeX 2.9\tex/latex/abntex2\abntex2c
ite.sty"
Package: abntex2cite 2018/11/24 v-1.9.7 abnTeX2

("C:\Users\Cliente\AppData\Local\Programs\MiKTeX 2.9\tex/latex/base\ifthen.sty"
Package: ifthen 2014/09/29 v1.1c Standard LaTeX ifthen package (DPC)
) ("C:\Users\Cliente\AppData\Local\Programs\MiKTeX 2.9\tex/latex/tools\calc.sty
"
Package: calc 2017/05/25 v4.3 Infix arithmetic (KKT,FJ)
\calc@Acount=\count322
\calc@Bcount=\count323
\calc@Adimen=\dimen290
\calc@Bdimen=\dimen291
\calc@Askip=\skip63
\calc@Bskip=\skip64
LaTeX Info: Redefining \setlength on input line 80.
LaTeX Info: Redefining \addtolength on input line 81.
\calc@Ccount=\count324
\calc@Cskip=\skip65
)
("C:\Users\Cliente\AppData\Local\Programs\MiKTeX 2.9\tex/latex/abntex2\abntex2a
brev.sty")
("C:\Users\Cliente\AppData\Local\Programs\MiKTeX 2.9\tex/latex/setspace\setspac
e.sty"
Package: setspace 2011/12/19 v6.7a set line spacing
)
\bibindent=\skip66
\minimumbiblabelwidth=\skip67
\ABCIauxlen=\skip68
\c@ABCIaux=\count325
\c@ABCImax=\count326

("C:\Users\Cliente\AppData\Local\Programs\MiKTeX 2.9\tex/generic/iftex\ifxetex.
sty"
Package: ifxetex 2019/10/25 v0.7 ifxetex legacy package. Use iftex instead.
)
("C:\Users\Cliente\AppData\Local\Programs\MiKTeX 2.9\tex/latex/relsize\relsize.
sty"
Package: relsize 2013/03/29 ver 4.1
)
\biblabelsep=\skip69
LaTeX Info: Redefining \newblock on input line 591.
LaTeX Info: Redefining \cite on input line 618.
\ABCItoken=\toks50
)
("C:\Users\Cliente\AppData\Local\Programs\MiKTeX 2.9\tex/latex/beamer\beamerthe
meCopenhagen.sty"
("C:\Users\Cliente\AppData\Local\Programs\MiKTeX 2.9\tex/latex/beamer\beamerout
erthemesplit.sty")
("C:\Users\Cliente\AppData\Local\Programs\MiKTeX 2.9\tex/latex/beamer\beamerinn
erthemerounded.sty")
("C:\Users\Cliente\AppData\Local\Programs\MiKTeX 2.9\tex/latex/beamer\beamercol
orthemewhale.sty")
("C:\Users\Cliente\AppData\Local\Programs\MiKTeX 2.9\tex/latex/beamer\beamercol
orthemeorchid.sty"))
("C:\Users\Cliente\AppData\Local\Programs\MiKTeX 2.9\tex/latex/beamer\beamerfon
tthemeprofessionalfonts.sty")

Package hyperref Warning: Token not allowed in a PDF string (PDFDocEncoding):
(hyperref)                removing `\\' on input line 22.


("C:\Users\Cliente\AppData\Local\Programs\MiKTeX 2.9\tex/latex/l3backend\l3back
end-pdfmode.def"
File: l3backend-pdfmode.def 2020-03-12 L3 backend support: PDF mode
\l__kernel_color_stack_int=\count327
\l__pdf_internal_box=\box86
) (lista3.aux)
\openout1 = `lista3.aux'.

LaTeX Font Info:    Checking defaults for OML/cmm/m/it on input line 25.
LaTeX Font Info:    ... okay on input line 25.
LaTeX Font Info:    Checking defaults for OMS/cmsy/m/n on input line 25.
LaTeX Font Info:    ... okay on input line 25.
LaTeX Font Info:    Checking defaults for OT1/cmr/m/n on input line 25.
LaTeX Font Info:    ... okay on input line 25.
LaTeX Font Info:    Checking defaults for T1/cmr/m/n on input line 25.
LaTeX Font Info:    ... okay on input line 25.
LaTeX Font Info:    Checking defaults for TS1/cmr/m/n on input line 25.
LaTeX Font Info:    ... okay on input line 25.
LaTeX Font Info:    Checking defaults for OMX/cmex/m/n on input line 25.
LaTeX Font Info:    ... okay on input line 25.
LaTeX Font Info:    Checking defaults for U/cmr/m/n on input line 25.
LaTeX Font Info:    ... okay on input line 25.
LaTeX Font Info:    Checking defaults for PD1/pdf/m/n on input line 25.
LaTeX Font Info:    ... okay on input line 25.

*geometry* driver: auto-detecting
*geometry* detected driver: pdftex
*geometry* verbose mode - [ preamble ] result:
* driver: pdftex
* paper: custom
* layout: <same size as paper>
* layoutoffset:(h,v)=(0.0pt,0.0pt)
* modes: includehead includefoot 
* h-part:(L,W,R)=(28.45274pt, 307.28987pt, 28.45274pt)
* v-part:(T,H,B)=(0.0pt, 273.14662pt, 0.0pt)
* \paperwidth=364.19536pt
* \paperheight=273.14662pt
* \textwidth=307.28987pt
* \textheight=244.6939pt
* \oddsidemargin=-43.81725pt
* \evensidemargin=-43.81725pt
* \topmargin=-72.26999pt
* \headheight=14.22636pt
* \headsep=0.0pt
* \topskip=11.0pt
* \footskip=14.22636pt
* \marginparwidth=4.0pt
* \marginparsep=10.0pt
* \columnsep=10.0pt
* \skip\footins=10.0pt plus 4.0pt minus 2.0pt
* \hoffset=0.0pt
* \voffset=0.0pt
* \mag=1000
* \@twocolumnfalse
* \@twosidefalse
* \@mparswitchfalse
* \@reversemarginfalse
* (1in=72.27pt=25.4mm, 1cm=28.453pt)


("C:\Users\Cliente\AppData\Local\Programs\MiKTeX 2.9\tex/context/base/mkii\supp
-pdf.mkii"
[Loading MPS to PDF converter (version 2006.09.02).]
\scratchcounter=\count328
\scratchdimen=\dimen292
\scratchbox=\box87
\nofMPsegments=\count329
\nofMParguments=\count330
\everyMPshowfont=\toks51
\MPscratchCnt=\count331
\MPscratchDim=\dimen293
\MPnumerator=\count332
\makeMPintoPDFobject=\count333
\everyMPtoPDFconversion=\toks52
)
("C:\Users\Cliente\AppData\Local\Programs\MiKTeX 2.9\tex/latex/epstopdf-pkg\eps
topdf-base.sty"
Package: epstopdf-base 2020-01-24 v2.11 Base part for package epstopdf
Package epstopdf-base Info: Redefining graphics rule for `.eps' on input line 4
85.
) ABD: EveryShipout initializing macros
\AtBeginShipoutBox=\box88
Package hyperref Info: Link coloring OFF on input line 25.

("C:\Users\Cliente\AppData\Local\Programs\MiKTeX 2.9\tex/latex/hyperref\nameref
.sty"
Package: nameref 2019/09/16 v2.46 Cross-referencing by name of section

("C:\Users\Cliente\AppData\Local\Programs\MiKTeX 2.9\tex/latex/refcount\refcoun
t.sty"
Package: refcount 2019/12/15 v3.6 Data extraction from label references (HO)
)
("C:\Users\Cliente\AppData\Local\Programs\MiKTeX 2.9\tex/generic/gettitlestring
\gettitlestring.sty"
Package: gettitlestring 2019/12/15 v1.6 Cleanup title references (HO)
)
\c@section@level=\count334
)
LaTeX Info: Redefining \ref on input line 25.
LaTeX Info: Redefining \pageref on input line 25.
LaTeX Info: Redefining \nameref on input line 25.
 (lista3.out) (lista3.out)
\@outlinefile=\write7
\openout7 = `lista3.out'.


("C:\Users\Cliente\AppData\Local\Programs\MiKTeX 2.9\tex/latex/translator\trans
lator-basic-dictionary-English.dict"
Dictionary: translator-basic-dictionary, Language: English 
)
("C:\Users\Cliente\AppData\Local\Programs\MiKTeX 2.9\tex/latex/translator\trans
lator-bibliography-dictionary-English.dict"
Dictionary: translator-bibliography-dictionary, Language: English 
)
("C:\Users\Cliente\AppData\Local\Programs\MiKTeX 2.9\tex/latex/translator\trans
lator-environment-dictionary-English.dict"
Dictionary: translator-environment-dictionary, Language: English 
)
("C:\Users\Cliente\AppData\Local\Programs\MiKTeX 2.9\tex/latex/translator\trans
lator-months-dictionary-English.dict"
Dictionary: translator-months-dictionary, Language: English 
)
("C:\Users\Cliente\AppData\Local\Programs\MiKTeX 2.9\tex/latex/translator\trans
lator-numbers-dictionary-English.dict"
Dictionary: translator-numbers-dictionary, Language: English 
)
("C:\Users\Cliente\AppData\Local\Programs\MiKTeX 2.9\tex/latex/translator\trans
lator-theorem-dictionary-English.dict"
Dictionary: translator-theorem-dictionary, Language: English 
) (lista3.nav) [1{C:/Users/Cliente/AppData/Local/MiKTeX/2.9/pdftex/config/pdfte
x.map}

 <./kemist.jpg>]
<lemons.png, id=55, 246.6816pt x 246.6816pt>
File: lemons.png Graphic file (type png)
<use lemons.png>
Package pdftex.def Info: lemons.png  used on input line 52.
(pdftex.def)             Requested size: 61.67024pt x 61.67024pt.
 [2

 <./lemons.png>]
File: lemons.png Graphic file (type png)
<use lemons.png>
Package pdftex.def Info: lemons.png  used on input line 52.
(pdftex.def)             Requested size: 61.67024pt x 61.67024pt.
[3

]
File: lemons.png Graphic file (type png)
<use lemons.png>
Package pdftex.def Info: lemons.png  used on input line 52.
(pdftex.def)             Requested size: 61.67024pt x 61.67024pt.
 [4

]
File: lemons.png Graphic file (type png)
<use lemons.png>
Package pdftex.def Info: lemons.png  used on input line 52.
(pdftex.def)             Requested size: 61.67024pt x 61.67024pt.
 [5

] (lista3.bbl) [6

 <C:/Users/Cliente/AppData/Local/Programs/MiKTeX 2.9/tex/latex/beamer/beamerico
narticle.pdf>]
\tf@nav=\write8
\openout8 = `lista3.nav'.

\tf@toc=\write9
\openout9 = `lista3.toc'.

\tf@snm=\write10
\openout10 = `lista3.snm'.

Package atveryend Info: Empty hook `BeforeClearDocument' on input line 55.
Package atveryend Info: Empty hook `AfterLastShipout' on input line 55.
 (lista3.aux)
Package atveryend Info: Executing hook `AtVeryEndDocument' on input line 55.
Package atveryend Info: Executing hook `AtEndAfterFileList' on input line 55.
Package rerunfilecheck Info: File `lista3.out' has not changed.
(rerunfilecheck)             Checksum: 03053F2E3A1D696607D9A2859492BB4E;49.
 ) 
Here is how much of TeX's memory you used:
 23166 strings out of 480930
 475648 string characters out of 2898823
 709461 words of memory out of 3000000
 38482 multiletter control sequences out of 15000+200000
 535784 words of font info for 35 fonts, out of 3000000 for 9000
 1141 hyphenation exceptions out of 8191
 58i,20n,80p,775b,753s stack positions out of 5000i,500n,10000p,200000b,50000s
<C:/Users/Cliente/AppData/Local/Programs/MiKTeX 2.9/fonts/type1/public/amsfon
ts/cm/cmss10.pfb><C:/Users/Cliente/AppData/Local/Programs/MiKTeX 2.9/fonts/type
1/public/amsfonts/cm/cmss12.pfb><C:/Users/Cliente/AppData/Local/Programs/MiKTeX
 2.9/fonts/type1/public/amsfonts/cm/cmss8.pfb><C:/Users/Cliente/AppData/Local/P
rograms/MiKTeX 2.9/fonts/type1/public/amsfonts/cm/cmssbx10.pfb><C:/Users/Client
e/AppData/Local/Programs/MiKTeX 2.9/fonts/type1/public/amsfonts/cm/cmssi10.pfb>
<C:/Users/Cliente/AppData/Local/Programs/MiKTeX 2.9/fonts/type1/urw/zapfding/uz
dr.pfb>
Output written on lista3.pdf (6 pages, 531721 bytes).
PDF statistics:
 234 PDF objects out of 1000 (max. 8388607)
 15 named destinations out of 1000 (max. 500000)
 61 words of extra memory for PDF output out of 10000 (max. 10000000)

