This is pdfTeX, Version 3.14159265-2.6-1.40.21 (TeX Live 2020/Arch Linux) (preloaded format=pdflatex 2020.7.6)  15 JUL 2020 09:25
entering extended mode
 restricted \write18 enabled.
 %&-line parsing enabled.
**\nonstopmode\input Aula1.tex
(./Aula1.tex (/usr/share/texmf-dist/tex/latex/beamer/beamer.cls
Document Class: beamer 2020/05/06 v3.58 A class for typesetting presentations
(/usr/share/texmf-dist/tex/latex/beamer/beamerbasemodes.sty
(/usr/share/texmf-dist/tex/latex/etoolbox/etoolbox.sty
Package: etoolbox 2019/09/21 v2.5h e-TeX tools for LaTeX (JAW)
\etb@tempcnta=\count167
)
\beamer@tempbox=\box45
\beamer@tempcount=\count168
\c@beamerpauses=\count169

(/usr/share/texmf-dist/tex/latex/beamer/beamerbasedecode.sty
\beamer@slideinframe=\count170
\beamer@minimum=\count171
\beamer@decode@box=\box46
)
\beamer@commentbox=\box47
\beamer@modecount=\count172
)
(/usr/share/texmf-dist/tex/generic/iftex/ifpdf.sty
Package: ifpdf 2019/10/25 v3.4 ifpdf legacy package. Use iftex instead.

(/usr/share/texmf-dist/tex/generic/iftex/iftex.sty
Package: iftex 2020/03/06 v1.0d TeX engine tests
))
\headdp=\dimen134
\footheight=\dimen135
\sidebarheight=\dimen136
\beamer@tempdim=\dimen137
\beamer@finalheight=\dimen138
\beamer@animht=\dimen139
\beamer@animdp=\dimen140
\beamer@animwd=\dimen141
\beamer@leftmargin=\dimen142
\beamer@rightmargin=\dimen143
\beamer@leftsidebar=\dimen144
\beamer@rightsidebar=\dimen145
\beamer@boxsize=\dimen146
\beamer@vboxoffset=\dimen147
\beamer@descdefault=\dimen148
\beamer@descriptionwidth=\dimen149
\beamer@lastskip=\skip47
\beamer@areabox=\box48
\beamer@animcurrent=\box49
\beamer@animshowbox=\box50
\beamer@sectionbox=\box51
\beamer@logobox=\box52
\beamer@linebox=\box53
\beamer@sectioncount=\count173
\beamer@subsubsectionmax=\count174
\beamer@subsectionmax=\count175
\beamer@sectionmax=\count176
\beamer@totalheads=\count177
\beamer@headcounter=\count178
\beamer@partstartpage=\count179
\beamer@sectionstartpage=\count180
\beamer@subsectionstartpage=\count181
\beamer@animationtempa=\count182
\beamer@animationtempb=\count183
\beamer@xpos=\count184
\beamer@ypos=\count185
\beamer@ypos@offset=\count186
\beamer@showpartnumber=\count187
\beamer@currentsubsection=\count188
\beamer@coveringdepth=\count189
\beamer@sectionadjust=\count190
\beamer@tocsectionnumber=\count191

(/usr/share/texmf-dist/tex/latex/beamer/beamerbaseoptions.sty
(/usr/share/texmf-dist/tex/latex/graphics/keyval.sty
Package: keyval 2014/10/28 v1.15 key=value parser (DPC)
\KV@toks@=\toks15
))
\beamer@paperwidth=\skip48
\beamer@paperheight=\skip49

(/usr/share/texmf-dist/tex/latex/geometry/geometry.sty
Package: geometry 2020/01/02 v5.9 Page Geometry

(/usr/share/texmf-dist/tex/generic/iftex/ifvtex.sty
Package: ifvtex 2019/10/25 v1.7 ifvtex legacy package. Use iftex instead.
)
\Gm@cnth=\count192
\Gm@cntv=\count193
\c@Gm@tempcnt=\count194
\Gm@bindingoffset=\dimen150
\Gm@wd@mp=\dimen151
\Gm@odd@mp=\dimen152
\Gm@even@mp=\dimen153
\Gm@layoutwidth=\dimen154
\Gm@layoutheight=\dimen155
\Gm@layouthoffset=\dimen156
\Gm@layoutvoffset=\dimen157
\Gm@dimlist=\toks16
)
(/usr/share/texmf-dist/tex/latex/extsizes/size9.clo
File: size9.clo 1999/11/11 v1.4a NON-Standard LaTeX file (size option)
)
(/usr/share/texmf-dist/tex/latex/pgf/basiclayer/pgfcore.sty
(/usr/share/texmf-dist/tex/latex/graphics/graphicx.sty
Package: graphicx 2019/11/30 v1.2a Enhanced LaTeX Graphics (DPC,SPQR)

(/usr/share/texmf-dist/tex/latex/graphics/graphics.sty
Package: graphics 2019/11/30 v1.4a Standard LaTeX Graphics (DPC,SPQR)

(/usr/share/texmf-dist/tex/latex/graphics/trig.sty
Package: trig 2016/01/03 v1.10 sin cos tan (DPC)
)
(/usr/share/texmf-dist/tex/latex/graphics-cfg/graphics.cfg
File: graphics.cfg 2016/06/04 v1.11 sample graphics configuration
)
Package graphics Info: Driver file: pdftex.def on input line 105.

(/usr/share/texmf-dist/tex/latex/graphics-def/pdftex.def
File: pdftex.def 2018/01/08 v1.0l Graphics/color driver for pdftex
))
\Gin@req@height=\dimen158
\Gin@req@width=\dimen159
)
(/usr/share/texmf-dist/tex/latex/pgf/systemlayer/pgfsys.sty
(/usr/share/texmf-dist/tex/latex/pgf/utilities/pgfrcs.sty
(/usr/share/texmf-dist/tex/generic/pgf/utilities/pgfutil-common.tex
\pgfutil@everybye=\toks17
\pgfutil@tempdima=\dimen160
\pgfutil@tempdimb=\dimen161

(/usr/share/texmf-dist/tex/generic/pgf/utilities/pgfutil-common-lists.tex))
(/usr/share/texmf-dist/tex/generic/pgf/utilities/pgfutil-latex.def
\pgfutil@abb=\box54

(/usr/share/texmf-dist/tex/latex/ms/everyshi.sty
Package: everyshi 2001/05/15 v3.00 EveryShipout Package (MS)
))
(/usr/share/texmf-dist/tex/generic/pgf/utilities/pgfrcs.code.tex
(/usr/share/texmf-dist/tex/generic/pgf/pgf.revision.tex)
Package: pgfrcs 2020/01/08 v3.1.5b (3.1.5b)
))
(/usr/share/texmf-dist/tex/generic/pgf/systemlayer/pgfsys.code.tex
Package: pgfsys 2020/01/08 v3.1.5b (3.1.5b)

(/usr/share/texmf-dist/tex/generic/pgf/utilities/pgfkeys.code.tex
\pgfkeys@pathtoks=\toks18
\pgfkeys@temptoks=\toks19

(/usr/share/texmf-dist/tex/generic/pgf/utilities/pgfkeysfiltered.code.tex
\pgfkeys@tmptoks=\toks20
))
\pgf@x=\dimen162
\pgf@y=\dimen163
\pgf@xa=\dimen164
\pgf@ya=\dimen165
\pgf@xb=\dimen166
\pgf@yb=\dimen167
\pgf@xc=\dimen168
\pgf@yc=\dimen169
\pgf@xd=\dimen170
\pgf@yd=\dimen171
\w@pgf@writea=\write3
\r@pgf@reada=\read2
\c@pgf@counta=\count195
\c@pgf@countb=\count196
\c@pgf@countc=\count197
\c@pgf@countd=\count198
\t@pgf@toka=\toks21
\t@pgf@tokb=\toks22
\t@pgf@tokc=\toks23
\pgf@sys@id@count=\count199

(/usr/share/texmf-dist/tex/generic/pgf/systemlayer/pgf.cfg
File: pgf.cfg 2020/01/08 v3.1.5b (3.1.5b)
)
Driver file for pgf: pgfsys-pdftex.def

(/usr/share/texmf-dist/tex/generic/pgf/systemlayer/pgfsys-pdftex.def
File: pgfsys-pdftex.def 2020/01/08 v3.1.5b (3.1.5b)

(/usr/share/texmf-dist/tex/generic/pgf/systemlayer/pgfsys-common-pdf.def
File: pgfsys-common-pdf.def 2020/01/08 v3.1.5b (3.1.5b)
)))
(/usr/share/texmf-dist/tex/generic/pgf/systemlayer/pgfsyssoftpath.code.tex
File: pgfsyssoftpath.code.tex 2020/01/08 v3.1.5b (3.1.5b)
\pgfsyssoftpath@smallbuffer@items=\count266
\pgfsyssoftpath@bigbuffer@items=\count267
)
(/usr/share/texmf-dist/tex/generic/pgf/systemlayer/pgfsysprotocol.code.tex
File: pgfsysprotocol.code.tex 2020/01/08 v3.1.5b (3.1.5b)
))
(/usr/share/texmf-dist/tex/latex/xcolor/xcolor.sty
Package: xcolor 2016/05/11 v2.12 LaTeX color extensions (UK)

(/usr/share/texmf-dist/tex/latex/graphics-cfg/color.cfg
File: color.cfg 2016/01/02 v1.6 sample color configuration
)
Package xcolor Info: Driver file: pdftex.def on input line 225.
Package xcolor Info: Model `cmy' substituted by `cmy0' on input line 1348.
Package xcolor Info: Model `hsb' substituted by `rgb' on input line 1352.
Package xcolor Info: Model `RGB' extended on input line 1364.
Package xcolor Info: Model `HTML' substituted by `rgb' on input line 1366.
Package xcolor Info: Model `Hsb' substituted by `hsb' on input line 1367.
Package xcolor Info: Model `tHsb' substituted by `hsb' on input line 1368.
Package xcolor Info: Model `HSB' substituted by `hsb' on input line 1369.
Package xcolor Info: Model `Gray' substituted by `gray' on input line 1370.
Package xcolor Info: Model `wave' substituted by `hsb' on input line 1371.
)
(/usr/share/texmf-dist/tex/generic/pgf/basiclayer/pgfcore.code.tex
Package: pgfcore 2020/01/08 v3.1.5b (3.1.5b)

(/usr/share/texmf-dist/tex/generic/pgf/math/pgfmath.code.tex
(/usr/share/texmf-dist/tex/generic/pgf/math/pgfmathcalc.code.tex
(/usr/share/texmf-dist/tex/generic/pgf/math/pgfmathutil.code.tex)
(/usr/share/texmf-dist/tex/generic/pgf/math/pgfmathparser.code.tex
\pgfmath@dimen=\dimen172
\pgfmath@count=\count268
\pgfmath@box=\box55
\pgfmath@toks=\toks24
\pgfmath@stack@operand=\toks25
\pgfmath@stack@operation=\toks26
)
(/usr/share/texmf-dist/tex/generic/pgf/math/pgfmathfunctions.code.tex
(/usr/share/texmf-dist/tex/generic/pgf/math/pgfmathfunctions.basic.code.tex)
(/usr/share/texmf-dist/tex/generic/pgf/math/pgfmathfunctions.trigonometric.code
.tex)
(/usr/share/texmf-dist/tex/generic/pgf/math/pgfmathfunctions.random.code.tex)
(/usr/share/texmf-dist/tex/generic/pgf/math/pgfmathfunctions.comparison.code.te
x) (/usr/share/texmf-dist/tex/generic/pgf/math/pgfmathfunctions.base.code.tex)
(/usr/share/texmf-dist/tex/generic/pgf/math/pgfmathfunctions.round.code.tex)
(/usr/share/texmf-dist/tex/generic/pgf/math/pgfmathfunctions.misc.code.tex)
(/usr/share/texmf-dist/tex/generic/pgf/math/pgfmathfunctions.integerarithmetics
.code.tex))) (/usr/share/texmf-dist/tex/generic/pgf/math/pgfmathfloat.code.tex
\c@pgfmathroundto@lastzeros=\count269
)) (/usr/share/texmf-dist/tex/generic/pgf/math/pgfint.code.tex)
(/usr/share/texmf-dist/tex/generic/pgf/basiclayer/pgfcorepoints.code.tex
File: pgfcorepoints.code.tex 2020/01/08 v3.1.5b (3.1.5b)
\pgf@picminx=\dimen173
\pgf@picmaxx=\dimen174
\pgf@picminy=\dimen175
\pgf@picmaxy=\dimen176
\pgf@pathminx=\dimen177
\pgf@pathmaxx=\dimen178
\pgf@pathminy=\dimen179
\pgf@pathmaxy=\dimen180
\pgf@xx=\dimen181
\pgf@xy=\dimen182
\pgf@yx=\dimen183
\pgf@yy=\dimen184
\pgf@zx=\dimen185
\pgf@zy=\dimen186
)
(/usr/share/texmf-dist/tex/generic/pgf/basiclayer/pgfcorepathconstruct.code.tex
File: pgfcorepathconstruct.code.tex 2020/01/08 v3.1.5b (3.1.5b)
\pgf@path@lastx=\dimen187
\pgf@path@lasty=\dimen188
) (/usr/share/texmf-dist/tex/generic/pgf/basiclayer/pgfcorepathusage.code.tex
File: pgfcorepathusage.code.tex 2020/01/08 v3.1.5b (3.1.5b)
\pgf@shorten@end@additional=\dimen189
\pgf@shorten@start@additional=\dimen190
)
(/usr/share/texmf-dist/tex/generic/pgf/basiclayer/pgfcorescopes.code.tex
File: pgfcorescopes.code.tex 2020/01/08 v3.1.5b (3.1.5b)
\pgfpic=\box56
\pgf@hbox=\box57
\pgf@layerbox@main=\box58
\pgf@picture@serial@count=\count270
)
(/usr/share/texmf-dist/tex/generic/pgf/basiclayer/pgfcoregraphicstate.code.tex
File: pgfcoregraphicstate.code.tex 2020/01/08 v3.1.5b (3.1.5b)
\pgflinewidth=\dimen191
)
(/usr/share/texmf-dist/tex/generic/pgf/basiclayer/pgfcoretransformations.code.t
ex
File: pgfcoretransformations.code.tex 2020/01/08 v3.1.5b (3.1.5b)
\pgf@pt@x=\dimen192
\pgf@pt@y=\dimen193
\pgf@pt@temp=\dimen194
) (/usr/share/texmf-dist/tex/generic/pgf/basiclayer/pgfcorequick.code.tex
File: pgfcorequick.code.tex 2020/01/08 v3.1.5b (3.1.5b)
)
(/usr/share/texmf-dist/tex/generic/pgf/basiclayer/pgfcoreobjects.code.tex
File: pgfcoreobjects.code.tex 2020/01/08 v3.1.5b (3.1.5b)
)
(/usr/share/texmf-dist/tex/generic/pgf/basiclayer/pgfcorepathprocessing.code.te
x
File: pgfcorepathprocessing.code.tex 2020/01/08 v3.1.5b (3.1.5b)
) (/usr/share/texmf-dist/tex/generic/pgf/basiclayer/pgfcorearrows.code.tex
File: pgfcorearrows.code.tex 2020/01/08 v3.1.5b (3.1.5b)
\pgfarrowsep=\dimen195
)
(/usr/share/texmf-dist/tex/generic/pgf/basiclayer/pgfcoreshade.code.tex
File: pgfcoreshade.code.tex 2020/01/08 v3.1.5b (3.1.5b)
\pgf@max=\dimen196
\pgf@sys@shading@range@num=\count271
\pgf@shadingcount=\count272
)
(/usr/share/texmf-dist/tex/generic/pgf/basiclayer/pgfcoreimage.code.tex
File: pgfcoreimage.code.tex 2020/01/08 v3.1.5b (3.1.5b)

(/usr/share/texmf-dist/tex/generic/pgf/basiclayer/pgfcoreexternal.code.tex
File: pgfcoreexternal.code.tex 2020/01/08 v3.1.5b (3.1.5b)
\pgfexternal@startupbox=\box59
))
(/usr/share/texmf-dist/tex/generic/pgf/basiclayer/pgfcorelayers.code.tex
File: pgfcorelayers.code.tex 2020/01/08 v3.1.5b (3.1.5b)
)
(/usr/share/texmf-dist/tex/generic/pgf/basiclayer/pgfcoretransparency.code.tex
File: pgfcoretransparency.code.tex 2020/01/08 v3.1.5b (3.1.5b)
) (/usr/share/texmf-dist/tex/generic/pgf/basiclayer/pgfcorepatterns.code.tex
File: pgfcorepatterns.code.tex 2020/01/08 v3.1.5b (3.1.5b)
)
(/usr/share/texmf-dist/tex/generic/pgf/basiclayer/pgfcorerdf.code.tex
File: pgfcorerdf.code.tex 2020/01/08 v3.1.5b (3.1.5b)
)))
(/usr/share/texmf-dist/tex/latex/pgf/utilities/xxcolor.sty
Package: xxcolor 2003/10/24 ver 0.1
\XC@nummixins=\count273
\XC@countmixins=\count274
)
(/usr/share/texmf-dist/tex/generic/atbegshi/atbegshi.sty
Package: atbegshi 2019/12/05 v1.19 At begin shipout hook (HO)

(/usr/share/texmf-dist/tex/generic/infwarerr/infwarerr.sty
Package: infwarerr 2019/12/03 v1.5 Providing info/warning/error messages (HO)
)
(/usr/share/texmf-dist/tex/generic/ltxcmds/ltxcmds.sty
Package: ltxcmds 2019/12/15 v1.24 LaTeX kernel commands for general use (HO)
))
(/usr/share/texmf-dist/tex/latex/hyperref/hyperref.sty
Package: hyperref 2020-05-15 v7.00e Hypertext links for LaTeX

(/usr/share/texmf-dist/tex/latex/pdftexcmds/pdftexcmds.sty
Package: pdftexcmds 2020-06-04 v0.32 Utility functions of pdfTeX for LuaTeX (HO
)
Package pdftexcmds Info: \pdf@primitive is available.
Package pdftexcmds Info: \pdf@ifprimitive is available.
Package pdftexcmds Info: \pdfdraftmode found.
)
(/usr/share/texmf-dist/tex/generic/kvsetkeys/kvsetkeys.sty
Package: kvsetkeys 2019/12/15 v1.18 Key value parser (HO)
)
(/usr/share/texmf-dist/tex/generic/kvdefinekeys/kvdefinekeys.sty
Package: kvdefinekeys 2019-12-19 v1.6 Define keys (HO)
)
(/usr/share/texmf-dist/tex/generic/pdfescape/pdfescape.sty
Package: pdfescape 2019/12/09 v1.15 Implements pdfTeX's escape features (HO)
)
(/usr/share/texmf-dist/tex/latex/hycolor/hycolor.sty
Package: hycolor 2020-01-27 v1.10 Color options for hyperref/bookmark (HO)
)
(/usr/share/texmf-dist/tex/latex/letltxmacro/letltxmacro.sty
Package: letltxmacro 2019/12/03 v1.6 Let assignment for LaTeX macros (HO)
)
(/usr/share/texmf-dist/tex/latex/auxhook/auxhook.sty
Package: auxhook 2019-12-17 v1.6 Hooks for auxiliary files (HO)
)
(/usr/share/texmf-dist/tex/latex/kvoptions/kvoptions.sty
Package: kvoptions 2019/11/29 v3.13 Key value format for package options (HO)
)
\@linkdim=\dimen197
\Hy@linkcounter=\count275
\Hy@pagecounter=\count276

(/usr/share/texmf-dist/tex/latex/hyperref/pd1enc.def
File: pd1enc.def 2020-05-15 v7.00e Hyperref: PDFDocEncoding definition (HO)
Now handling font encoding PD1 ...
... no UTF-8 mapping file for font encoding PD1
)
(/usr/share/texmf-dist/tex/generic/intcalc/intcalc.sty
Package: intcalc 2019/12/15 v1.3 Expandable calculations with integers (HO)
)
(/usr/share/texmf-dist/tex/generic/etexcmds/etexcmds.sty
Package: etexcmds 2019/12/15 v1.7 Avoid name clashes with e-TeX commands (HO)
)
\Hy@SavedSpaceFactor=\count277
Package hyperref Info: Option `bookmarks' set `true' on input line 4338.
Package hyperref Info: Option `bookmarksopen' set `true' on input line 4338.
Package hyperref Info: Option `implicit' set `false' on input line 4338.
Package hyperref Info: Hyper figures OFF on input line 4464.
Package hyperref Info: Link nesting OFF on input line 4469.
Package hyperref Info: Hyper index ON on input line 4472.
Package hyperref Info: Plain pages OFF on input line 4479.
Package hyperref Info: Backreferencing OFF on input line 4484.
Package hyperref Info: Implicit mode OFF; no redefinition of LaTeX internals.
Package hyperref Info: Bookmarks ON on input line 4717.
\c@Hy@tempcnt=\count278

(/usr/share/texmf-dist/tex/latex/url/url.sty
\Urlmuskip=\muskip16
Package: url 2013/09/16  ver 3.4  Verb mode for urls, etc.
)
LaTeX Info: Redefining \url on input line 5076.
\XeTeXLinkMargin=\dimen198

(/usr/share/texmf-dist/tex/generic/bitset/bitset.sty
Package: bitset 2019/12/09 v1.3 Handle bit-vector datatype (HO)

(/usr/share/texmf-dist/tex/generic/bigintcalc/bigintcalc.sty
Package: bigintcalc 2019/12/15 v1.5 Expandable calculations on big integers (HO
)
))
\Fld@menulength=\count279
\Field@Width=\dimen199
\Fld@charsize=\dimen256
Package hyperref Info: Hyper figures OFF on input line 6347.
Package hyperref Info: Link nesting OFF on input line 6352.
Package hyperref Info: Hyper index ON on input line 6355.
Package hyperref Info: backreferencing OFF on input line 6362.
Package hyperref Info: Link coloring OFF on input line 6367.
Package hyperref Info: Link coloring with OCG OFF on input line 6372.
Package hyperref Info: PDF/A mode OFF on input line 6377.
LaTeX Info: Redefining \ref on input line 6417.
LaTeX Info: Redefining \pageref on input line 6421.
\Hy@abspage=\count280


Package hyperref Message: Stopped early.

)
Package hyperref Info: Driver (autodetected): hpdftex.
 (/usr/share/texmf-dist/tex/latex/hyperref/hpdftex.def
File: hpdftex.def 2020-05-15 v7.00e Hyperref driver for pdfTeX

(/usr/share/texmf-dist/tex/latex/atveryend/atveryend.sty
Package: atveryend 2019-12-11 v1.11 Hooks at the very end of document (HO)
)
\Fld@listcount=\count281
\c@bookmark@seq@number=\count282

(/usr/share/texmf-dist/tex/latex/rerunfilecheck/rerunfilecheck.sty
Package: rerunfilecheck 2019/12/05 v1.9 Rerun checks for auxiliary files (HO)

(/usr/share/texmf-dist/tex/generic/uniquecounter/uniquecounter.sty
Package: uniquecounter 2019/12/15 v1.4 Provide unlimited unique counter (HO)
)
Package uniquecounter Info: New unique counter `rerunfilecheck' on input line 2
86.
))
(/usr/share/texmf-dist/tex/latex/beamer/beamerbaserequires.sty
(/usr/share/texmf-dist/tex/latex/beamer/beamerbasecompatibility.sty)
(/usr/share/texmf-dist/tex/latex/beamer/beamerbasefont.sty
(/usr/share/texmf-dist/tex/latex/amsfonts/amssymb.sty
Package: amssymb 2013/01/14 v3.01 AMS font symbols

(/usr/share/texmf-dist/tex/latex/amsfonts/amsfonts.sty
Package: amsfonts 2013/01/14 v3.01 Basic AMSFonts support
\@emptytoks=\toks27
\symAMSa=\mathgroup4
\symAMSb=\mathgroup5
LaTeX Font Info:    Redeclaring math symbol \hbar on input line 98.
LaTeX Font Info:    Overwriting math alphabet `\mathfrak' in version `bold'
(Font)                  U/euf/m/n --> U/euf/b/n on input line 106.
))
(/usr/share/texmf-dist/tex/latex/sansmathaccent/sansmathaccent.sty
Package: sansmathaccent 2020/01/31

(/usr/share/texmf-dist/tex/latex/koma-script/scrlfile.sty
Package: scrlfile 2020/04/19 v3.30 KOMA-Script package (loading files)
)))
(/usr/share/texmf-dist/tex/latex/beamer/beamerbasetranslator.sty
(/usr/share/texmf-dist/tex/latex/translator/translator.sty
Package: translator 2019-05-31 v1.12a Easy translation of strings in LaTeX
))
(/usr/share/texmf-dist/tex/latex/beamer/beamerbasemisc.sty)
(/usr/share/texmf-dist/tex/latex/beamer/beamerbasetwoscreens.sty)
(/usr/share/texmf-dist/tex/latex/beamer/beamerbaseoverlay.sty
\beamer@argscount=\count283
\beamer@lastskipcover=\skip50
\beamer@trivlistdepth=\count284
)
(/usr/share/texmf-dist/tex/latex/beamer/beamerbasetitle.sty)
(/usr/share/texmf-dist/tex/latex/beamer/beamerbasesection.sty
\c@lecture=\count285
\c@part=\count286
\c@section=\count287
\c@subsection=\count288
\c@subsubsection=\count289
)
(/usr/share/texmf-dist/tex/latex/beamer/beamerbaseframe.sty
\beamer@framebox=\box60
\beamer@frametitlebox=\box61
\beamer@zoombox=\box62
\beamer@zoomcount=\count290
\beamer@zoomframecount=\count291
\beamer@frametextheight=\dimen257
\c@subsectionslide=\count292
\beamer@frametopskip=\skip51
\beamer@framebottomskip=\skip52
\beamer@frametopskipautobreak=\skip53
\beamer@framebottomskipautobreak=\skip54
\beamer@envbody=\toks28
\framewidth=\dimen258
\c@framenumber=\count293
)
(/usr/share/texmf-dist/tex/latex/beamer/beamerbaseverbatim.sty
\beamer@verbatimfileout=\write4
)
(/usr/share/texmf-dist/tex/latex/beamer/beamerbaseframesize.sty
\beamer@splitbox=\box63
\beamer@autobreakcount=\count294
\beamer@autobreaklastheight=\dimen259
\beamer@frametitletoks=\toks29
\beamer@framesubtitletoks=\toks30
)
(/usr/share/texmf-dist/tex/latex/beamer/beamerbaseframecomponents.sty
\beamer@footins=\box64
)
(/usr/share/texmf-dist/tex/latex/beamer/beamerbasecolor.sty)
(/usr/share/texmf-dist/tex/latex/beamer/beamerbasenotes.sty
\beamer@frameboxcopy=\box65
)
(/usr/share/texmf-dist/tex/latex/beamer/beamerbasetoc.sty)
(/usr/share/texmf-dist/tex/latex/beamer/beamerbasetemplates.sty
\beamer@sbttoks=\toks31

(/usr/share/texmf-dist/tex/latex/beamer/beamerbaseauxtemplates.sty
(/usr/share/texmf-dist/tex/latex/beamer/beamerbaseboxes.sty
\bmb@box=\box66
\bmb@colorbox=\box67
\bmb@boxshadow=\box68
\bmb@boxshadowball=\box69
\bmb@boxshadowballlarge=\box70
\bmb@temp=\dimen260
\bmb@dima=\dimen261
\bmb@dimb=\dimen262
\bmb@prevheight=\dimen263
)
\beamer@blockheadheight=\dimen264
))
(/usr/share/texmf-dist/tex/latex/beamer/beamerbaselocalstructure.sty
(/usr/share/texmf-dist/tex/latex/tools/enumerate.sty
Package: enumerate 2015/07/23 v3.00 enumerate extensions (DPC)
\@enLab=\toks32
)
\c@figure=\count295
\c@table=\count296
\abovecaptionskip=\skip55
\belowcaptionskip=\skip56
)
(/usr/share/texmf-dist/tex/latex/beamer/beamerbasenavigation.sty
\beamer@section@min@dim=\dimen265
)
(/usr/share/texmf-dist/tex/latex/beamer/beamerbasetheorems.sty
(/usr/share/texmf-dist/tex/latex/amsmath/amsmath.sty
Package: amsmath 2020/01/20 v2.17e AMS math features
\@mathmargin=\skip57

For additional information on amsmath, use the `?' option.
(/usr/share/texmf-dist/tex/latex/amsmath/amstext.sty
Package: amstext 2000/06/29 v2.01 AMS text

(/usr/share/texmf-dist/tex/latex/amsmath/amsgen.sty
File: amsgen.sty 1999/11/30 v2.0 generic functions
\@emptytoks=\toks33
\ex@=\dimen266
))
(/usr/share/texmf-dist/tex/latex/amsmath/amsbsy.sty
Package: amsbsy 1999/11/29 v1.2d Bold Symbols
\pmbraise@=\dimen267
)
(/usr/share/texmf-dist/tex/latex/amsmath/amsopn.sty
Package: amsopn 2016/03/08 v2.02 operator names
)
\inf@bad=\count297
LaTeX Info: Redefining \frac on input line 227.
\uproot@=\count298
\leftroot@=\count299
LaTeX Info: Redefining \overline on input line 389.
\classnum@=\count300
\DOTSCASE@=\count301
LaTeX Info: Redefining \ldots on input line 486.
LaTeX Info: Redefining \dots on input line 489.
LaTeX Info: Redefining \cdots on input line 610.
\Mathstrutbox@=\box71
\strutbox@=\box72
\big@size=\dimen268
LaTeX Font Info:    Redeclaring font encoding OML on input line 733.
LaTeX Font Info:    Redeclaring font encoding OMS on input line 734.
\macc@depth=\count302
\c@MaxMatrixCols=\count303
\dotsspace@=\muskip17
\c@parentequation=\count304
\dspbrk@lvl=\count305
\tag@help=\toks34
\row@=\count306
\column@=\count307
\maxfields@=\count308
\andhelp@=\toks35
\eqnshift@=\dimen269
\alignsep@=\dimen270
\tagshift@=\dimen271
\tagwidth@=\dimen272
\totwidth@=\dimen273
\lineht@=\dimen274
\@envbody=\toks36
\multlinegap=\skip58
\multlinetaggap=\skip59
\mathdisplay@stack=\toks37
LaTeX Info: Redefining \[ on input line 2859.
LaTeX Info: Redefining \] on input line 2860.
)
(/usr/share/texmf-dist/tex/latex/amscls/amsthm.sty
Package: amsthm 2020/05/29 v2.20.6
\thm@style=\toks38
\thm@bodyfont=\toks39
\thm@headfont=\toks40
\thm@notefont=\toks41
\thm@headpunct=\toks42
\thm@preskip=\skip60
\thm@postskip=\skip61
\thm@headsep=\skip62
\dth@everypar=\toks43
)
\c@theorem=\count309
)
(/usr/share/texmf-dist/tex/latex/beamer/beamerbasethemes.sty))
(/usr/share/texmf-dist/tex/latex/beamer/beamerthemedefault.sty
(/usr/share/texmf-dist/tex/latex/beamer/beamerfontthemedefault.sty)
(/usr/share/texmf-dist/tex/latex/beamer/beamercolorthemedefault.sty)
(/usr/share/texmf-dist/tex/latex/beamer/beamerinnerthemedefault.sty
\beamer@dima=\dimen275
\beamer@dimb=\dimen276
)
(/usr/share/texmf-dist/tex/latex/beamer/beamerouterthemedefault.sty)))
(/usr/share/texmf-dist/tex/latex/beamer/beamerthemeMadrid.sty
(/usr/share/texmf-dist/tex/latex/beamer/beamercolorthemewhale.sty)
(/usr/share/texmf-dist/tex/latex/beamer/beamercolorthemeorchid.sty)
(/usr/share/texmf-dist/tex/latex/beamer/beamerinnerthemerounded.sty)
(/usr/share/texmf-dist/tex/latex/beamer/beamerouterthemeinfolines.sty))
(/usr/share/texmf-dist/tex/latex/beamer/beamercolorthemeseahorse.sty)
(/usr/share/texmf-dist/tex/latex/base/inputenc.sty
Package: inputenc 2018/08/11 v1.3c Input encoding file
\inpenc@prehook=\toks44
\inpenc@posthook=\toks45
)
(/usr/share/texmf-dist/tex/latex/mdframed/mdframed.sty
Package: mdframed 2013/07/01 1.9b: mdframed

(/usr/share/texmf-dist/tex/latex/l3packages/xparse/xparse.sty
(/usr/share/texmf-dist/tex/latex/l3kernel/expl3.sty
Package: expl3 2020-06-03 L3 programming layer (loader) 

(/usr/share/texmf-dist/tex/latex/l3backend/l3backend-pdfmode.def
File: l3backend-pdfmode.def 2020-06-03 L3 backend support: PDF mode
\l__kernel_color_stack_int=\count310
\l__pdf_internal_box=\box73
))
Package: xparse 2020-05-15 L3 Experimental document command parser

(/usr/share/texmf-dist/tex/latex/l3packages/xparse/xparse-generic.tex
\l__xparse_current_arg_int=\count311
\g__xparse_grabber_int=\count312
\l__xparse_m_args_int=\count313
\l__xparse_v_nesting_int=\count314
))
(/usr/share/texmf-dist/tex/latex/zref/zref-abspage.sty
Package: zref-abspage 2020-05-28 v2.31 Module abspage for zref (HO)

(/usr/share/texmf-dist/tex/latex/zref/zref-base.sty
Package: zref-base 2020-05-28 v2.31 Module base for zref (HO)
Package zref Info: New property list: main on input line 763.
Package zref Info: New property: default on input line 764.
Package zref Info: New property: page on input line 765.
)
\c@abspage=\count315
Package zref Info: New property: abspage on input line 66.
)
(/usr/share/texmf-dist/tex/latex/needspace/needspace.sty
Package: needspace 2010/09/12 v1.3d reserve vertical space
)
\mdf@templength=\skip63
\c@mdf@globalstyle@cnt=\count316
\mdf@skipabove@length=\skip64
\mdf@skipbelow@length=\skip65
\mdf@leftmargin@length=\skip66
\mdf@rightmargin@length=\skip67
\mdf@innerleftmargin@length=\skip68
\mdf@innerrightmargin@length=\skip69
\mdf@innertopmargin@length=\skip70
\mdf@innerbottommargin@length=\skip71
\mdf@splittopskip@length=\skip72
\mdf@splitbottomskip@length=\skip73
\mdf@outermargin@length=\skip74
\mdf@innermargin@length=\skip75
\mdf@linewidth@length=\skip76
\mdf@innerlinewidth@length=\skip77
\mdf@middlelinewidth@length=\skip78
\mdf@outerlinewidth@length=\skip79
\mdf@roundcorner@length=\skip80
\mdf@footenotedistance@length=\skip81
\mdf@userdefinedwidth@length=\skip82
\mdf@needspace@length=\skip83
\mdf@frametitleaboveskip@length=\skip84
\mdf@frametitlebelowskip@length=\skip85
\mdf@frametitlerulewidth@length=\skip86
\mdf@frametitleleftmargin@length=\skip87
\mdf@frametitlerightmargin@length=\skip88
\mdf@shadowsize@length=\skip89
\mdf@extratopheight@length=\skip90
\mdf@subtitleabovelinewidth@length=\skip91
\mdf@subtitlebelowlinewidth@length=\skip92
\mdf@subtitleaboveskip@length=\skip93
\mdf@subtitlebelowskip@length=\skip94
\mdf@subtitleinneraboveskip@length=\skip95
\mdf@subtitleinnerbelowskip@length=\skip96
\mdf@subsubtitleabovelinewidth@length=\skip97
\mdf@subsubtitlebelowlinewidth@length=\skip98
\mdf@subsubtitleaboveskip@length=\skip99
\mdf@subsubtitlebelowskip@length=\skip100
\mdf@subsubtitleinneraboveskip@length=\skip101
\mdf@subsubtitleinnerbelowskip@length=\skip102

(/usr/share/texmf-dist/tex/latex/pgf/frontendlayer/tikz.sty
(/usr/share/texmf-dist/tex/latex/pgf/basiclayer/pgf.sty
Package: pgf 2020/01/08 v3.1.5b (3.1.5b)

(/usr/share/texmf-dist/tex/generic/pgf/modules/pgfmoduleshapes.code.tex
File: pgfmoduleshapes.code.tex 2020/01/08 v3.1.5b (3.1.5b)
\pgfnodeparttextbox=\box74
)
(/usr/share/texmf-dist/tex/generic/pgf/modules/pgfmoduleplot.code.tex
File: pgfmoduleplot.code.tex 2020/01/08 v3.1.5b (3.1.5b)
)
(/usr/share/texmf-dist/tex/latex/pgf/compatibility/pgfcomp-version-0-65.sty
Package: pgfcomp-version-0-65 2020/01/08 v3.1.5b (3.1.5b)
\pgf@nodesepstart=\dimen277
\pgf@nodesepend=\dimen278
)
(/usr/share/texmf-dist/tex/latex/pgf/compatibility/pgfcomp-version-1-18.sty
Package: pgfcomp-version-1-18 2020/01/08 v3.1.5b (3.1.5b)
))
(/usr/share/texmf-dist/tex/latex/pgf/utilities/pgffor.sty
(/usr/share/texmf-dist/tex/latex/pgf/utilities/pgfkeys.sty
(/usr/share/texmf-dist/tex/generic/pgf/utilities/pgfkeys.code.tex))
(/usr/share/texmf-dist/tex/latex/pgf/math/pgfmath.sty
(/usr/share/texmf-dist/tex/generic/pgf/math/pgfmath.code.tex))
(/usr/share/texmf-dist/tex/generic/pgf/utilities/pgffor.code.tex
Package: pgffor 2020/01/08 v3.1.5b (3.1.5b)

(/usr/share/texmf-dist/tex/generic/pgf/math/pgfmath.code.tex)
\pgffor@iter=\dimen279
\pgffor@skip=\dimen280
\pgffor@stack=\toks46
\pgffor@toks=\toks47
))
(/usr/share/texmf-dist/tex/generic/pgf/frontendlayer/tikz/tikz.code.tex
Package: tikz 2020/01/08 v3.1.5b (3.1.5b)

(/usr/share/texmf-dist/tex/generic/pgf/libraries/pgflibraryplothandlers.code.te
x
File: pgflibraryplothandlers.code.tex 2020/01/08 v3.1.5b (3.1.5b)
\pgf@plot@mark@count=\count317
\pgfplotmarksize=\dimen281
)
\tikz@lastx=\dimen282
\tikz@lasty=\dimen283
\tikz@lastxsaved=\dimen284
\tikz@lastysaved=\dimen285
\tikz@lastmovetox=\dimen286
\tikz@lastmovetoy=\dimen287
\tikzleveldistance=\dimen288
\tikzsiblingdistance=\dimen289
\tikz@figbox=\box75
\tikz@figbox@bg=\box76
\tikz@tempbox=\box77
\tikz@tempbox@bg=\box78
\tikztreelevel=\count318
\tikznumberofchildren=\count319
\tikznumberofcurrentchild=\count320
\tikz@fig@count=\count321
 (/usr/share/texmf-dist/tex/generic/pgf/modules/pgfmodulematrix.code.tex
File: pgfmodulematrix.code.tex 2020/01/08 v3.1.5b (3.1.5b)
\pgfmatrixcurrentrow=\count322
\pgfmatrixcurrentcolumn=\count323
\pgf@matrix@numberofcolumns=\count324
)
\tikz@expandcount=\count325

(/usr/share/texmf-dist/tex/generic/pgf/frontendlayer/tikz/libraries/tikzlibrary
topaths.code.tex
File: tikzlibrarytopaths.code.tex 2020/01/08 v3.1.5b (3.1.5b)
))) (/usr/share/texmf-dist/tex/latex/mdframed/md-frame-1.mdf
File: md-frame-1.mdf 2013/07/01\ 1.9b: md-frame-1
)
\mdf@frametitlebox=\box79
\mdf@footnotebox=\box80
\mdf@splitbox@one=\box81
\mdf@splitbox@two=\box82
\mdf@splitbox@save=\box83
\mdfsplitboxwidth=\skip103
\mdfsplitboxtotalwidth=\skip104
\mdfsplitboxheight=\skip105
\mdfsplitboxdepth=\skip106
\mdfsplitboxtotalheight=\skip107
\mdfframetitleboxwidth=\skip108
\mdfframetitleboxtotalwidth=\skip109
\mdfframetitleboxheight=\skip110
\mdfframetitleboxdepth=\skip111
\mdfframetitleboxtotalheight=\skip112
\mdffootnoteboxwidth=\skip113
\mdffootnoteboxtotalwidth=\skip114
\mdffootnoteboxheight=\skip115
\mdffootnoteboxdepth=\skip116
\mdffootnoteboxtotalheight=\skip117
\mdftotallinewidth=\skip118
\mdfboundingboxwidth=\skip119
\mdfboundingboxtotalwidth=\skip120
\mdfboundingboxheight=\skip121
\mdfboundingboxdepth=\skip122
\mdfboundingboxtotalheight=\skip123
\mdf@freevspace@length=\skip124
\mdf@horizontalwidthofbox@length=\skip125
\mdf@verticalmarginwhole@length=\skip126
\mdf@horizontalspaceofbox=\skip127
\mdfsubtitleheight=\skip128
\mdfsubsubtitleheight=\skip129
\c@mdfcountframes=\count326

****** mdframed patching \endmdf@trivlist

****** -- failed******

\mdf@envdepth=\count327
\c@mdf@env@i=\count328
\c@mdf@env@ii=\count329
\c@mdf@zref@counter=\count330
Package zref Info: New property: mdf@pagevalue on input line 895.
)
(/usr/share/texmf-dist/tex/latex/tcolorbox/tcolorbox.sty
Package: tcolorbox 2020/04/28 version 4.30 text color boxes

(/usr/share/texmf-dist/tex/latex/tools/verbatim.sty
Package: verbatim 2019/11/10 v1.5r LaTeX2e package for verbatim enhancements
\every@verbatim=\toks48
\verbatim@line=\toks49
\verbatim@in@stream=\read3
)
(/usr/share/texmf-dist/tex/latex/environ/environ.sty
Package: environ 2014/05/04 v0.3 A new way to define environments

(/usr/share/texmf-dist/tex/latex/trimspaces/trimspaces.sty
Package: trimspaces 2009/09/17 v1.1 Trim spaces around a token list
))
\tcb@titlebox=\box84
\tcb@upperbox=\box85
\tcb@lowerbox=\box86
\tcb@phantombox=\box87
\c@tcbbreakpart=\count331
\c@tcblayer=\count332
\c@tcolorbox@number=\count333
\tcb@temp=\box88
\tcb@temp=\box89
\tcb@temp=\box90
\tcb@temp=\box91
\tcb@out=\write5
\tcb@record@out=\write6
)
(/usr/share/texmf-dist/tex/latex/microtype/microtype.sty
Package: microtype 2019/11/18 v2.7d Micro-typographical refinements (RS)
\MT@toks=\toks50
\MT@count=\count334
LaTeX Info: Redefining \textls on input line 790.
\MT@outer@kern=\dimen290
LaTeX Info: Redefining \textmicrotypecontext on input line 1354.
\MT@listname@count=\count335

(/usr/share/texmf-dist/tex/latex/microtype/microtype-pdftex.def
File: microtype-pdftex.def 2019/11/18 v2.7d Definitions specific to pdftex (RS)

LaTeX Info: Redefining \lsstyle on input line 914.
LaTeX Info: Redefining \lslig on input line 914.
\MT@outer@space=\skip130
)
Package microtype Info: Loading configuration file microtype.cfg.

(/usr/share/texmf-dist/tex/latex/microtype/microtype.cfg
File: microtype.cfg 2019/11/18 v2.7d microtype main configuration file (RS)
))
(/usr/share/texmf-dist/tex/latex/psnfss/pifont.sty
Package: pifont 2020/03/25 PSNFSS-v9.3 Pi font support (SPQR) 
LaTeX Font Info:    Trying to load font information for U+pzd on input line 63.


(/usr/share/texmf-dist/tex/latex/psnfss/upzd.fd
File: upzd.fd 2001/06/04 font definitions for U/pzd.
)
LaTeX Font Info:    Trying to load font information for U+psy on input line 64.


(/usr/share/texmf-dist/tex/latex/psnfss/upsy.fd
File: upsy.fd 2001/06/04 font definitions for U/psy.
))

Package hyperref Warning: Token not allowed in a PDF string (PDFDocEncoding):
(hyperref)                removing `\\' on input line 56.

(./Aula1.aux)
LaTeX Font Info:    Checking defaults for OML/cmm/m/it on input line 69.
LaTeX Font Info:    ... okay on input line 69.
LaTeX Font Info:    Checking defaults for OMS/cmsy/m/n on input line 69.
LaTeX Font Info:    ... okay on input line 69.
LaTeX Font Info:    Checking defaults for OT1/cmr/m/n on input line 69.
LaTeX Font Info:    ... okay on input line 69.
LaTeX Font Info:    Checking defaults for T1/cmr/m/n on input line 69.
LaTeX Font Info:    ... okay on input line 69.
LaTeX Font Info:    Checking defaults for TS1/cmr/m/n on input line 69.
LaTeX Font Info:    ... okay on input line 69.
LaTeX Font Info:    Checking defaults for OMX/cmex/m/n on input line 69.
LaTeX Font Info:    ... okay on input line 69.
LaTeX Font Info:    Checking defaults for U/cmr/m/n on input line 69.
LaTeX Font Info:    ... okay on input line 69.
LaTeX Font Info:    Checking defaults for PD1/pdf/m/n on input line 69.
LaTeX Font Info:    ... okay on input line 69.

*geometry* driver: auto-detecting
*geometry* detected driver: pdftex
*geometry* verbose mode - [ preamble ] result:
* driver: pdftex
* paper: custom
* layout: <same size as paper>
* layoutoffset:(h,v)=(0.0pt,0.0pt)
* modes: includehead includefoot 
* h-part:(L,W,R)=(9.24994pt, 345.69548pt, 9.24994pt)
* v-part:(T,H,B)=(0.0pt, 273.14662pt, 0.0pt)
* \paperwidth=364.19536pt
* \paperheight=273.14662pt
* \textwidth=345.69548pt
* \textheight=244.6939pt
* \oddsidemargin=-63.02005pt
* \evensidemargin=-63.02005pt
* \topmargin=-72.26999pt
* \headheight=14.22636pt
* \headsep=0.0pt
* \topskip=9.0pt
* \footskip=14.22636pt
* \marginparwidth=4.0pt
* \marginparsep=10.0pt
* \columnsep=10.0pt
* \skip\footins=8.0pt plus 4.0pt minus 2.0pt
* \hoffset=0.0pt
* \voffset=0.0pt
* \mag=1000
* \@twocolumnfalse
* \@twosidefalse
* \@mparswitchfalse
* \@reversemarginfalse
* (1in=72.27pt=25.4mm, 1cm=28.453pt)

(/usr/share/texmf-dist/tex/context/base/mkii/supp-pdf.mkii
[Loading MPS to PDF converter (version 2006.09.02).]
\scratchcounter=\count336
\scratchdimen=\dimen291
\scratchbox=\box92
\nofMPsegments=\count337
\nofMParguments=\count338
\everyMPshowfont=\toks51
\MPscratchCnt=\count339
\MPscratchDim=\dimen292
\MPnumerator=\count340
\makeMPintoPDFobject=\count341
\everyMPtoPDFconversion=\toks52
) (/usr/share/texmf-dist/tex/latex/epstopdf-pkg/epstopdf-base.sty
Package: epstopdf-base 2020-01-24 v2.11 Base part for package epstopdf
Package epstopdf-base Info: Redefining graphics rule for `.eps' on input line 4
85.

(/usr/share/texmf-dist/tex/latex/latexconfig/epstopdf-sys.cfg
File: epstopdf-sys.cfg 2010/07/13 v1.3 Configuration of (r)epstopdf for TeX Liv
e
))
ABD: EveryShipout initializing macros
\AtBeginShipoutBox=\box93
Package hyperref Info: Link coloring OFF on input line 69.

(/usr/share/texmf-dist/tex/latex/hyperref/nameref.sty
Package: nameref 2019/09/16 v2.46 Cross-referencing by name of section

(/usr/share/texmf-dist/tex/latex/refcount/refcount.sty
Package: refcount 2019/12/15 v3.6 Data extraction from label references (HO)
)
(/usr/share/texmf-dist/tex/generic/gettitlestring/gettitlestring.sty
Package: gettitlestring 2019/12/15 v1.6 Cleanup title references (HO)
)
\c@section@level=\count342
)
LaTeX Info: Redefining \ref on input line 69.
LaTeX Info: Redefining \pageref on input line 69.
LaTeX Info: Redefining \nameref on input line 69.

(./Aula1.out) (./Aula1.out)
\@outlinefile=\write7
LaTeX Font Info:    Overwriting symbol font `operators' in version `normal'
(Font)                  OT1/cmr/m/n --> OT1/cmss/m/n on input line 69.
LaTeX Font Info:    Overwriting symbol font `operators' in version `bold'
(Font)                  OT1/cmr/bx/n --> OT1/cmss/b/n on input line 69.
\symnumbers=\mathgroup6
\sympureletters=\mathgroup7
LaTeX Font Info:    Overwriting math alphabet `\mathrm' in version `normal'
(Font)                  OT1/cmss/m/n --> OT1/cmr/m/n on input line 69.
LaTeX Font Info:    Redeclaring math alphabet \mathbf on input line 69.
LaTeX Font Info:    Overwriting math alphabet `\mathbf' in version `normal'
(Font)                  OT1/cmr/bx/n --> OT1/cmss/b/n on input line 69.
LaTeX Font Info:    Overwriting math alphabet `\mathbf' in version `bold'
(Font)                  OT1/cmr/bx/n --> OT1/cmss/b/n on input line 69.
LaTeX Font Info:    Redeclaring math alphabet \mathsf on input line 69.
LaTeX Font Info:    Overwriting math alphabet `\mathsf' in version `normal'
(Font)                  OT1/cmss/m/n --> OT1/cmss/m/n on input line 69.
LaTeX Font Info:    Overwriting math alphabet `\mathsf' in version `bold'
(Font)                  OT1/cmss/bx/n --> OT1/cmss/m/n on input line 69.
LaTeX Font Info:    Redeclaring math alphabet \mathit on input line 69.
LaTeX Font Info:    Overwriting math alphabet `\mathit' in version `normal'
(Font)                  OT1/cmr/m/it --> OT1/cmss/m/it on input line 69.
LaTeX Font Info:    Overwriting math alphabet `\mathit' in version `bold'
(Font)                  OT1/cmr/bx/it --> OT1/cmss/m/it on input line 69.
LaTeX Font Info:    Redeclaring math alphabet \mathtt on input line 69.
LaTeX Font Info:    Overwriting math alphabet `\mathtt' in version `normal'
(Font)                  OT1/cmtt/m/n --> OT1/cmtt/m/n on input line 69.
LaTeX Font Info:    Overwriting math alphabet `\mathtt' in version `bold'
(Font)                  OT1/cmtt/m/n --> OT1/cmtt/m/n on input line 69.
LaTeX Font Info:    Overwriting symbol font `numbers' in version `bold'
(Font)                  OT1/cmss/m/n --> OT1/cmss/b/n on input line 69.
LaTeX Font Info:    Overwriting symbol font `pureletters' in version `bold'
(Font)                  OT1/cmss/m/it --> OT1/cmss/b/it on input line 69.
LaTeX Font Info:    Overwriting math alphabet `\mathrm' in version `bold'
(Font)                  OT1/cmss/b/n --> OT1/cmr/b/n on input line 69.
LaTeX Font Info:    Overwriting math alphabet `\mathbf' in version `bold'
(Font)                  OT1/cmss/b/n --> OT1/cmss/b/n on input line 69.
LaTeX Font Info:    Overwriting math alphabet `\mathsf' in version `bold'
(Font)                  OT1/cmss/m/n --> OT1/cmss/b/n on input line 69.
LaTeX Font Info:    Overwriting math alphabet `\mathit' in version `bold'
(Font)                  OT1/cmss/m/it --> OT1/cmss/b/it on input line 69.
LaTeX Font Info:    Overwriting math alphabet `\mathtt' in version `bold'
(Font)                  OT1/cmtt/m/n --> OT1/cmtt/b/n on input line 69.
LaTeX Font Info:    Redeclaring symbol font `pureletters' on input line 69.
LaTeX Font Info:    Overwriting symbol font `pureletters' in version `normal'
(Font)                  OT1/cmss/m/it --> OT1/mathkerncmss/m/sl on input line 6
9.
LaTeX Font Info:    Overwriting symbol font `pureletters' in version `bold'
(Font)                  OT1/cmss/b/it --> OT1/mathkerncmss/m/sl on input line 6
9.
LaTeX Font Info:    Overwriting symbol font `pureletters' in version `bold'
(Font)                  OT1/mathkerncmss/m/sl --> OT1/mathkerncmss/bx/sl on inp
ut line 69.

(/usr/share/texmf-dist/tex/latex/translator/translator-basic-dictionary-English
.dict
Dictionary: translator-basic-dictionary, Language: English 
)
(/usr/share/texmf-dist/tex/latex/translator/translator-bibliography-dictionary-
English.dict
Dictionary: translator-bibliography-dictionary, Language: English 
)
(/usr/share/texmf-dist/tex/latex/translator/translator-environment-dictionary-E
nglish.dict
Dictionary: translator-environment-dictionary, Language: English 
)
(/usr/share/texmf-dist/tex/latex/translator/translator-months-dictionary-Englis
h.dict
Dictionary: translator-months-dictionary, Language: English 
)
(/usr/share/texmf-dist/tex/latex/translator/translator-numbers-dictionary-Engli
sh.dict
Dictionary: translator-numbers-dictionary, Language: English 
)
(/usr/share/texmf-dist/tex/latex/translator/translator-theorem-dictionary-Engli
sh.dict
Dictionary: translator-theorem-dictionary, Language: English 
)
LaTeX Info: Redefining \microtypecontext on input line 69.
Package microtype Info: Generating PDF output.
Package microtype Info: Character protrusion enabled (level 2),
(microtype)             factor: 1100.
Package microtype Info: Using default protrusion set `alltext'.
Package microtype Info: Automatic font expansion enabled (level 2),
(microtype)             stretch: 10, shrink: 10, step: 1, non-selected.
Package microtype Info: Using default expansion set `basictext'.
LaTeX Info: Redefining \showhyphens on input line 69.
Package microtype Info: Tracking enabled.
Package microtype Info: Using default tracking set `smallcaps'.
Package microtype Info: Adjustment of interword spacing enabled.
Package microtype Info: Using default spacing set `basictext'.
Package microtype Info: Adjustment of character kerning enabled.
Package microtype Info: Using default kerning set `alltext'.
Package microtype Info: Loading generic protrusion settings for font family
(microtype)             `cmss' (encoding: OT1).
(microtype)             For optimal results, create family-specific settings.
(microtype)             See the microtype manual for details.


Package microtype Warning: \nonfrenchspacing is active. Adjustment of
(microtype)                interword spacing will disable it. You might want
(microtype)                to add `\microtypecontext{spacing=nonfrench}'
(microtype)                to your preamble.

(./Aula1.nav)
LaTeX Font Info:    Trying to load font information for U+msa on input line 69.

 (/usr/share/texmf-dist/tex/latex/amsfonts/umsa.fd
File: umsa.fd 2013/01/14 v3.01 AMS symbols A
)
(/usr/share/texmf-dist/tex/latex/microtype/mt-msa.cfg
File: mt-msa.cfg 2006/02/04 v1.1 microtype config. file: AMS symbols (a) (RS)
)
LaTeX Font Info:    Trying to load font information for U+msb on input line 69.


(/usr/share/texmf-dist/tex/latex/amsfonts/umsb.fd
File: umsb.fd 2013/01/14 v3.01 AMS symbols B
)
(/usr/share/texmf-dist/tex/latex/microtype/mt-msb.cfg
File: mt-msb.cfg 2005/06/01 v1.0 microtype config. file: AMS symbols (b) (RS)
)
LaTeX Font Info:    Trying to load font information for OT1+mathkerncmss on inp
ut line 69.

(/usr/share/texmf-dist/tex/latex/sansmathaccent/ot1mathkerncmss.fd
File: ot1mathkerncmss.fd 2020/01/31 Fontinst v1.933 font definitions for OT1/ma
thkerncmss.
)
Package microtype Info: Loading generic protrusion settings for font family
(microtype)             `mathkerncmss' (encoding: OT1).
(microtype)             For optimal results, create family-specific settings.
(microtype)             See the microtype manual for details.
<../Imagens/TP.jpg, id=84, 1194.864pt x 845.0772pt>
File: ../Imagens/TP.jpg Graphic file (type jpg)
<use ../Imagens/TP.jpg>
Package pdftex.def Info: ../Imagens/TP.jpg  used on input line 80.
(pdftex.def)             Requested size: 364.19536pt x 257.57408pt.
 [1

{/var/lib/texmf/fonts/map/pdftex/updmap/pdftex.map} <../Imagens/TP.jpg>]
<../Imagens/fundo1.jpg, id=120, 1194.864pt x 845.0772pt>
File: ../Imagens/fundo1.jpg Graphic file (type jpg)
<use ../Imagens/fundo1.jpg>
Package pdftex.def Info: ../Imagens/fundo1.jpg  used on input line 96.
(pdftex.def)             Requested size: 364.18686pt x 273.13814pt.
 [2

 <../Imagens/fundo1.jpg>]
File: ../Imagens/fundo1.jpg Graphic file (type jpg)
<use ../Imagens/fundo1.jpg>
Package pdftex.def Info: ../Imagens/fundo1.jpg  used on input line 109.
(pdftex.def)             Requested size: 364.18686pt x 273.13814pt.
 [3

]
File: ../Imagens/fundo1.jpg Graphic file (type jpg)
<use ../Imagens/fundo1.jpg>
Package pdftex.def Info: ../Imagens/fundo1.jpg  used on input line 109.
(pdftex.def)             Requested size: 364.18686pt x 273.13814pt.
 [4

]
File: ../Imagens/fundo1.jpg Graphic file (type jpg)
<use ../Imagens/fundo1.jpg>
Package pdftex.def Info: ../Imagens/fundo1.jpg  used on input line 109.
(pdftex.def)             Requested size: 364.18686pt x 273.13814pt.
 [5

]
File: ../Imagens/fundo1.jpg Graphic file (type jpg)
<use ../Imagens/fundo1.jpg>
Package pdftex.def Info: ../Imagens/fundo1.jpg  used on input line 109.
(pdftex.def)             Requested size: 364.18686pt x 273.13814pt.
 [6

]
File: ../Imagens/fundo1.jpg Graphic file (type jpg)
<use ../Imagens/fundo1.jpg>
Package pdftex.def Info: ../Imagens/fundo1.jpg  used on input line 109.
(pdftex.def)             Requested size: 364.18686pt x 273.13814pt.
 [7

]
File: ../Imagens/fundo1.jpg Graphic file (type jpg)
<use ../Imagens/fundo1.jpg>
Package pdftex.def Info: ../Imagens/fundo1.jpg  used on input line 122.
(pdftex.def)             Requested size: 364.18686pt x 273.13814pt.
 [8

]
File: ../Imagens/fundo1.jpg Graphic file (type jpg)
<use ../Imagens/fundo1.jpg>
Package pdftex.def Info: ../Imagens/fundo1.jpg  used on input line 122.
(pdftex.def)             Requested size: 364.18686pt x 273.13814pt.
 [9

]
File: ../Imagens/fundo1.jpg Graphic file (type jpg)
<use ../Imagens/fundo1.jpg>
Package pdftex.def Info: ../Imagens/fundo1.jpg  used on input line 122.
(pdftex.def)             Requested size: 364.18686pt x 273.13814pt.
 [10

]
File: ../Imagens/fundo1.jpg Graphic file (type jpg)
<use ../Imagens/fundo1.jpg>
Package pdftex.def Info: ../Imagens/fundo1.jpg  used on input line 122.
(pdftex.def)             Requested size: 364.18686pt x 273.13814pt.
 [11

]
File: ../Imagens/fundo1.jpg Graphic file (type jpg)
<use ../Imagens/fundo1.jpg>
Package pdftex.def Info: ../Imagens/fundo1.jpg  used on input line 122.
(pdftex.def)             Requested size: 364.18686pt x 273.13814pt.
 [12

]
File: ../Imagens/fundo1.jpg Graphic file (type jpg)
<use ../Imagens/fundo1.jpg>
Package pdftex.def Info: ../Imagens/fundo1.jpg  used on input line 136.
(pdftex.def)             Requested size: 364.18686pt x 273.13814pt.
 [13

]
File: ../Imagens/fundo1.jpg Graphic file (type jpg)
<use ../Imagens/fundo1.jpg>
Package pdftex.def Info: ../Imagens/fundo1.jpg  used on input line 136.
(pdftex.def)             Requested size: 364.18686pt x 273.13814pt.
 [14

]
File: ../Imagens/fundo1.jpg Graphic file (type jpg)
<use ../Imagens/fundo1.jpg>
Package pdftex.def Info: ../Imagens/fundo1.jpg  used on input line 136.
(pdftex.def)             Requested size: 364.18686pt x 273.13814pt.
 [15

]
File: ../Imagens/fundo1.jpg Graphic file (type jpg)
<use ../Imagens/fundo1.jpg>
Package pdftex.def Info: ../Imagens/fundo1.jpg  used on input line 136.
(pdftex.def)             Requested size: 364.18686pt x 273.13814pt.
 [16

]
File: ../Imagens/fundo1.jpg Graphic file (type jpg)
<use ../Imagens/fundo1.jpg>
Package pdftex.def Info: ../Imagens/fundo1.jpg  used on input line 136.
(pdftex.def)             Requested size: 364.18686pt x 273.13814pt.

[17

]

LaTeX Font Warning: Font shape `OT1/cmss/m/sc' in size <9> not available
(Font)              Font shape `OT1/cmr/m/sc' tried instead on input line 172.

(/usr/share/texmf-dist/tex/latex/microtype/mt-cmr.cfg
File: mt-cmr.cfg 2013/05/19 v2.2 microtype config. file: Computer Modern Roman 
(RS)
)
File: ../Imagens/fundo1.jpg Graphic file (type jpg)
<use ../Imagens/fundo1.jpg>
Package pdftex.def Info: ../Imagens/fundo1.jpg  used on input line 172.
(pdftex.def)             Requested size: 364.18686pt x 273.13814pt.
 [18

]
File: ../Imagens/fundo1.jpg Graphic file (type jpg)
<use ../Imagens/fundo1.jpg>
Package pdftex.def Info: ../Imagens/fundo1.jpg  used on input line 172.
(pdftex.def)             Requested size: 364.18686pt x 273.13814pt.
 [19

]
File: ../Imagens/fundo1.jpg Graphic file (type jpg)
<use ../Imagens/fundo1.jpg>
Package pdftex.def Info: ../Imagens/fundo1.jpg  used on input line 172.
(pdftex.def)             Requested size: 364.18686pt x 273.13814pt.
 [20

]
File: ../Imagens/fundo1.jpg Graphic file (type jpg)
<use ../Imagens/fundo1.jpg>
Package pdftex.def Info: ../Imagens/fundo1.jpg  used on input line 172.
(pdftex.def)             Requested size: 364.18686pt x 273.13814pt.
 [21

]
File: ../Imagens/fundo1.jpg Graphic file (type jpg)
<use ../Imagens/fundo1.jpg>
Package pdftex.def Info: ../Imagens/fundo1.jpg  used on input line 172.
(pdftex.def)             Requested size: 364.18686pt x 273.13814pt.

[22

]
File: ../Imagens/fundo1.jpg Graphic file (type jpg)
<use ../Imagens/fundo1.jpg>
Package pdftex.def Info: ../Imagens/fundo1.jpg  used on input line 172.
(pdftex.def)             Requested size: 364.18686pt x 273.13814pt.
 [23

]
File: ../Imagens/fundo1.jpg Graphic file (type jpg)
<use ../Imagens/fundo1.jpg>
Package pdftex.def Info: ../Imagens/fundo1.jpg  used on input line 213.
(pdftex.def)             Requested size: 364.18686pt x 273.13814pt.
 [24

]
File: ../Imagens/fundo1.jpg Graphic file (type jpg)
<use ../Imagens/fundo1.jpg>
Package pdftex.def Info: ../Imagens/fundo1.jpg  used on input line 213.
(pdftex.def)             Requested size: 364.18686pt x 273.13814pt.
 [25

]
File: ../Imagens/fundo1.jpg Graphic file (type jpg)
<use ../Imagens/fundo1.jpg>
Package pdftex.def Info: ../Imagens/fundo1.jpg  used on input line 213.
(pdftex.def)             Requested size: 364.18686pt x 273.13814pt.
 [26

]
File: ../Imagens/fundo1.jpg Graphic file (type jpg)
<use ../Imagens/fundo1.jpg>
Package pdftex.def Info: ../Imagens/fundo1.jpg  used on input line 213.
(pdftex.def)             Requested size: 364.18686pt x 273.13814pt.
 [27

]
File: ../Imagens/fundo1.jpg Graphic file (type jpg)
<use ../Imagens/fundo1.jpg>
Package pdftex.def Info: ../Imagens/fundo1.jpg  used on input line 213.
(pdftex.def)             Requested size: 364.18686pt x 273.13814pt.
 [28

]
File: ../Imagens/fundo1.jpg Graphic file (type jpg)
<use ../Imagens/fundo1.jpg>
Package pdftex.def Info: ../Imagens/fundo1.jpg  used on input line 213.
(pdftex.def)             Requested size: 364.18686pt x 273.13814pt.
 [29

]

! Package pgfkeys Error: I do not know the key '/tcb/borderline', to which you 
passed '{0.4mm}{-2mm}{red}', and I am going to ignore it. Perhaps you misspelle
d it.

See the pgfkeys package documentation for explanation.
Type  H <return>  for immediate help.
 ...                                              
                                                  
l.231 \end{frame}
                 
This error message was generated by an \errmessage
command, so I can't give any explicit help.
Pretend that you're Hercule Poirot: Examine all clues,
and deduce the truth by order and method.


LaTeX Font Warning: Font shape `OT1/cmss/m/n' in size <39.83385> not available
(Font)              size <42.99> substituted on input line 231.


LaTeX Font Warning: Font shape `OT1/cmss/bx/n' in size <39.83385> not available

(Font)              size <42.99> substituted on input line 231.


Overfull \hbox (2.66243pt too wide) in paragraph at lines 231--231
 []\OT1/cmss/bx/n/42.99 STOP 
 []

File: ../Imagens/fundo1.jpg Graphic file (type jpg)
<use ../Imagens/fundo1.jpg>
Package pdftex.def Info: ../Imagens/fundo1.jpg  used on input line 231.
(pdftex.def)             Requested size: 364.18686pt x 273.13814pt.
[30

]
<../Imagens/MC1.png, id=889, 1420.30624pt x 447.6725pt>
File: ../Imagens/MC1.png Graphic file (type png)
<use ../Imagens/MC1.png>
Package pdftex.def Info: ../Imagens/MC1.png  used on input line 250.
(pdftex.def)             Requested size: 284.05621pt x 89.53291pt.
<../Imagens/MC3.png, id=891, 1050.92625pt x 366.36874pt>
File: ../Imagens/MC3.png Graphic file (type png)
<use ../Imagens/MC3.png>
Package pdftex.def Info: ../Imagens/MC3.png  used on input line 250.
(pdftex.def)             Requested size: 210.18153pt x 73.27245pt.
File: ../Imagens/fundo1.jpg Graphic file (type jpg)
<use ../Imagens/fundo1.jpg>
Package pdftex.def Info: ../Imagens/fundo1.jpg  used on input line 250.
(pdftex.def)             Requested size: 364.18686pt x 273.13814pt.
 [31

 <../Imagens/MC1.png> <../Imagens/MC3.png>]
File: ../Imagens/MC1.png Graphic file (type png)
<use ../Imagens/MC1.png>
Package pdftex.def Info: ../Imagens/MC1.png  used on input line 250.
(pdftex.def)             Requested size: 284.05621pt x 89.53291pt.
File: ../Imagens/MC3.png Graphic file (type png)
<use ../Imagens/MC3.png>
Package pdftex.def Info: ../Imagens/MC3.png  used on input line 250.
(pdftex.def)             Requested size: 210.18153pt x 73.27245pt.
File: ../Imagens/fundo1.jpg Graphic file (type jpg)
<use ../Imagens/fundo1.jpg>
Package pdftex.def Info: ../Imagens/fundo1.jpg  used on input line 250.
(pdftex.def)             Requested size: 364.18686pt x 273.13814pt.
 [32

]
<../Imagens/MC4.png, id=948, 1381.16pt x 735.74875pt>
File: ../Imagens/MC4.png Graphic file (type png)
<use ../Imagens/MC4.png>
Package pdftex.def Info: ../Imagens/MC4.png  used on input line 274.
(pdftex.def)             Requested size: 207.16505pt x 110.35754pt.
<../Imagens/MC5.png, id=949, 733.74126pt x 95.35625pt>
File: ../Imagens/MC5.png Graphic file (type png)
<use ../Imagens/MC5.png>
Package pdftex.def Info: ../Imagens/MC5.png  used on input line 274.
(pdftex.def)             Requested size: 293.4913pt x 38.14182pt.
File: ../Imagens/fundo1.jpg Graphic file (type jpg)
<use ../Imagens/fundo1.jpg>
Package pdftex.def Info: ../Imagens/fundo1.jpg  used on input line 274.
(pdftex.def)             Requested size: 364.18686pt x 273.13814pt.
 [33

 <../Imagens/MC4.png> <../Imagens/MC5.png>]
File: ../Imagens/MC4.png Graphic file (type png)
<use ../Imagens/MC4.png>
Package pdftex.def Info: ../Imagens/MC4.png  used on input line 274.
(pdftex.def)             Requested size: 207.16505pt x 110.35754pt.
File: ../Imagens/MC5.png Graphic file (type png)
<use ../Imagens/MC5.png>
Package pdftex.def Info: ../Imagens/MC5.png  used on input line 274.
(pdftex.def)             Requested size: 293.4913pt x 38.14182pt.
File: ../Imagens/fundo1.jpg Graphic file (type jpg)
<use ../Imagens/fundo1.jpg>
Package pdftex.def Info: ../Imagens/fundo1.jpg  used on input line 274.
(pdftex.def)             Requested size: 364.18686pt x 273.13814pt.
 [34

]

! Package pgfkeys Error: I do not know the key '/tcb/shadow', to which you pass
ed '{2mm}{-1mm}{0mm}{black!50!white}', and I am going to ignore it. Perhaps you
 misspelled it.

See the pgfkeys package documentation for explanation.
Type  H <return>  for immediate help.
 ...                                              
                                                  
l.290 \end{frame}
                 
(That was another \errmessage.)

<../Imagens/MC6.png, id=1004, 736.7525pt x 138.5175pt>
File: ../Imagens/MC6.png Graphic file (type png)
<use ../Imagens/MC6.png>
Package pdftex.def Info: ../Imagens/MC6.png  used on input line 290.
(pdftex.def)             Requested size: 294.69577pt x 55.406pt.
File: ../Imagens/fundo1.jpg Graphic file (type jpg)
<use ../Imagens/fundo1.jpg>
Package pdftex.def Info: ../Imagens/fundo1.jpg  used on input line 290.
(pdftex.def)             Requested size: 364.18686pt x 273.13814pt.
[35

 <../Imagens/MC6.png>]
<../Imagens/W1.png, id=1033, 901.3675pt x 466.74374pt>
File: ../Imagens/W1.png Graphic file (type png)
<use ../Imagens/W1.png>
Package pdftex.def Info: ../Imagens/W1.png  used on input line 317.
(pdftex.def)             Requested size: 144.22174pt x 74.68051pt.
<../Imagens/W2.png, id=1034, 976.64874pt x 603.25375pt>
File: ../Imagens/W2.png Graphic file (type png)
<use ../Imagens/W2.png>
Package pdftex.def Info: ../Imagens/W2.png  used on input line 317.
(pdftex.def)             Requested size: 156.26698pt x 96.52257pt.
File: ../Imagens/fundo1.jpg Graphic file (type jpg)
<use ../Imagens/fundo1.jpg>
Package pdftex.def Info: ../Imagens/fundo1.jpg  used on input line 317.
(pdftex.def)             Requested size: 364.18686pt x 273.13814pt.
 [36

 <../Imagens/W1.png> <../Imagens/W2.png>]
File: ../Imagens/W1.png Graphic file (type png)
<use ../Imagens/W1.png>
Package pdftex.def Info: ../Imagens/W1.png  used on input line 317.
(pdftex.def)             Requested size: 144.22174pt x 74.68051pt.
File: ../Imagens/W2.png Graphic file (type png)
<use ../Imagens/W2.png>
Package pdftex.def Info: ../Imagens/W2.png  used on input line 317.
(pdftex.def)             Requested size: 156.26698pt x 96.52257pt.
File: ../Imagens/fundo1.jpg Graphic file (type jpg)
<use ../Imagens/fundo1.jpg>
Package pdftex.def Info: ../Imagens/fundo1.jpg  used on input line 317.
(pdftex.def)             Requested size: 364.18686pt x 273.13814pt.
 [37

]
<../Imagens/Am1.png, id=1090, 831.105pt x 665.48625pt>
File: ../Imagens/Am1.png Graphic file (type png)
<use ../Imagens/Am1.png>
Package pdftex.def Info: ../Imagens/Am1.png  used on input line 337.
(pdftex.def)             Requested size: 83.11536pt x 66.55252pt.
<../Imagens/Am2.png, id=1091, 1854.93pt x 1020.81375pt>
File: ../Imagens/Am2.png Graphic file (type png)
<use ../Imagens/Am2.png>
Package pdftex.def Info: ../Imagens/Am2.png  used on input line 337.
(pdftex.def)             Requested size: 241.14937pt x 132.71043pt.
File: ../Imagens/fundo1.jpg Graphic file (type jpg)
<use ../Imagens/fundo1.jpg>
Package pdftex.def Info: ../Imagens/fundo1.jpg  used on input line 337.
(pdftex.def)             Requested size: 364.18686pt x 273.13814pt.

[38

 <../Imagens/Am1.png> <../Imagens/Am2.png>]
File: ../Imagens/Am1.png Graphic file (type png)
<use ../Imagens/Am1.png>
Package pdftex.def Info: ../Imagens/Am1.png  used on input line 337.
(pdftex.def)             Requested size: 83.11536pt x 66.55252pt.
File: ../Imagens/Am2.png Graphic file (type png)
<use ../Imagens/Am2.png>
Package pdftex.def Info: ../Imagens/Am2.png  used on input line 337.
(pdftex.def)             Requested size: 241.14937pt x 132.71043pt.
File: ../Imagens/fundo1.jpg Graphic file (type jpg)
<use ../Imagens/fundo1.jpg>
Package pdftex.def Info: ../Imagens/fundo1.jpg  used on input line 337.
(pdftex.def)             Requested size: 364.18686pt x 273.13814pt.
 [39

]
<../Imagens/Am3.png, id=1147, 817.0525pt x 324.21124pt>
File: ../Imagens/Am3.png Graphic file (type png)
<use ../Imagens/Am3.png>
Package pdftex.def Info: ../Imagens/Am3.png  used on input line 357.
(pdftex.def)             Requested size: 204.26262pt x 81.05261pt.
<../Imagens/Am4.png, id=1148, 797.98125pt x 233.87375pt>
File: ../Imagens/Am4.png Graphic file (type png)
<use ../Imagens/Am4.png>
Package pdftex.def Info: ../Imagens/Am4.png  used on input line 357.
(pdftex.def)             Requested size: 239.39621pt x 70.16266pt.
File: ../Imagens/fundo1.jpg Graphic file (type jpg)
<use ../Imagens/fundo1.jpg>
Package pdftex.def Info: ../Imagens/fundo1.jpg  used on input line 357.
(pdftex.def)             Requested size: 364.18686pt x 273.13814pt.
 [40

 <../Imagens/Am3.png> <../Imagens/Am4.png>]
<../Imagens/Am6.png, id=1177, 1801.73125pt x 994.71625pt>
File: ../Imagens/Am6.png Graphic file (type png)
<use ../Imagens/Am6.png>
Package pdftex.def Info: ../Imagens/Am6.png  used on input line 374.
(pdftex.def)             Requested size: 306.29027pt x 169.09952pt.
File: ../Imagens/fundo1.jpg Graphic file (type jpg)
<use ../Imagens/fundo1.jpg>
Package pdftex.def Info: ../Imagens/fundo1.jpg  used on input line 374.
(pdftex.def)             Requested size: 364.18686pt x 273.13814pt.
 [41

 <../Imagens/Am6.png>]
<../Imagens/CTAN2.png, id=1205, 1434.35875pt x 986.68625pt>
File: ../Imagens/CTAN2.png Graphic file (type png)
<use ../Imagens/CTAN2.png>
Package pdftex.def Info: ../Imagens/CTAN2.png  used on input line 392.
(pdftex.def)             Requested size: 229.50209pt x 157.87302pt.
File: ../Imagens/fundo1.jpg Graphic file (type jpg)
<use ../Imagens/fundo1.jpg>
Package pdftex.def Info: ../Imagens/fundo1.jpg  used on input line 392.
(pdftex.def)             Requested size: 364.18686pt x 273.13814pt.
 [42

 <../Imagens/CTAN2.png>]
<../Imagens/CTAN3.png, id=1234, 1427.3325pt x 984.67876pt>
File: ../Imagens/CTAN3.png Graphic file (type png)
<use ../Imagens/CTAN3.png>
Package pdftex.def Info: ../Imagens/CTAN3.png  used on input line 409.
(pdftex.def)             Requested size: 228.37787pt x 157.55182pt.
File: ../Imagens/fundo1.jpg Graphic file (type jpg)
<use ../Imagens/fundo1.jpg>
Package pdftex.def Info: ../Imagens/fundo1.jpg  used on input line 409.
(pdftex.def)             Requested size: 364.18686pt x 273.13814pt.

[43

 <../Imagens/CTAN3.png>]
<../Imagens/OVERL1.png, id=1263, 1854.93pt x 946.53625pt>
File: ../Imagens/OVERL1.png Graphic file (type png)
<use ../Imagens/OVERL1.png>
Package pdftex.def Info: ../Imagens/OVERL1.png  used on input line 427.
(pdftex.def)             Requested size: 315.33392pt x 160.90903pt.
File: ../Imagens/fundo1.jpg Graphic file (type jpg)
<use ../Imagens/fundo1.jpg>
Package pdftex.def Info: ../Imagens/fundo1.jpg  used on input line 427.
(pdftex.def)             Requested size: 364.18686pt x 273.13814pt.
 [44

 <../Imagens/OVERL1.png>]
<../Imagens/OVERL2.png, id=1291, 1224.575pt x 971.63pt>
File: ../Imagens/OVERL2.png Graphic file (type png)
<use ../Imagens/OVERL2.png>
Package pdftex.def Info: ../Imagens/OVERL2.png  used on input line 440.
(pdftex.def)             Requested size: 244.91066pt x 194.32256pt.
File: ../Imagens/fundo1.jpg Graphic file (type jpg)
<use ../Imagens/fundo1.jpg>
Package pdftex.def Info: ../Imagens/fundo1.jpg  used on input line 440.
(pdftex.def)             Requested size: 364.18686pt x 273.13814pt.
 [45

 <../Imagens/OVERL2.png>]
<../Imagens/ST1.png, id=1319, 1586.92876pt x 973.6375pt>
File: ../Imagens/ST1.png Graphic file (type png)
<use ../Imagens/ST1.png>
Package pdftex.def Info: ../Imagens/ST1.png  used on input line 452.
(pdftex.def)             Requested size: 317.38013pt x 194.72404pt.
File: ../Imagens/fundo1.jpg Graphic file (type jpg)
<use ../Imagens/fundo1.jpg>
Package pdftex.def Info: ../Imagens/fundo1.jpg  used on input line 452.
(pdftex.def)             Requested size: 364.18686pt x 273.13814pt.
 [46

 <../Imagens/ST1.png>]
<../Imagens/ST3.png, id=1348, 1527.7075pt x 860.21375pt>
File: ../Imagens/ST3.png Graphic file (type png)
<use ../Imagens/ST3.png>
Package pdftex.def Info: ../Imagens/ST3.png  used on input line 468.
(pdftex.def)             Requested size: 305.53609pt x 172.03969pt.
File: ../Imagens/fundo1.jpg Graphic file (type jpg)
<use ../Imagens/fundo1.jpg>
Package pdftex.def Info: ../Imagens/fundo1.jpg  used on input line 468.
(pdftex.def)             Requested size: 364.18686pt x 273.13814pt.
 [47

 <../Imagens/ST3.png>]
<../Imagens/ST4.png, id=1376, 963.6pt x 543.02875pt>
File: ../Imagens/ST4.png Graphic file (type png)
<use ../Imagens/ST4.png>
Package pdftex.def Info: ../Imagens/ST4.png  used on input line 486.
(pdftex.def)             Requested size: 289.08223pt x 162.90987pt.
File: ../Imagens/fundo1.jpg Graphic file (type jpg)
<use ../Imagens/fundo1.jpg>
Package pdftex.def Info: ../Imagens/fundo1.jpg  used on input line 486.
(pdftex.def)             Requested size: 364.18686pt x 273.13814pt.
 [48

 <../Imagens/ST4.png>]
<../Imagens/ST5.png, id=1403, 571.13374pt x 321.2pt>
File: ../Imagens/ST5.png Graphic file (type png)
<use ../Imagens/ST5.png>
Package pdftex.def Info: ../Imagens/ST5.png  used on input line 499.
(pdftex.def)             Requested size: 228.44945pt x 128.47772pt.
File: ../Imagens/fundo1.jpg Graphic file (type jpg)
<use ../Imagens/fundo1.jpg>
Package pdftex.def Info: ../Imagens/fundo1.jpg  used on input line 499.
(pdftex.def)             Requested size: 364.18686pt x 273.13814pt.
 [49

 <../Imagens/ST5.png>]
\tf@nav=\write8
\tf@toc=\write9
\tf@snm=\write10
Package atveryend Info: Empty hook `BeforeClearDocument' on input line 501.
Package atveryend Info: Empty hook `AfterLastShipout' on input line 501.
 (./Aula1.aux)
Package atveryend Info: Executing hook `AtVeryEndDocument' on input line 501.
Package atveryend Info: Executing hook `AtEndAfterFileList' on input line 501.
Package rerunfilecheck Info: File `Aula1.out' has not changed.
(rerunfilecheck)             Checksum: 5711F802C0947CCBFC3F77CF5862F4A1;903.


LaTeX Font Warning: Size substitutions with differences
(Font)              up to 3.15616pt have occurred.

 ) 
Here is how much of TeX's memory you used:
 25983 strings out of 480478
 519961 string characters out of 5905960
 823203 words of memory out of 5000000
 41254 multiletter control sequences out of 15000+600000
 546487 words of font info for 82 fonts, out of 8000000 for 9000
 1141 hyphenation exceptions out of 8191
 63i,19n,80p,791b,659s stack positions out of 5000i,500n,10000p,200000b,80000s
</usr/share/texmf-dist/fonts/type1/public/amsfonts/cm/cmss10.pfb></usr/share/
texmf-dist/fonts/type1/public/amsfonts/cm/cmss12.pfb></usr/share/texmf-dist/fon
ts/type1/public/amsfonts/cm/cmss17.pfb></usr/share/texmf-dist/fonts/type1/publi
c/amsfonts/cm/cmss8.pfb></usr/share/texmf-dist/fonts/type1/public/amsfonts/cm/c
mss9.pfb></usr/share/texmf-dist/fonts/type1/public/amsfonts/cm/cmssbx10.pfb></u
sr/share/texmf-dist/fonts/type1/urw/zapfding/uzdr.pfb>
Output written on Aula1.pdf (49 pages, 6219797 bytes).
PDF statistics:
 1485 PDF objects out of 1728 (max. 8388607)
 1360 compressed objects within 14 object streams
 115 named destinations out of 1000 (max. 500000)
 14129 words of extra memory for PDF output out of 14400 (max. 10000000)

