This is pdfTeX, Version 3.14159265-2.6-1.40.20 (TeX Live 2019/Arch Linux) (preloaded format=pdflatex 2020.3.22)  29 MAR 2020 22:05
entering extended mode
 restricted \write18 enabled.
 file:line:error style messages enabled.
 %&-line parsing enabled.
**Rel_Aprs2.tex
(./Rel_Aprs2.tex
LaTeX2e <2019-10-01> patch level 1
(/usr/share/texmf-dist/tex/latex/beamer/beamer.cls
Document Class: beamer 2019/09/29 v3.57 A class for typesetting presentations
(/usr/share/texmf-dist/tex/latex/beamer/beamerbasemodes.sty
(/usr/share/texmf-dist/tex/latex/etoolbox/etoolbox.sty
Package: etoolbox 2019/09/21 v2.5h e-TeX tools for LaTeX (JAW)
\etb@tempcnta=\count80
)
\beamer@tempbox=\box27
\beamer@tempcount=\count81
\c@beamerpauses=\count82

(/usr/share/texmf-dist/tex/latex/beamer/beamerbasedecode.sty
\beamer@slideinframe=\count83
\beamer@minimum=\count84
\beamer@decode@box=\box28
)
\beamer@commentbox=\box29
\beamer@modecount=\count85
)
(/usr/share/texmf-dist/tex/generic/oberdiek/ifpdf.sty
Package: ifpdf 2018/09/07 v3.3 Provides the ifpdf switch
)
\headdp=\dimen102
\footheight=\dimen103
\sidebarheight=\dimen104
\beamer@tempdim=\dimen105
\beamer@finalheight=\dimen106
\beamer@animht=\dimen107
\beamer@animdp=\dimen108
\beamer@animwd=\dimen109
\beamer@leftmargin=\dimen110
\beamer@rightmargin=\dimen111
\beamer@leftsidebar=\dimen112
\beamer@rightsidebar=\dimen113
\beamer@boxsize=\dimen114
\beamer@vboxoffset=\dimen115
\beamer@descdefault=\dimen116
\beamer@descriptionwidth=\dimen117
\beamer@lastskip=\skip41
\beamer@areabox=\box30
\beamer@animcurrent=\box31
\beamer@animshowbox=\box32
\beamer@sectionbox=\box33
\beamer@logobox=\box34
\beamer@linebox=\box35
\beamer@sectioncount=\count86
\beamer@subsubsectionmax=\count87
\beamer@subsectionmax=\count88
\beamer@sectionmax=\count89
\beamer@totalheads=\count90
\beamer@headcounter=\count91
\beamer@partstartpage=\count92
\beamer@sectionstartpage=\count93
\beamer@subsectionstartpage=\count94
\beamer@animationtempa=\count95
\beamer@animationtempb=\count96
\beamer@xpos=\count97
\beamer@ypos=\count98
\beamer@ypos@offset=\count99
\beamer@showpartnumber=\count100
\beamer@currentsubsection=\count101
\beamer@coveringdepth=\count102
\beamer@sectionadjust=\count103
\beamer@tocsectionnumber=\count104

(/usr/share/texmf-dist/tex/latex/beamer/beamerbaseoptions.sty
(/usr/share/texmf-dist/tex/latex/graphics/keyval.sty
Package: keyval 2014/10/28 v1.15 key=value parser (DPC)
\KV@toks@=\toks14
))
\beamer@paperwidth=\skip42
\beamer@paperheight=\skip43

(/usr/share/texmf-dist/tex/latex/geometry/geometry.sty
Package: geometry 2018/04/16 v5.8 Page Geometry

(/usr/share/texmf-dist/tex/generic/oberdiek/ifvtex.sty
Package: ifvtex 2016/05/16 v1.6 Detect VTeX and its facilities (HO)
Package ifvtex Info: VTeX not detected.
)
(/usr/share/texmf-dist/tex/generic/ifxetex/ifxetex.sty
Package: ifxetex 2010/09/12 v0.6 Provides ifxetex conditional
)
\Gm@cnth=\count105
\Gm@cntv=\count106
\c@Gm@tempcnt=\count107
\Gm@bindingoffset=\dimen118
\Gm@wd@mp=\dimen119
\Gm@odd@mp=\dimen120
\Gm@even@mp=\dimen121
\Gm@layoutwidth=\dimen122
\Gm@layoutheight=\dimen123
\Gm@layouthoffset=\dimen124
\Gm@layoutvoffset=\dimen125
\Gm@dimlist=\toks15
)
(/usr/share/texmf-dist/tex/latex/base/size11.clo
File: size11.clo 2019/08/27 v1.4j Standard LaTeX file (size option)
)
(/usr/share/texmf-dist/tex/latex/pgf/basiclayer/pgfcore.sty
(/usr/share/texmf-dist/tex/latex/graphics/graphicx.sty
Package: graphicx 2017/06/01 v1.1a Enhanced LaTeX Graphics (DPC,SPQR)

(/usr/share/texmf-dist/tex/latex/graphics/graphics.sty
Package: graphics 2019/10/08 v1.3c Standard LaTeX Graphics (DPC,SPQR)

(/usr/share/texmf-dist/tex/latex/graphics/trig.sty
Package: trig 2016/01/03 v1.10 sin cos tan (DPC)
)
(/usr/share/texmf-dist/tex/latex/graphics-cfg/graphics.cfg
File: graphics.cfg 2016/06/04 v1.11 sample graphics configuration
)
Package graphics Info: Driver file: pdftex.def on input line 105.

(/usr/share/texmf-dist/tex/latex/graphics-def/pdftex.def
File: pdftex.def 2018/01/08 v1.0l Graphics/color driver for pdftex
))
\Gin@req@height=\dimen126
\Gin@req@width=\dimen127
)
(/usr/share/texmf-dist/tex/latex/pgf/systemlayer/pgfsys.sty
(/usr/share/texmf-dist/tex/latex/pgf/utilities/pgfrcs.sty
(/usr/share/texmf-dist/tex/generic/pgf/utilities/pgfutil-common.tex
\pgfutil@everybye=\toks16
\pgfutil@tempdima=\dimen128
\pgfutil@tempdimb=\dimen129

(/usr/share/texmf-dist/tex/generic/pgf/utilities/pgfutil-common-lists.tex))
(/usr/share/texmf-dist/tex/generic/pgf/utilities/pgfutil-latex.def
\pgfutil@abb=\box36

(/usr/share/texmf-dist/tex/latex/ms/everyshi.sty
Package: everyshi 2001/05/15 v3.00 EveryShipout Package (MS)
))
(/usr/share/texmf-dist/tex/generic/pgf/utilities/pgfrcs.code.tex
(/usr/share/texmf-dist/tex/generic/pgf/pgf.revision.tex)
Package: pgfrcs 2019/08/03 v3.1.4b (3.1.4b)
))
(/usr/share/texmf-dist/tex/generic/pgf/systemlayer/pgfsys.code.tex
Package: pgfsys 2019/08/03 v3.1.4b (3.1.4b)

(/usr/share/texmf-dist/tex/generic/pgf/utilities/pgfkeys.code.tex
\pgfkeys@pathtoks=\toks17
\pgfkeys@temptoks=\toks18

(/usr/share/texmf-dist/tex/generic/pgf/utilities/pgfkeysfiltered.code.tex
\pgfkeys@tmptoks=\toks19
))
\pgf@x=\dimen130
\pgf@y=\dimen131
\pgf@xa=\dimen132
\pgf@ya=\dimen133
\pgf@xb=\dimen134
\pgf@yb=\dimen135
\pgf@xc=\dimen136
\pgf@yc=\dimen137
\pgf@xd=\dimen138
\pgf@yd=\dimen139
\w@pgf@writea=\write3
\r@pgf@reada=\read1
\c@pgf@counta=\count108
\c@pgf@countb=\count109
\c@pgf@countc=\count110
\c@pgf@countd=\count111
\t@pgf@toka=\toks20
\t@pgf@tokb=\toks21
\t@pgf@tokc=\toks22
\pgf@sys@id@count=\count112

(/usr/share/texmf-dist/tex/generic/pgf/systemlayer/pgf.cfg
File: pgf.cfg 2019/08/03 v3.1.4b (3.1.4b)
)
Driver file for pgf: pgfsys-pdftex.def

(/usr/share/texmf-dist/tex/generic/pgf/systemlayer/pgfsys-pdftex.def
File: pgfsys-pdftex.def 2019/08/03 v3.1.4b (3.1.4b)

(/usr/share/texmf-dist/tex/generic/pgf/systemlayer/pgfsys-common-pdf.def
File: pgfsys-common-pdf.def 2019/08/03 v3.1.4b (3.1.4b)
)))
(/usr/share/texmf-dist/tex/generic/pgf/systemlayer/pgfsyssoftpath.code.tex
File: pgfsyssoftpath.code.tex 2019/08/03 v3.1.4b (3.1.4b)
\pgfsyssoftpath@smallbuffer@items=\count113
\pgfsyssoftpath@bigbuffer@items=\count114
)
(/usr/share/texmf-dist/tex/generic/pgf/systemlayer/pgfsysprotocol.code.tex
File: pgfsysprotocol.code.tex 2019/08/03 v3.1.4b (3.1.4b)
))
(/usr/share/texmf-dist/tex/latex/xcolor/xcolor.sty
Package: xcolor 2016/05/11 v2.12 LaTeX color extensions (UK)

(/usr/share/texmf-dist/tex/latex/graphics-cfg/color.cfg
File: color.cfg 2016/01/02 v1.6 sample color configuration
)
Package xcolor Info: Driver file: pdftex.def on input line 225.
Package xcolor Info: Model `cmy' substituted by `cmy0' on input line 1348.
Package xcolor Info: Model `hsb' substituted by `rgb' on input line 1352.
Package xcolor Info: Model `RGB' extended on input line 1364.
Package xcolor Info: Model `HTML' substituted by `rgb' on input line 1366.
Package xcolor Info: Model `Hsb' substituted by `hsb' on input line 1367.
Package xcolor Info: Model `tHsb' substituted by `hsb' on input line 1368.
Package xcolor Info: Model `HSB' substituted by `hsb' on input line 1369.
Package xcolor Info: Model `Gray' substituted by `gray' on input line 1370.
Package xcolor Info: Model `wave' substituted by `hsb' on input line 1371.
)
(/usr/share/texmf-dist/tex/generic/pgf/basiclayer/pgfcore.code.tex
Package: pgfcore 2019/08/03 v3.1.4b (3.1.4b)

(/usr/share/texmf-dist/tex/generic/pgf/math/pgfmath.code.tex
(/usr/share/texmf-dist/tex/generic/pgf/math/pgfmathcalc.code.tex
(/usr/share/texmf-dist/tex/generic/pgf/math/pgfmathutil.code.tex)
(/usr/share/texmf-dist/tex/generic/pgf/math/pgfmathparser.code.tex
\pgfmath@dimen=\dimen140
\pgfmath@count=\count115
\pgfmath@box=\box37
\pgfmath@toks=\toks23
\pgfmath@stack@operand=\toks24
\pgfmath@stack@operation=\toks25
)
(/usr/share/texmf-dist/tex/generic/pgf/math/pgfmathfunctions.code.tex
(/usr/share/texmf-dist/tex/generic/pgf/math/pgfmathfunctions.basic.code.tex)
(/usr/share/texmf-dist/tex/generic/pgf/math/pgfmathfunctions.trigonometric.code
.tex)
(/usr/share/texmf-dist/tex/generic/pgf/math/pgfmathfunctions.random.code.tex)
(/usr/share/texmf-dist/tex/generic/pgf/math/pgfmathfunctions.comparison.code.te
x) (/usr/share/texmf-dist/tex/generic/pgf/math/pgfmathfunctions.base.code.tex)
(/usr/share/texmf-dist/tex/generic/pgf/math/pgfmathfunctions.round.code.tex)
(/usr/share/texmf-dist/tex/generic/pgf/math/pgfmathfunctions.misc.code.tex)
(/usr/share/texmf-dist/tex/generic/pgf/math/pgfmathfunctions.integerarithmetics
.code.tex))) (/usr/share/texmf-dist/tex/generic/pgf/math/pgfmathfloat.code.tex
\c@pgfmathroundto@lastzeros=\count116
)) (/usr/share/texmf-dist/tex/generic/pgf/math/pgfint.code.tex)
(/usr/share/texmf-dist/tex/generic/pgf/basiclayer/pgfcorepoints.code.tex
File: pgfcorepoints.code.tex 2019/08/03 v3.1.4b (3.1.4b)
\pgf@picminx=\dimen141
\pgf@picmaxx=\dimen142
\pgf@picminy=\dimen143
\pgf@picmaxy=\dimen144
\pgf@pathminx=\dimen145
\pgf@pathmaxx=\dimen146
\pgf@pathminy=\dimen147
\pgf@pathmaxy=\dimen148
\pgf@xx=\dimen149
\pgf@xy=\dimen150
\pgf@yx=\dimen151
\pgf@yy=\dimen152
\pgf@zx=\dimen153
\pgf@zy=\dimen154
)
(/usr/share/texmf-dist/tex/generic/pgf/basiclayer/pgfcorepathconstruct.code.tex
File: pgfcorepathconstruct.code.tex 2019/08/03 v3.1.4b (3.1.4b)
\pgf@path@lastx=\dimen155
\pgf@path@lasty=\dimen156
) (/usr/share/texmf-dist/tex/generic/pgf/basiclayer/pgfcorepathusage.code.tex
File: pgfcorepathusage.code.tex 2019/08/03 v3.1.4b (3.1.4b)
\pgf@shorten@end@additional=\dimen157
\pgf@shorten@start@additional=\dimen158
)
(/usr/share/texmf-dist/tex/generic/pgf/basiclayer/pgfcorescopes.code.tex
File: pgfcorescopes.code.tex 2019/08/03 v3.1.4b (3.1.4b)
\pgfpic=\box38
\pgf@hbox=\box39
\pgf@layerbox@main=\box40
\pgf@picture@serial@count=\count117
)
(/usr/share/texmf-dist/tex/generic/pgf/basiclayer/pgfcoregraphicstate.code.tex
File: pgfcoregraphicstate.code.tex 2019/08/03 v3.1.4b (3.1.4b)
\pgflinewidth=\dimen159
)
(/usr/share/texmf-dist/tex/generic/pgf/basiclayer/pgfcoretransformations.code.t
ex
File: pgfcoretransformations.code.tex 2019/08/03 v3.1.4b (3.1.4b)
\pgf@pt@x=\dimen160
\pgf@pt@y=\dimen161
\pgf@pt@temp=\dimen162
) (/usr/share/texmf-dist/tex/generic/pgf/basiclayer/pgfcorequick.code.tex
File: pgfcorequick.code.tex 2019/08/03 v3.1.4b (3.1.4b)
)
(/usr/share/texmf-dist/tex/generic/pgf/basiclayer/pgfcoreobjects.code.tex
File: pgfcoreobjects.code.tex 2019/08/03 v3.1.4b (3.1.4b)
)
(/usr/share/texmf-dist/tex/generic/pgf/basiclayer/pgfcorepathprocessing.code.te
x
File: pgfcorepathprocessing.code.tex 2019/08/03 v3.1.4b (3.1.4b)
) (/usr/share/texmf-dist/tex/generic/pgf/basiclayer/pgfcorearrows.code.tex
File: pgfcorearrows.code.tex 2019/08/03 v3.1.4b (3.1.4b)
\pgfarrowsep=\dimen163
)
(/usr/share/texmf-dist/tex/generic/pgf/basiclayer/pgfcoreshade.code.tex
File: pgfcoreshade.code.tex 2019/08/03 v3.1.4b (3.1.4b)
\pgf@max=\dimen164
\pgf@sys@shading@range@num=\count118
\pgf@shadingcount=\count119
)
(/usr/share/texmf-dist/tex/generic/pgf/basiclayer/pgfcoreimage.code.tex
File: pgfcoreimage.code.tex 2019/08/03 v3.1.4b (3.1.4b)

(/usr/share/texmf-dist/tex/generic/pgf/basiclayer/pgfcoreexternal.code.tex
File: pgfcoreexternal.code.tex 2019/08/03 v3.1.4b (3.1.4b)
\pgfexternal@startupbox=\box41
))
(/usr/share/texmf-dist/tex/generic/pgf/basiclayer/pgfcorelayers.code.tex
File: pgfcorelayers.code.tex 2019/08/03 v3.1.4b (3.1.4b)
)
(/usr/share/texmf-dist/tex/generic/pgf/basiclayer/pgfcoretransparency.code.tex
File: pgfcoretransparency.code.tex 2019/08/03 v3.1.4b (3.1.4b)
) (/usr/share/texmf-dist/tex/generic/pgf/basiclayer/pgfcorepatterns.code.tex
File: pgfcorepatterns.code.tex 2019/08/03 v3.1.4b (3.1.4b)
)
(/usr/share/texmf-dist/tex/generic/pgf/basiclayer/pgfcorerdf.code.tex
File: pgfcorerdf.code.tex 2019/08/03 v3.1.4b (3.1.4b)
)))
(/usr/share/texmf-dist/tex/latex/pgf/utilities/xxcolor.sty
Package: xxcolor 2003/10/24 ver 0.1
\XC@nummixins=\count120
\XC@countmixins=\count121
)
(/usr/share/texmf-dist/tex/generic/oberdiek/atbegshi.sty
Package: atbegshi 2016/06/09 v1.18 At begin shipout hook (HO)

(/usr/share/texmf-dist/tex/generic/oberdiek/infwarerr.sty
Package: infwarerr 2016/05/16 v1.4 Providing info/warning/error messages (HO)
)
(/usr/share/texmf-dist/tex/generic/oberdiek/ltxcmds.sty
Package: ltxcmds 2016/05/16 v1.23 LaTeX kernel commands for general use (HO)
))
(/usr/share/texmf-dist/tex/latex/hyperref/hyperref.sty
Package: hyperref 2019/09/28 v7.00a Hypertext links for LaTeX

(/usr/share/texmf-dist/tex/generic/oberdiek/hobsub-hyperref.sty
Package: hobsub-hyperref 2016/05/16 v1.14 Bundle oberdiek, subset hyperref (HO)


(/usr/share/texmf-dist/tex/generic/oberdiek/hobsub-generic.sty
Package: hobsub-generic 2016/05/16 v1.14 Bundle oberdiek, subset generic (HO)
Package: hobsub 2016/05/16 v1.14 Construct package bundles (HO)
Package hobsub Info: Skipping package `infwarerr' (already loaded).
Package hobsub Info: Skipping package `ltxcmds' (already loaded).
Package: ifluatex 2016/05/16 v1.4 Provides the ifluatex switch (HO)
Package ifluatex Info: LuaTeX not detected.
Package hobsub Info: Skipping package `ifvtex' (already loaded).
Package: intcalc 2016/05/16 v1.2 Expandable calculations with integers (HO)
Package hobsub Info: Skipping package `ifpdf' (already loaded).
Package: etexcmds 2016/05/16 v1.6 Avoid name clashes with e-TeX commands (HO)
Package: kvsetkeys 2016/05/16 v1.17 Key value parser (HO)
Package: kvdefinekeys 2016/05/16 v1.4 Define keys (HO)
Package: pdftexcmds 2019/07/25 v0.30 Utility functions of pdfTeX for LuaTeX (HO
)
Package pdftexcmds Info: LuaTeX not detected.
Package pdftexcmds Info: \pdf@primitive is available.
Package pdftexcmds Info: \pdf@ifprimitive is available.
Package pdftexcmds Info: \pdfdraftmode found.
Package: pdfescape 2016/05/16 v1.14 Implements pdfTeX's escape features (HO)
Package: bigintcalc 2016/05/16 v1.4 Expandable calculations on big integers (HO
)
Package: bitset 2016/05/16 v1.2 Handle bit-vector datatype (HO)
Package: uniquecounter 2016/05/16 v1.3 Provide unlimited unique counter (HO)
)
Package hobsub Info: Skipping package `hobsub' (already loaded).
Package: letltxmacro 2016/05/16 v1.5 Let assignment for LaTeX macros (HO)
Package: hopatch 2016/05/16 v1.3 Wrapper for package hooks (HO)
Package: xcolor-patch 2016/05/16 xcolor patch
Package: atveryend 2016/05/16 v1.9 Hooks at the very end of document (HO)
Package hobsub Info: Skipping package `atbegshi' (already loaded).
Package: refcount 2016/05/16 v3.5 Data extraction from label references (HO)
Package: hycolor 2016/05/16 v1.8 Color options for hyperref/bookmark (HO)
)
(/usr/share/texmf-dist/tex/latex/oberdiek/auxhook.sty
Package: auxhook 2016/05/16 v1.4 Hooks for auxiliary files (HO)
)
(/usr/share/texmf-dist/tex/latex/oberdiek/kvoptions.sty
Package: kvoptions 2016/05/16 v3.12 Key value format for package options (HO)
)
\@linkdim=\dimen165
\Hy@linkcounter=\count122
\Hy@pagecounter=\count123

(/usr/share/texmf-dist/tex/latex/hyperref/pd1enc.def
File: pd1enc.def 2019/09/28 v7.00a Hyperref: PDFDocEncoding definition (HO)
Now handling font encoding PD1 ...
... no UTF-8 mapping file for font encoding PD1
)
\Hy@SavedSpaceFactor=\count124

(/usr/share/texmf-dist/tex/latex/latexconfig/hyperref.cfg
File: hyperref.cfg 2002/06/06 v1.2 hyperref configuration of TeXLive
)
Package hyperref Info: Option `bookmarks' set `true' on input line 4414.
Package hyperref Info: Option `bookmarksopen' set `true' on input line 4414.
Package hyperref Info: Option `implicit' set `false' on input line 4414.
Package hyperref Info: Hyper figures OFF on input line 4540.
Package hyperref Info: Link nesting OFF on input line 4545.
Package hyperref Info: Hyper index ON on input line 4548.
Package hyperref Info: Plain pages OFF on input line 4555.
Package hyperref Info: Backreferencing OFF on input line 4560.
Package hyperref Info: Implicit mode OFF; no redefinition of LaTeX internals.
Package hyperref Info: Bookmarks ON on input line 4793.
\c@Hy@tempcnt=\count125

(/usr/share/texmf-dist/tex/latex/url/url.sty
\Urlmuskip=\muskip10
Package: url 2013/09/16  ver 3.4  Verb mode for urls, etc.
)
LaTeX Info: Redefining \url on input line 5152.
\XeTeXLinkMargin=\dimen166
\Fld@menulength=\count126
\Field@Width=\dimen167
\Fld@charsize=\dimen168
Package hyperref Info: Hyper figures OFF on input line 6423.
Package hyperref Info: Link nesting OFF on input line 6428.
Package hyperref Info: Hyper index ON on input line 6431.
Package hyperref Info: backreferencing OFF on input line 6438.
Package hyperref Info: Link coloring OFF on input line 6443.
Package hyperref Info: Link coloring with OCG OFF on input line 6448.
Package hyperref Info: PDF/A mode OFF on input line 6453.
LaTeX Info: Redefining \ref on input line 6493.
LaTeX Info: Redefining \pageref on input line 6497.
\Hy@abspage=\count127


Package hyperref Message: Stopped early.

)
Package hyperref Info: Driver (autodetected): hpdftex.
 (/usr/share/texmf-dist/tex/latex/hyperref/hpdftex.def
File: hpdftex.def 2019/09/28 v7.00a Hyperref driver for pdfTeX
\Fld@listcount=\count128
\c@bookmark@seq@number=\count129

(/usr/share/texmf-dist/tex/latex/oberdiek/rerunfilecheck.sty
Package: rerunfilecheck 2016/05/16 v1.8 Rerun checks for auxiliary files (HO)
Package uniquecounter Info: New unique counter `rerunfilecheck' on input line 2
82.
))
(/usr/share/texmf-dist/tex/latex/beamer/beamerbaserequires.sty
(/usr/share/texmf-dist/tex/latex/beamer/beamerbasecompatibility.sty)
(/usr/share/texmf-dist/tex/latex/beamer/beamerbasefont.sty
(/usr/share/texmf-dist/tex/latex/amsfonts/amssymb.sty
Package: amssymb 2013/01/14 v3.01 AMS font symbols

(/usr/share/texmf-dist/tex/latex/amsfonts/amsfonts.sty
Package: amsfonts 2013/01/14 v3.01 Basic AMSFonts support
\@emptytoks=\toks26
\symAMSa=\mathgroup4
\symAMSb=\mathgroup5
LaTeX Font Info:    Redeclaring math symbol \hbar on input line 98.
LaTeX Font Info:    Overwriting math alphabet `\mathfrak' in version `bold'
(Font)                  U/euf/m/n --> U/euf/b/n on input line 106.
))
(/usr/share/texmf-dist/tex/latex/sansmathaccent/sansmathaccent.sty
Package: sansmathaccent 2013/03/28

(/usr/share/texmf-dist/tex/latex/filehook/filehook.sty
Package: filehook 2019/10/03 v0.6 Hooks for input files
)))
(/usr/share/texmf-dist/tex/latex/beamer/beamerbasetranslator.sty
(/usr/share/texmf-dist/tex/latex/translator/translator.sty
Package: translator 2019-05-31 v1.12a Easy translation of strings in LaTeX
))
(/usr/share/texmf-dist/tex/latex/beamer/beamerbasemisc.sty)
(/usr/share/texmf-dist/tex/latex/beamer/beamerbasetwoscreens.sty)
(/usr/share/texmf-dist/tex/latex/beamer/beamerbaseoverlay.sty
\beamer@argscount=\count130
\beamer@lastskipcover=\skip44
\beamer@trivlistdepth=\count131
)
(/usr/share/texmf-dist/tex/latex/beamer/beamerbasetitle.sty)
(/usr/share/texmf-dist/tex/latex/beamer/beamerbasesection.sty
\c@lecture=\count132
\c@part=\count133
\c@section=\count134
\c@subsection=\count135
\c@subsubsection=\count136
)
(/usr/share/texmf-dist/tex/latex/beamer/beamerbaseframe.sty
\beamer@framebox=\box42
\beamer@frametitlebox=\box43
\beamer@zoombox=\box44
\beamer@zoomcount=\count137
\beamer@zoomframecount=\count138
\beamer@frametextheight=\dimen169
\c@subsectionslide=\count139
\beamer@frametopskip=\skip45
\beamer@framebottomskip=\skip46
\beamer@frametopskipautobreak=\skip47
\beamer@framebottomskipautobreak=\skip48
\beamer@envbody=\toks27
\framewidth=\dimen170
\c@framenumber=\count140
)
(/usr/share/texmf-dist/tex/latex/beamer/beamerbaseverbatim.sty
\beamer@verbatimfileout=\write4
)
(/usr/share/texmf-dist/tex/latex/beamer/beamerbaseframesize.sty
\beamer@splitbox=\box45
\beamer@autobreakcount=\count141
\beamer@autobreaklastheight=\dimen171
\beamer@frametitletoks=\toks28
\beamer@framesubtitletoks=\toks29
)
(/usr/share/texmf-dist/tex/latex/beamer/beamerbaseframecomponents.sty
\beamer@footins=\box46
)
(/usr/share/texmf-dist/tex/latex/beamer/beamerbasecolor.sty)
(/usr/share/texmf-dist/tex/latex/beamer/beamerbasenotes.sty
\beamer@frameboxcopy=\box47
)
(/usr/share/texmf-dist/tex/latex/beamer/beamerbasetoc.sty)
(/usr/share/texmf-dist/tex/latex/beamer/beamerbasetemplates.sty
\beamer@sbttoks=\toks30

(/usr/share/texmf-dist/tex/latex/beamer/beamerbaseauxtemplates.sty
(/usr/share/texmf-dist/tex/latex/beamer/beamerbaseboxes.sty
\bmb@box=\box48
\bmb@colorbox=\box49
\bmb@boxshadow=\box50
\bmb@boxshadowball=\box51
\bmb@boxshadowballlarge=\box52
\bmb@temp=\dimen172
\bmb@dima=\dimen173
\bmb@dimb=\dimen174
\bmb@prevheight=\dimen175
)
\beamer@blockheadheight=\dimen176
))
(/usr/share/texmf-dist/tex/latex/beamer/beamerbaselocalstructure.sty
(/usr/share/texmf-dist/tex/latex/tools/enumerate.sty
Package: enumerate 2015/07/23 v3.00 enumerate extensions (DPC)
\@enLab=\toks31
)
\c@figure=\count142
\c@table=\count143
\abovecaptionskip=\skip49
\belowcaptionskip=\skip50
)
(/usr/share/texmf-dist/tex/latex/beamer/beamerbasenavigation.sty
\beamer@section@min@dim=\dimen177
)
(/usr/share/texmf-dist/tex/latex/beamer/beamerbasetheorems.sty
(/usr/share/texmf-dist/tex/latex/amsmath/amsmath.sty
Package: amsmath 2019/04/01 v2.17c AMS math features
\@mathmargin=\skip51

For additional information on amsmath, use the `?' option.
(/usr/share/texmf-dist/tex/latex/amsmath/amstext.sty
Package: amstext 2000/06/29 v2.01 AMS text

(/usr/share/texmf-dist/tex/latex/amsmath/amsgen.sty
File: amsgen.sty 1999/11/30 v2.0 generic functions
\@emptytoks=\toks32
\ex@=\dimen178
))
(/usr/share/texmf-dist/tex/latex/amsmath/amsbsy.sty
Package: amsbsy 1999/11/29 v1.2d Bold Symbols
\pmbraise@=\dimen179
)
(/usr/share/texmf-dist/tex/latex/amsmath/amsopn.sty
Package: amsopn 2016/03/08 v2.02 operator names
)
\inf@bad=\count144
LaTeX Info: Redefining \frac on input line 227.
\uproot@=\count145
\leftroot@=\count146
LaTeX Info: Redefining \overline on input line 389.
\classnum@=\count147
\DOTSCASE@=\count148
LaTeX Info: Redefining \ldots on input line 486.
LaTeX Info: Redefining \dots on input line 489.
LaTeX Info: Redefining \cdots on input line 610.
\Mathstrutbox@=\box53
\strutbox@=\box54
\big@size=\dimen180
LaTeX Font Info:    Redeclaring font encoding OML on input line 733.
LaTeX Font Info:    Redeclaring font encoding OMS on input line 734.
\macc@depth=\count149
\c@MaxMatrixCols=\count150
\dotsspace@=\muskip11
\c@parentequation=\count151
\dspbrk@lvl=\count152
\tag@help=\toks33
\row@=\count153
\column@=\count154
\maxfields@=\count155
\andhelp@=\toks34
\eqnshift@=\dimen181
\alignsep@=\dimen182
\tagshift@=\dimen183
\tagwidth@=\dimen184
\totwidth@=\dimen185
\lineht@=\dimen186
\@envbody=\toks35
\multlinegap=\skip52
\multlinetaggap=\skip53
\mathdisplay@stack=\toks36
LaTeX Info: Redefining \[ on input line 2855.
LaTeX Info: Redefining \] on input line 2856.
)
(/usr/share/texmf-dist/tex/latex/amscls/amsthm.sty
Package: amsthm 2017/10/31 v2.20.4
\thm@style=\toks37
\thm@bodyfont=\toks38
\thm@headfont=\toks39
\thm@notefont=\toks40
\thm@headpunct=\toks41
\thm@preskip=\skip54
\thm@postskip=\skip55
\thm@headsep=\skip56
\dth@everypar=\toks42
)
\c@theorem=\count156
)
(/usr/share/texmf-dist/tex/latex/beamer/beamerbasethemes.sty))
(/usr/share/texmf-dist/tex/latex/beamer/beamerthemedefault.sty
(/usr/share/texmf-dist/tex/latex/beamer/beamerfontthemedefault.sty)
(/usr/share/texmf-dist/tex/latex/beamer/beamercolorthemedefault.sty)
(/usr/share/texmf-dist/tex/latex/beamer/beamerinnerthemedefault.sty
\beamer@dima=\dimen187
\beamer@dimb=\dimen188
)
(/usr/share/texmf-dist/tex/latex/beamer/beamerouterthemedefault.sty)))
(/usr/share/texmf-dist/tex/latex/base/inputenc.sty
Package: inputenc 2018/08/11 v1.3c Input encoding file
\inpenc@prehook=\toks43
\inpenc@posthook=\toks44
)
(/usr/share/texmf-dist/tex/generic/babel/babel.sty
Package: babel 2019/10/15 3.35 The Babel package

(/usr/share/texmf-dist/tex/generic/babel/switch.def
File: switch.def 2019/10/15 3.35 Babel switching mechanism
)
(/usr/share/texmf-dist/tex/generic/babel-portuges/portuges.ldf
Language: portuges 2008/03/18 v1.2q Portuguese support from the babel system

(/usr/share/texmf-dist/tex/generic/babel/babel.def
File: babel.def 2019/10/15 3.35 Babel common definitions
\babel@savecnt=\count157
\U@D=\dimen189

(/usr/share/texmf-dist/tex/generic/babel/txtbabel.def)
LaTeX Info: Redefining \textlatin on input line 2185.
\bbl@dirlevel=\count158
)
Package babel Info: Making " an active character on input line 145.
))
(/usr/share/texmf-dist/tex/latex/beamer/beamerthemeMadrid.sty
(/usr/share/texmf-dist/tex/latex/beamer/beamercolorthemewhale.sty)
(/usr/share/texmf-dist/tex/latex/beamer/beamercolorthemeorchid.sty)
(/usr/share/texmf-dist/tex/latex/beamer/beamerinnerthemerounded.sty)
(/usr/share/texmf-dist/tex/latex/beamer/beamerouterthemeinfolines.sty))

Package hyperref Warning: Token not allowed in a PDF string (PDFDocEncoding):
(hyperref)                removing `\\' on input line 24.

(./Rel_Aprs2.aux)
\openout1 = `Rel_Aprs2.aux'.

LaTeX Font Info:    Checking defaults for OML/cmm/m/it on input line 29.
LaTeX Font Info:    ... okay on input line 29.
LaTeX Font Info:    Checking defaults for T1/cmr/m/n on input line 29.
LaTeX Font Info:    ... okay on input line 29.
LaTeX Font Info:    Checking defaults for OT1/cmr/m/n on input line 29.
LaTeX Font Info:    ... okay on input line 29.
LaTeX Font Info:    Checking defaults for OMS/cmsy/m/n on input line 29.
LaTeX Font Info:    ... okay on input line 29.
LaTeX Font Info:    Checking defaults for OMX/cmex/m/n on input line 29.
LaTeX Font Info:    ... okay on input line 29.
LaTeX Font Info:    Checking defaults for U/cmr/m/n on input line 29.
LaTeX Font Info:    ... okay on input line 29.
LaTeX Font Info:    Checking defaults for PD1/pdf/m/n on input line 29.
LaTeX Font Info:    ... okay on input line 29.

*geometry* driver: auto-detecting
*geometry* detected driver: pdftex
*geometry* verbose mode - [ preamble ] result:
* driver: pdftex
* paper: custom
* layout: <same size as paper>
* layoutoffset:(h,v)=(0.0pt,0.0pt)
* modes: includehead includefoot 
* h-part:(L,W,R)=(10.95003pt, 342.2953pt, 10.95003pt)
* v-part:(T,H,B)=(0.0pt, 273.14662pt, 0.0pt)
* \paperwidth=364.19536pt
* \paperheight=273.14662pt
* \textwidth=342.2953pt
* \textheight=244.6939pt
* \oddsidemargin=-61.31996pt
* \evensidemargin=-61.31996pt
* \topmargin=-72.26999pt
* \headheight=14.22636pt
* \headsep=0.0pt
* \topskip=11.0pt
* \footskip=14.22636pt
* \marginparwidth=4.0pt
* \marginparsep=10.0pt
* \columnsep=10.0pt
* \skip\footins=10.0pt plus 4.0pt minus 2.0pt
* \hoffset=0.0pt
* \voffset=0.0pt
* \mag=1000
* \@twocolumnfalse
* \@twosidefalse
* \@mparswitchfalse
* \@reversemarginfalse
* (1in=72.27pt=25.4mm, 1cm=28.453pt)

(/usr/share/texmf-dist/tex/context/base/mkii/supp-pdf.mkii
[Loading MPS to PDF converter (version 2006.09.02).]
\scratchcounter=\count159
\scratchdimen=\dimen190
\scratchbox=\box55
\nofMPsegments=\count160
\nofMParguments=\count161
\everyMPshowfont=\toks45
\MPscratchCnt=\count162
\MPscratchDim=\dimen191
\MPnumerator=\count163
\makeMPintoPDFobject=\count164
\everyMPtoPDFconversion=\toks46
) (/usr/share/texmf-dist/tex/latex/oberdiek/epstopdf-base.sty
Package: epstopdf-base 2016/05/15 v2.6 Base part for package epstopdf

(/usr/share/texmf-dist/tex/latex/oberdiek/grfext.sty
Package: grfext 2016/05/16 v1.2 Manage graphics extensions (HO)
)
Package epstopdf-base Info: Redefining graphics rule for `.eps' on input line 4
38.
Package grfext Info: Graphics extension search list:
(grfext)             [.pdf,.png,.jpg,.mps,.jpeg,.jbig2,.jb2,.PDF,.PNG,.JPG,.JPE
G,.JBIG2,.JB2,.eps]
(grfext)             \AppendGraphicsExtensions on input line 456.

(/usr/share/texmf-dist/tex/latex/latexconfig/epstopdf-sys.cfg
File: epstopdf-sys.cfg 2010/07/13 v1.3 Configuration of (r)epstopdf for TeX Liv
e
))
ABD: EveryShipout initializing macros
\AtBeginShipoutBox=\box56
Package hyperref Info: Link coloring OFF on input line 29.

(/usr/share/texmf-dist/tex/latex/hyperref/nameref.sty
Package: nameref 2019/09/16 v2.46 Cross-referencing by name of section

(/usr/share/texmf-dist/tex/generic/oberdiek/gettitlestring.sty
Package: gettitlestring 2016/05/16 v1.5 Cleanup title references (HO)
)
\c@section@level=\count165
)
LaTeX Info: Redefining \ref on input line 29.
LaTeX Info: Redefining \pageref on input line 29.
LaTeX Info: Redefining \nameref on input line 29.

(./Rel_Aprs2.out) (./Rel_Aprs2.out)
\@outlinefile=\write5
\openout5 = `Rel_Aprs2.out'.

LaTeX Font Info:    Overwriting symbol font `operators' in version `normal'
(Font)                  OT1/cmr/m/n --> OT1/cmss/m/n on input line 29.
LaTeX Font Info:    Overwriting symbol font `operators' in version `bold'
(Font)                  OT1/cmr/bx/n --> OT1/cmss/bx/n on input line 29.
\symnumbers=\mathgroup6
\sympureletters=\mathgroup7
LaTeX Font Info:    Overwriting math alphabet `\mathrm' in version `normal'
(Font)                  OT1/cmss/m/n --> OT1/cmr/m/n on input line 29.
LaTeX Font Info:    Redeclaring math alphabet \mathbf on input line 29.
LaTeX Font Info:    Overwriting math alphabet `\mathbf' in version `normal'
(Font)                  OT1/cmr/bx/n --> OT1/cmss/bx/n on input line 29.
LaTeX Font Info:    Overwriting math alphabet `\mathbf' in version `bold'
(Font)                  OT1/cmr/bx/n --> OT1/cmss/bx/n on input line 29.
LaTeX Font Info:    Redeclaring math alphabet \mathsf on input line 29.
LaTeX Font Info:    Overwriting math alphabet `\mathsf' in version `normal'
(Font)                  OT1/cmss/m/n --> OT1/cmss/m/n on input line 29.
LaTeX Font Info:    Overwriting math alphabet `\mathsf' in version `bold'
(Font)                  OT1/cmss/bx/n --> OT1/cmss/m/n on input line 29.
LaTeX Font Info:    Redeclaring math alphabet \mathit on input line 29.
LaTeX Font Info:    Overwriting math alphabet `\mathit' in version `normal'
(Font)                  OT1/cmr/m/it --> OT1/cmss/m/it on input line 29.
LaTeX Font Info:    Overwriting math alphabet `\mathit' in version `bold'
(Font)                  OT1/cmr/bx/it --> OT1/cmss/m/it on input line 29.
LaTeX Font Info:    Redeclaring math alphabet \mathtt on input line 29.
LaTeX Font Info:    Overwriting math alphabet `\mathtt' in version `normal'
(Font)                  OT1/cmtt/m/n --> OT1/cmtt/m/n on input line 29.
LaTeX Font Info:    Overwriting math alphabet `\mathtt' in version `bold'
(Font)                  OT1/cmtt/m/n --> OT1/cmtt/m/n on input line 29.
LaTeX Font Info:    Overwriting symbol font `numbers' in version `bold'
(Font)                  OT1/cmss/m/n --> OT1/cmss/bx/n on input line 29.
LaTeX Font Info:    Overwriting symbol font `pureletters' in version `bold'
(Font)                  OT1/cmss/m/it --> OT1/cmss/bx/it on input line 29.
LaTeX Font Info:    Overwriting math alphabet `\mathrm' in version `bold'
(Font)                  OT1/cmss/bx/n --> OT1/cmr/bx/n on input line 29.
LaTeX Font Info:    Overwriting math alphabet `\mathbf' in version `bold'
(Font)                  OT1/cmss/bx/n --> OT1/cmss/bx/n on input line 29.
LaTeX Font Info:    Overwriting math alphabet `\mathsf' in version `bold'
(Font)                  OT1/cmss/m/n --> OT1/cmss/bx/n on input line 29.
LaTeX Font Info:    Overwriting math alphabet `\mathit' in version `bold'
(Font)                  OT1/cmss/m/it --> OT1/cmss/bx/it on input line 29.
LaTeX Font Info:    Overwriting math alphabet `\mathtt' in version `bold'
(Font)                  OT1/cmtt/m/n --> OT1/cmtt/bx/n on input line 29.
LaTeX Font Info:    Redeclaring symbol font `pureletters' on input line 29.
LaTeX Font Info:    Overwriting symbol font `pureletters' in version `normal'
(Font)                  OT1/cmss/m/it --> OT1/mathkerncmss/m/sl on input line 2
9.
LaTeX Font Info:    Overwriting symbol font `pureletters' in version `bold'
(Font)                  OT1/cmss/bx/it --> OT1/mathkerncmss/m/sl on input line 
29.
LaTeX Font Info:    Overwriting symbol font `pureletters' in version `bold'
(Font)                  OT1/mathkerncmss/m/sl --> OT1/mathkerncmss/bx/sl on inp
ut line 29.

(/usr/share/texmf-dist/tex/latex/translator/translator-basic-dictionary-English
.dict
Dictionary: translator-basic-dictionary, Language: English 
)
(/usr/share/texmf-dist/tex/latex/translator/translator-bibliography-dictionary-
English.dict
Dictionary: translator-bibliography-dictionary, Language: English 
)
(/usr/share/texmf-dist/tex/latex/translator/translator-environment-dictionary-E
nglish.dict
Dictionary: translator-environment-dictionary, Language: English 
)
(/usr/share/texmf-dist/tex/latex/translator/translator-months-dictionary-Englis
h.dict
Dictionary: translator-months-dictionary, Language: English 
)
(/usr/share/texmf-dist/tex/latex/translator/translator-numbers-dictionary-Engli
sh.dict
Dictionary: translator-numbers-dictionary, Language: English 
)
(/usr/share/texmf-dist/tex/latex/translator/translator-theorem-dictionary-Engli
sh.dict
Dictionary: translator-theorem-dictionary, Language: English 
) (./Rel_Aprs2.nav)
LaTeX Font Info:    Trying to load font information for U+msa on input line 35.

 (/usr/share/texmf-dist/tex/latex/amsfonts/umsa.fd
File: umsa.fd 2013/01/14 v3.01 AMS symbols A
)
LaTeX Font Info:    Trying to load font information for U+msb on input line 35.


(/usr/share/texmf-dist/tex/latex/amsfonts/umsb.fd
File: umsb.fd 2013/01/14 v3.01 AMS symbols B
)
LaTeX Font Info:    Trying to load font information for OT1+mathkerncmss on inp
ut line 35.

(/usr/share/texmf-dist/tex/latex/sansmathaccent/ot1mathkerncmss.fd
File: ot1mathkerncmss.fd 2013/03/27 Fontinst v1.933 font definitions for OT1/ma
thkerncmss.
)
<../Imagens/TP.jpg, id=76, 1194.864pt x 845.0772pt>
File: ../Imagens/TP.jpg Graphic file (type jpg)
<use ../Imagens/TP.jpg>
Package pdftex.def Info: ../Imagens/TP.jpg  used on input line 35.
(pdftex.def)             Requested size: 364.19536pt x 257.57408pt.
 [1

{/var/lib/texmf/fonts/map/pdftex/updmap/pdftex.map} <../Imagens/TP.jpg>]
<../BackGround4.jpg, id=111, 1194.864pt x 845.0772pt>
File: ../BackGround4.jpg Graphic file (type jpg)
<use ../BackGround4.jpg>
Package pdftex.def Info: ../BackGround4.jpg  used on input line 59.
(pdftex.def)             Requested size: 364.18686pt x 273.13814pt.
 [2

 <../BackGround4.jpg>]
File: ../BackGround4.jpg Graphic file (type jpg)
<use ../BackGround4.jpg>
Package pdftex.def Info: ../BackGround4.jpg  used on input line 59.
(pdftex.def)             Requested size: 364.18686pt x 273.13814pt.
 [3

]
File: ../BackGround4.jpg Graphic file (type jpg)
<use ../BackGround4.jpg>
Package pdftex.def Info: ../BackGround4.jpg  used on input line 59.
(pdftex.def)             Requested size: 364.18686pt x 273.13814pt.
 [4

]
File: ../BackGround4.jpg Graphic file (type jpg)
<use ../BackGround4.jpg>
Package pdftex.def Info: ../BackGround4.jpg  used on input line 59.
(pdftex.def)             Requested size: 364.18686pt x 273.13814pt.
 [5

]
File: ../BackGround4.jpg Graphic file (type jpg)
<use ../BackGround4.jpg>
Package pdftex.def Info: ../BackGround4.jpg  used on input line 59.
(pdftex.def)             Requested size: 364.18686pt x 273.13814pt.
 [6

]
File: ../BackGround4.jpg Graphic file (type jpg)
<use ../BackGround4.jpg>
Package pdftex.def Info: ../BackGround4.jpg  used on input line 59.
(pdftex.def)             Requested size: 364.18686pt x 273.13814pt.
 [7

]
File: ../BackGround4.jpg Graphic file (type jpg)
<use ../BackGround4.jpg>
Package pdftex.def Info: ../BackGround4.jpg  used on input line 99.
(pdftex.def)             Requested size: 364.18686pt x 273.13814pt.
 [8

]
File: ../BackGround4.jpg Graphic file (type jpg)
<use ../BackGround4.jpg>
Package pdftex.def Info: ../BackGround4.jpg  used on input line 99.
(pdftex.def)             Requested size: 364.18686pt x 273.13814pt.
 [9

]
File: ../BackGround4.jpg Graphic file (type jpg)
<use ../BackGround4.jpg>
Package pdftex.def Info: ../BackGround4.jpg  used on input line 99.
(pdftex.def)             Requested size: 364.18686pt x 273.13814pt.
 [10

]
<../Imagens/A2I1.png, id=354, 1083.04625pt x 1020.81375pt>
File: ../Imagens/A2I1.png Graphic file (type png)
<use ../Imagens/A2I1.png>
Package pdftex.def Info: ../Imagens/A2I1.png  used on input line 116.
(pdftex.def)             Requested size: 227.61168pt x 199.15912pt.

Overfull \vbox (21.01772pt too high) detected at line 116
 []

File: ../BackGround4.jpg Graphic file (type jpg)
<use ../BackGround4.jpg>
Package pdftex.def Info: ../BackGround4.jpg  used on input line 116.
(pdftex.def)             Requested size: 364.18686pt x 273.13814pt.
[11

 <../Imagens/A2I1.png>]
File: ../Imagens/A2I1.png Graphic file (type png)
<use ../Imagens/A2I1.png>
Package pdftex.def Info: ../Imagens/A2I1.png  used on input line 116.
(pdftex.def)             Requested size: 227.61168pt x 199.15912pt.

Overfull \vbox (21.01772pt too high) detected at line 116
 []

File: ../BackGround4.jpg Graphic file (type jpg)
<use ../BackGround4.jpg>
Package pdftex.def Info: ../BackGround4.jpg  used on input line 116.
(pdftex.def)             Requested size: 364.18686pt x 273.13814pt.
[12

]
File: ../Imagens/A2I1.png Graphic file (type png)
<use ../Imagens/A2I1.png>
Package pdftex.def Info: ../Imagens/A2I1.png  used on input line 116.
(pdftex.def)             Requested size: 227.61168pt x 199.15912pt.

Overfull \vbox (21.01772pt too high) detected at line 116
 []

File: ../BackGround4.jpg Graphic file (type jpg)
<use ../BackGround4.jpg>
Package pdftex.def Info: ../BackGround4.jpg  used on input line 116.
(pdftex.def)             Requested size: 364.18686pt x 273.13814pt.
[13

]
<../Imagens/A2I2.png, id=437, 297.11pt x 180.675pt>
File: ../Imagens/A2I2.png Graphic file (type png)
<use ../Imagens/A2I2.png>
Package pdftex.def Info: ../Imagens/A2I2.png  used on input line 132.
(pdftex.def)             Requested size: 178.26736pt x 108.40582pt.
File: ../BackGround4.jpg Graphic file (type jpg)
<use ../BackGround4.jpg>
Package pdftex.def Info: ../BackGround4.jpg  used on input line 132.
(pdftex.def)             Requested size: 364.18686pt x 273.13814pt.
 [14

 <../Imagens/A2I2.png>]
<../Imagens/A2I21.png, id=465, 556.0775pt x 429.605pt>
File: ../Imagens/A2I21.png Graphic file (type png)
<use ../Imagens/A2I21.png>
Package pdftex.def Info: ../Imagens/A2I21.png  used on input line 151.
(pdftex.def)             Requested size: 156.48975pt x 142.26172pt.
<../Imagens/A2I22.png, id=466, 633.36626pt x 594.22pt>
File: ../Imagens/A2I22.png Graphic file (type png)
<use ../Imagens/A2I22.png>
Package pdftex.def Info: ../Imagens/A2I22.png  used on input line 151.
(pdftex.def)             Requested size: 156.48561pt x 142.2621pt.
File: ../BackGround4.jpg Graphic file (type jpg)
<use ../BackGround4.jpg>
Package pdftex.def Info: ../BackGround4.jpg  used on input line 151.
(pdftex.def)             Requested size: 364.18686pt x 273.13814pt.
 [15

 <../Imagens/A2I21.png> <../Imagens/A2I22.png>]
<../Imagens/A2I31.png, id=496, 534.99875pt x 426.59375pt>
File: ../Imagens/A2I31.png Graphic file (type png)
<use ../Imagens/A2I31.png>
Package pdftex.def Info: ../Imagens/A2I31.png  used on input line 166.
(pdftex.def)             Requested size: 156.49261pt x 142.26698pt.
<../Imagens/A2I32.png, id=497, 624.3325pt x 626.34pt>
File: ../Imagens/A2I32.png Graphic file (type png)
<use ../Imagens/A2I32.png>
Package pdftex.def Info: ../Imagens/A2I32.png  used on input line 166.
(pdftex.def)             Requested size: 156.48285pt x 142.2584pt.
File: ../BackGround4.jpg Graphic file (type jpg)
<use ../BackGround4.jpg>
Package pdftex.def Info: ../BackGround4.jpg  used on input line 166.
(pdftex.def)             Requested size: 364.18686pt x 273.13814pt.
 [16

 <../Imagens/A2I31.png> <../Imagens/A2I32.png>]
<../Imagens/A2I41.png, id=526, 1741.50626pt x 931.48pt>
File: ../Imagens/A2I41.png Graphic file (type png)
<use ../Imagens/A2I41.png>
Package pdftex.def Info: ../Imagens/A2I41.png  used on input line 189.
(pdftex.def)             Requested size: 341.41261pt x 199.16988pt.
File: ../BackGround4.jpg Graphic file (type jpg)
<use ../BackGround4.jpg>
Package pdftex.def Info: ../BackGround4.jpg  used on input line 189.
(pdftex.def)             Requested size: 364.18686pt x 273.13814pt.
 [17

 <../Imagens/A2I41.png>]
<../Imagens/A2I42.png, id=554, 720.6925pt x 390.45876pt>
File: ../Imagens/A2I42.png Graphic file (type png)
<use ../Imagens/A2I42.png>
Package pdftex.def Info: ../Imagens/A2I42.png  used on input line 204.
(pdftex.def)             Requested size: 199.16428pt x 142.26305pt.
File: ../BackGround4.jpg Graphic file (type jpg)
<use ../BackGround4.jpg>
Package pdftex.def Info: ../BackGround4.jpg  used on input line 204.
(pdftex.def)             Requested size: 364.18686pt x 273.13814pt.
 [18

 <../Imagens/A2I42.png>]
<../Imagens/A2I51.png, id=582, 591.20876pt x 1041.8925pt>
File: ../Imagens/A2I51.png Graphic file (type png)
<use ../Imagens/A2I51.png>
Package pdftex.def Info: ../Imagens/A2I51.png  used on input line 234.
(pdftex.def)             Requested size: 109.3719pt x 192.74709pt.
File: ../BackGround4.jpg Graphic file (type jpg)
<use ../BackGround4.jpg>
Package pdftex.def Info: ../BackGround4.jpg  used on input line 234.
(pdftex.def)             Requested size: 364.18686pt x 273.13814pt.
 [19

 <../Imagens/A2I51.png>]
<../Imagens/A2I53.png, id=612, 683.55376pt x 795.97375pt>
File: ../Imagens/A2I53.png Graphic file (type png)
<use ../Imagens/A2I53.png>
Package pdftex.def Info: ../Imagens/A2I53.png  used on input line 249.
(pdftex.def)             Requested size: 170.88802pt x 198.99295pt.
File: ../BackGround4.jpg Graphic file (type jpg)
<use ../BackGround4.jpg>
Package pdftex.def Info: ../BackGround4.jpg  used on input line 249.
(pdftex.def)             Requested size: 364.18686pt x 273.13814pt.
 [20

 <../Imagens/A2I53.png>]
<../Imagens/A2I52.png, id=640, 675.52374pt x 456.70625pt>
File: ../Imagens/A2I52.png Graphic file (type png)
<use ../Imagens/A2I52.png>
Package pdftex.def Info: ../Imagens/A2I52.png  used on input line 264.
(pdftex.def)             Requested size: 202.65868pt x 137.01292pt.
File: ../BackGround4.jpg Graphic file (type jpg)
<use ../BackGround4.jpg>
Package pdftex.def Info: ../BackGround4.jpg  used on input line 264.
(pdftex.def)             Requested size: 364.18686pt x 273.13814pt.
 [21

 <../Imagens/A2I52.png>]
\openout4 = `Rel_Aprs2.vrb'.

 (./Rel_Aprs2.vrb
<../Imagens/A2I61.png, id=668, 607.26875pt x 415.5525pt>
File: ../Imagens/A2I61.png Graphic file (type png)
<use ../Imagens/A2I61.png>
Package pdftex.def Info: ../Imagens/A2I61.png  used on input line 11.
(pdftex.def)             Requested size: 242.9032pt x 166.21805pt.
)
File: ../BackGround4.jpg Graphic file (type jpg)
<use ../BackGround4.jpg>
Package pdftex.def Info: ../BackGround4.jpg  used on input line 282.
(pdftex.def)             Requested size: 364.18686pt x 273.13814pt.
 [22

 <../Imagens/A2I61.png>]
\openout4 = `Rel_Aprs2.vrb'.

 (./Rel_Aprs2.vrb
<../Imagens/A2I62.png, id=698, 630.355pt x 307.1475pt>
File: ../Imagens/A2I62.png Graphic file (type png)
<use ../Imagens/A2I62.png>
Package pdftex.def Info: ../Imagens/A2I62.png  used on input line 14.
(pdftex.def)             Requested size: 315.17673pt x 153.57336pt.
)
File: ../BackGround4.jpg Graphic file (type jpg)
<use ../BackGround4.jpg>
Package pdftex.def Info: ../BackGround4.jpg  used on input line 300.
(pdftex.def)             Requested size: 364.18686pt x 273.13814pt.
 [23

 <../Imagens/A2I62.png>]
\openout4 = `Rel_Aprs2.vrb'.

 (./Rel_Aprs2.vrb
<../Imagens/A2I71.png, id=727, 1021.8175pt x 196.735pt>
File: ../Imagens/A2I71.png Graphic file (type png)
<use ../Imagens/A2I71.png>
Package pdftex.def Info: ../Imagens/A2I71.png  used on input line 13.
(pdftex.def)             Requested size: 306.54762pt x 59.02094pt.
<../Imagens/A2I72.png, id=728, 883.3pt x 103.38625pt>
File: ../Imagens/A2I72.png Graphic file (type png)
<use ../Imagens/A2I72.png>
Package pdftex.def Info: ../Imagens/A2I72.png  used on input line 19.
(pdftex.def)             Requested size: 353.31374pt x 41.35376pt.

Overfull \hbox (11.01843pt too wide) in paragraph at lines 19--20
 [] 
 []

)
File: ../BackGround4.jpg Graphic file (type jpg)
<use ../BackGround4.jpg>
Package pdftex.def Info: ../BackGround4.jpg  used on input line 324.
(pdftex.def)             Requested size: 364.18686pt x 273.13814pt.
 [24

 <../Imagens/A2I71.png> <../Imagens/A2I72.png>]
<../Imagens/A2I91.png, id=757, 549.05125pt x 170.6375pt>
File: ../Imagens/A2I91.png Graphic file (type png)
<use ../Imagens/A2I91.png>
Package pdftex.def Info: ../Imagens/A2I91.png  used on input line 340.
(pdftex.def)             Requested size: 164.71664pt x 51.19164pt.
<../Imagens/A2I92.png, id=758, 1232.605pt x 514.92375pt>
File: ../Imagens/A2I92.png Graphic file (type png)
<use ../Imagens/A2I92.png>
Package pdftex.def Info: ../Imagens/A2I92.png  used on input line 340.
(pdftex.def)             Requested size: 283.49318pt x 118.42996pt.
File: ../BackGround4.jpg Graphic file (type jpg)
<use ../BackGround4.jpg>
Package pdftex.def Info: ../BackGround4.jpg  used on input line 340.
(pdftex.def)             Requested size: 364.18686pt x 273.13814pt.
 [25

 <../Imagens/A2I91.png> <../Imagens/A2I92.png>]
<../Imagens/A2I101.png, id=788, 807.015pt x 305.14pt>
File: ../Imagens/A2I101.png Graphic file (type png)
<use ../Imagens/A2I101.png>
Package pdftex.def Info: ../Imagens/A2I101.png  used on input line 360.
(pdftex.def)             Requested size: 322.80028pt x 122.05382pt.
File: ../BackGround4.jpg Graphic file (type jpg)
<use ../BackGround4.jpg>
Package pdftex.def Info: ../BackGround4.jpg  used on input line 360.
(pdftex.def)             Requested size: 364.18686pt x 273.13814pt.
 [26

 <../Imagens/A2I101.png>]
<../Imagens/A2I102.png, id=817, 1845.89626pt x 546.04pt>
File: ../Imagens/A2I102.png Graphic file (type png)
<use ../Imagens/A2I102.png>
Package pdftex.def Info: ../Imagens/A2I102.png  used on input line 381.
(pdftex.def)             Requested size: 369.17271pt x 109.20605pt.

Overfull \hbox (26.87741pt too wide) in paragraph at lines 381--381
 [] 
 []

File: ../BackGround4.jpg Graphic file (type jpg)
<use ../BackGround4.jpg>
Package pdftex.def Info: ../BackGround4.jpg  used on input line 381.
(pdftex.def)             Requested size: 364.18686pt x 273.13814pt.
[27

 <../Imagens/A2I102.png>]
<../Imagens/A2I103.png, id=845, 1309.89375pt x 908.39375pt>
File: ../Imagens/A2I103.png Graphic file (type png)
<use ../Imagens/A2I103.png>
Package pdftex.def Info: ../Imagens/A2I103.png  used on input line 401.
(pdftex.def)             Requested size: 196.47559pt x 136.25317pt.
File: ../BackGround4.jpg Graphic file (type jpg)
<use ../BackGround4.jpg>
Package pdftex.def Info: ../BackGround4.jpg  used on input line 401.
(pdftex.def)             Requested size: 364.18686pt x 273.13814pt.
 [28

 <../Imagens/A2I103.png>]
<../Imagens/A2I104.png, id=873, 848.16875pt x 264.99pt>
File: ../Imagens/A2I104.png Graphic file (type png)
<use ../Imagens/A2I104.png>
Package pdftex.def Info: ../Imagens/A2I104.png  used on input line 418.
(pdftex.def)             Requested size: 254.45258pt x 79.4976pt.
File: ../BackGround4.jpg Graphic file (type jpg)
<use ../BackGround4.jpg>
Package pdftex.def Info: ../BackGround4.jpg  used on input line 418.
(pdftex.def)             Requested size: 364.18686pt x 273.13814pt.
 [29

 <../Imagens/A2I104.png>]
\openout4 = `Rel_Aprs2.vrb'.

 (./Rel_Aprs2.vrb
<../Imagens/A2I111.png, id=901, 932.48375pt x 174.6525pt>
File: ../Imagens/A2I111.png Graphic file (type png)
<use ../Imagens/A2I111.png>
Package pdftex.def Info: ../Imagens/A2I111.png  used on input line 12.
(pdftex.def)             Requested size: 279.74728pt x 52.39615pt.
<../Imagens/A2I112.png, id=902, 632.3625pt x 134.5025pt>
File: ../Imagens/A2I112.png Graphic file (type png)
<use ../Imagens/A2I112.png>
Package pdftex.def Info: ../Imagens/A2I112.png  used on input line 17.
(pdftex.def)             Requested size: 252.94052pt x 53.80003pt.
)
File: ../BackGround4.jpg Graphic file (type jpg)
<use ../BackGround4.jpg>
Package pdftex.def Info: ../BackGround4.jpg  used on input line 441.
(pdftex.def)             Requested size: 364.18686pt x 273.13814pt.
 [30

 <../Imagens/A2I111.png> <../Imagens/A2I112.png>]
\openout4 = `Rel_Aprs2.vrb'.


(./Rel_Aprs2.vrb
<../Imagens/A2I122.png, id=933, 398.48875pt x 132.495pt>
File: ../Imagens/A2I122.png Graphic file (type png)
<use ../Imagens/A2I122.png>
Package pdftex.def Info: ../Imagens/A2I122.png  used on input line 13.
(pdftex.def)             Requested size: 239.0951pt x 79.49759pt.
)
File: ../BackGround4.jpg Graphic file (type jpg)
<use ../BackGround4.jpg>
Package pdftex.def Info: ../BackGround4.jpg  used on input line 460.
(pdftex.def)             Requested size: 364.18686pt x 273.13814pt.
 [31

 <../Imagens/A2I122.png>]
\openout4 = `Rel_Aprs2.vrb'.

 (./Rel_Aprs2.vrb
<../Imagens/A2I121.png, id=961, 939.51pt x 471.7625pt>
File: ../Imagens/A2I121.png Graphic file (type png)
<use ../Imagens/A2I121.png>
Package pdftex.def Info: ../Imagens/A2I121.png  used on input line 11.
(pdftex.def)             Requested size: 281.85518pt x 141.52983pt.
)
File: ../BackGround4.jpg Graphic file (type jpg)
<use ../BackGround4.jpg>
Package pdftex.def Info: ../BackGround4.jpg  used on input line 476.
(pdftex.def)             Requested size: 364.18686pt x 273.13814pt.
 [32

 <../Imagens/A2I121.png>]
\tf@nav=\write6
\openout6 = `Rel_Aprs2.nav'.

\tf@toc=\write7
\openout7 = `Rel_Aprs2.toc'.

\tf@snm=\write8
\openout8 = `Rel_Aprs2.snm'.

Package atveryend Info: Empty hook `BeforeClearDocument' on input line 495.
Package atveryend Info: Empty hook `AfterLastShipout' on input line 495.
 (./Rel_Aprs2.aux)
Package atveryend Info: Executing hook `AtVeryEndDocument' on input line 495.
Package atveryend Info: Executing hook `AtEndAfterFileList' on input line 495.
Package rerunfilecheck Info: File `Rel_Aprs2.out' has not changed.
(rerunfilecheck)             Checksum: 7A814691F0F550445308AEAB031E1C6B;758.
 ) 
Here is how much of TeX's memory you used:
 18677 strings out of 492167
 348318 string characters out of 6131558
 443650 words of memory out of 5000000
 22499 multiletter control sequences out of 15000+600000
 11620 words of font info for 43 fonts, out of 8000000 for 9000
 1141 hyphenation exceptions out of 8191
 58i,16n,57p,776b,718s stack positions out of 5000i,500n,10000p,200000b,80000s
</usr/share/texmf-dist/fonts/type1/public/amsfonts/cm/cmss10.pfb></usr/share/
texmf-dist/fonts/type1/public/amsfonts/cm/cmss12.pfb></usr/share/texmf-dist/fon
ts/type1/public/amsfonts/cm/cmss17.pfb></usr/share/texmf-dist/fonts/type1/publi
c/amsfonts/cm/cmss8.pfb></usr/share/texmf-dist/fonts/type1/public/amsfonts/cm/c
mssbx10.pfb></usr/share/texmf-dist/fonts/type1/public/amsfonts/cm/cmtt10.pfb></
usr/share/texmf-dist/fonts/type1/public/amsfonts/cm/cmtt12.pfb>
Output written on Rel_Aprs2.pdf (32 pages, 7047184 bytes).
PDF statistics:
 1033 PDF objects out of 1200 (max. 8388607)
 917 compressed objects within 10 object streams
 79 named destinations out of 1000 (max. 500000)
 326 words of extra memory for PDF output out of 10000 (max. 10000000)

